#
# A fatal error has been detected by the Java Runtime Environment:
#
#  EXCEPTION_ACCESS_VIOLATION (0xc0000005) at pc=0x00007ffaecba880f, pid=10632, tid=8240
#
# JRE version: Java(TM) SE Runtime Environment (9.0+11) (build 9.0.4+11)
# Java VM: Java HotSpot(TM) 64-Bit Server VM (9.0.4+11, mixed mode, tiered, compressed oops, g1 gc, windows-amd64)
# Problematic frame:
# C  [librdi_common.dll+0x17880f]
#
# No core dump will be written. Minidumps are not enabled by default on client versions of Windows
#
# If you would like to submit a bug report, please visit:
#   http://bugreport.java.com/bugreport/crash.jsp
# The crash happened outside the Java Virtual Machine in native code.
# See problematic frame for where to report the bug.
#

---------------  S U M M A R Y ------------

Command Line: -Dsun.java2d.pmoffscreen=false -Dsun.java2d.xrender=false -Dsun.java2d.d3d=false -Dsun.awt.nopixfmt=true -Dsun.java2d.dpiaware=true -Dsun.java2d.uiScale.enabled=false -Xverify:none -Dswing.aatext=true -XX:-UsePerfData -Djdk.map.althashing.threshold=512 -XX:StringTableSize=4072 --add-opens=java.base/java.nio=ALL-UNNAMED --add-opens=java.desktop/sun.swing=ALL-UNNAMED --add-opens=java.desktop/javax.swing=ALL-UNNAMED --add-opens=java.desktop/javax.swing.tree=ALL-UNNAMED --add-opens=java.desktop/javax.swing.plaf.basic=ALL-UNNAMED --add-opens=java.desktop/javax.swing.plaf.synth=ALL-UNNAMED --add-opens=java.desktop/com.sun.awt=ALL-UNNAMED -XX:NewSize=60m -XX:MaxNewSize=60m -Xms128m -Xmx3072m -Xss5m 

Host: 11th Gen Intel(R) Core(TM) i7-11370H @ 3.30GHz, 8 cores, 15G,  Windows 10 , 64 bit Build 22621 (10.0.22621.3958)
Time: Fri Aug 16 17:51:18 2024 India Standard Time elapsed time: 7416 seconds (0d 2h 3m 36s)

---------------  T H R E A D  ---------------

Current thread (0x000002049be0c000):  JavaThread "AWT-EventQueue-1" [_thread_in_native, id=8240, stack(0x000000bf9d400000,0x000000bf9d900000)]

Stack: [0x000000bf9d400000,0x000000bf9d900000],  sp=0x000000bf9d8fa6a0,  free space=5097k
Native frames: (J=compiled Java code, j=interpreted, Vv=VM code, C=native code)
C  [librdi_common.dll+0x17880f]
C  [librdi_common.dll+0x81bcd]
C  [librdi_wavedata.dll+0x1d9e1e]
C  [librdi_wavedata.dll+0x2375c5]
C  [librdi_wavedata.dll+0x2637a3]
C  [librdi_wavedata.dll+0x263f6f]
C  [librdi_wavedata.dll+0x237fb3]
C  [librdi_wavedata.dll+0x238032]
C  [librdi_wavedata.dll+0x2380d1]
C  [librdi_wavedata.dll+0x22f840]
C  [librdi_wavedata.dll+0x26ba6f]
C  0x000002048f61f93a

Java frames: (J=compiled Java code, j=interpreted, Vv=VM code)
J 17581  ui.views.waveform.waveformi.WVExecutive_getValueDataSize(J)J (0 bytes) @ 0x000002048f61f8a1 [0x000002048f61f860+0x0000000000000041]
J 22517 c2 ui.views.waveform.m.gyT()V (25 bytes) @ 0x000002048fc12dbc [0x000002048fc12ca0+0x000000000000011c]
J 22503 c2 ui.views.waveform.w.cPh()V (38 bytes) @ 0x000002048fbfbd98 [0x000002048fbf96a0+0x00000000000026f8]
J 21625 c2 ui.views.waveform.c.b.j(Lui/frmwork/b/i;)V (589 bytes) @ 0x000002048fac1908 [0x000002048fabfa40+0x0000000000001ec8]
J 21172 c2 ui.views.waveform.w.a(Lui/frmwork/b/i;)V (17 bytes) @ 0x000002048edb20e4 [0x000002048edb20a0+0x0000000000000044]
J 19412 c2 ui.frmwork.b.l.d(Lui/frmwork/b/i;)V (61 bytes) @ 0x000002048f891fc0 [0x000002048f891d60+0x0000000000000260]
J 17925 c2 ui.frmwork.HTclEventBroker.i(JZ)V (471 bytes) @ 0x000002048eed7280 [0x000002048eed5ac0+0x00000000000017c0]
J 19415 c2 ui.frmwork.HTclEventBroker.fireTclEvent(J)I (113 bytes) @ 0x000002048f89582c [0x000002048f895000+0x000000000000082c]
v  ~StubRoutines::call_stub
J 16625  ui.views.waveform.waveformi.WVExecutive_mouseMoveEvent(JII)V (0 bytes) @ 0x000002048f4b48a9 [0x000002048f4b4860+0x0000000000000049]
J 19445 c2 ui.views.waveform.b.a.mouseMoved(Ljava/awt/event/MouseEvent;)V (32 bytes) @ 0x000002048f8ac30c [0x000002048f8ac2a0+0x000000000000006c]
J 16332 c2 java.awt.AWTEventMulticaster.mouseMoved(Ljava/awt/event/MouseEvent;)V java.desktop@9.0.4 (27 bytes) @ 0x000002048f4385f4 [0x000002048f438540+0x00000000000000b4]
J 16332 c2 java.awt.AWTEventMulticaster.mouseMoved(Ljava/awt/event/MouseEvent;)V java.desktop@9.0.4 (27 bytes) @ 0x000002048f4385b4 [0x000002048f438540+0x0000000000000074]
J 19444 c2 ui.frmwork.c.i.processMouseMotionEvent(Ljava/awt/event/MouseEvent;)V (131 bytes) @ 0x000002048f8ab3a4 [0x000002048f8ab060+0x0000000000000344]
J 20464 c2 java.awt.Container.processEvent(Ljava/awt/AWTEvent;)V java.desktop@9.0.4 (22 bytes) @ 0x000002048f4487a4 [0x000002048f448620+0x0000000000000184]
J 22698 c2 java.awt.Component.dispatchEventImpl(Ljava/awt/AWTEvent;)V java.desktop@9.0.4 (739 bytes) @ 0x000002048fc724d8 [0x000002048fc71cc0+0x0000000000000818]
J 22650 c2 java.awt.Container.dispatchEventImpl(Ljava/awt/AWTEvent;)V java.desktop@9.0.4 (129 bytes) @ 0x000002048fc55ec4 [0x000002048fc55d60+0x0000000000000164]
J 15468 c2 java.awt.LightweightDispatcher.retargetMouseEvent(Ljava/awt/Component;ILjava/awt/event/MouseEvent;)V java.desktop@9.0.4 (350 bytes) @ 0x000002048f2ee740 [0x000002048f2ee1e0+0x0000000000000560]
J 17519 c2 java.awt.LightweightDispatcher.processMouseEvent(Ljava/awt/event/MouseEvent;)Z java.desktop@9.0.4 (265 bytes) @ 0x000002048f60a458 [0x000002048f609cc0+0x0000000000000798]
J 22650 c2 java.awt.Container.dispatchEventImpl(Ljava/awt/AWTEvent;)V java.desktop@9.0.4 (129 bytes) @ 0x000002048fc55e18 [0x000002048fc55d60+0x00000000000000b8]
J 17466 c2 java.awt.Window.dispatchEventImpl(Ljava/awt/AWTEvent;)V java.desktop@9.0.4 (23 bytes) @ 0x000002048f5fb18c [0x000002048f5fb140+0x000000000000004c]
J 14412 c2 java.awt.EventQueue$3.run()Ljava/lang/Object; java.desktop@9.0.4 (5 bytes) @ 0x000002048f205c3c [0x000002048f205a80+0x00000000000001bc]
v  ~StubRoutines::call_stub
J 2999  java.security.AccessController.doPrivileged(Ljava/security/PrivilegedAction;Ljava/security/AccessControlContext;)Ljava/lang/Object; java.base@9.0.4 (0 bytes) @ 0x000002048e7b5d46 [0x000002048e7b5ce0+0x0000000000000066]
J 16331 c2 java.awt.EventQueue$4.run()Ljava/lang/Object; java.desktop@9.0.4 (5 bytes) @ 0x000002048f437ec0 [0x000002048f437c60+0x0000000000000260]
v  ~StubRoutines::call_stub
J 2999  java.security.AccessController.doPrivileged(Ljava/security/PrivilegedAction;Ljava/security/AccessControlContext;)Ljava/lang/Object; java.base@9.0.4 (0 bytes) @ 0x000002048e7b5d46 [0x000002048e7b5ce0+0x0000000000000066]
J 16036 c2 ui.frmwork.b.d.dispatchEvent(Ljava/awt/AWTEvent;)V (34 bytes) @ 0x000002048f3f4434 [0x000002048f3f40a0+0x0000000000000394]
J 16859 c2 java.awt.EventDispatchThread.pumpOneEventForFilters(I)V java.desktop@9.0.4 (218 bytes) @ 0x000002048f4ef628 [0x000002048f4ef380+0x00000000000002a8]
J 19076% c2 java.awt.EventDispatchThread.pumpEventsForFilter(ILjava/awt/Conditional;Ljava/awt/EventFilter;)V java.desktop@9.0.4 (47 bytes) @ 0x000002048f81a4d8 [0x000002048f81a3c0+0x0000000000000118]
j  java.awt.EventDispatchThread.pumpEventsForHierarchy(ILjava/awt/Conditional;Ljava/awt/Component;)V+11 java.desktop@9.0.4
j  java.awt.EventDispatchThread.pumpEvents(ILjava/awt/Conditional;)V+4 java.desktop@9.0.4
j  java.awt.EventDispatchThread.pumpEvents(Ljava/awt/Conditional;)V+3 java.desktop@9.0.4
j  java.awt.EventDispatchThread.run()V+9 java.desktop@9.0.4
v  ~StubRoutines::call_stub

siginfo: EXCEPTION_ACCESS_VIOLATION (0xc0000005), reading address 0xffffffffffffffff


Register to memory mapping:

RIP=0x00007ffaecba880f librdi_common.dll
RAX=0x00000204efa7ca01 is an unknown value
RBX=0x000000bf9d8fa760 is pointing into the stack for thread: 0x000002049be0c000
RCX=0x00000204efa7ca40 is an unknown value
RDX=0x90067cff7c08705b is an unknown value
RSP=0x000000bf9d8fa6a0 is pointing into the stack for thread: 0x000002049be0c000
RBP=0x000000bf9d8fa9b0 is pointing into the stack for thread: 0x000002049be0c000
RSI=0x0000000000000000 is an unknown value
RDI=0x90067cff7c08705b is an unknown value
R8 =0x00007ffadc5137dc librdi_wavedata.dll
R9 =0x0000000000000000 is an unknown value
R10=0x0000000000000001 is an unknown value
R11=0x000000bf9d8fa728 is pointing into the stack for thread: 0x000002049be0c000
R12=0x0000000000000000 is an unknown value
R13=0x0000000000000000 is an unknown value
R14=0x000002049d2eb080 is an unknown value
R15=0x0029fee7aff6bb60 is an unknown value


Registers:
RAX=0x00000204efa7ca01, RBX=0x000000bf9d8fa760, RCX=0x00000204efa7ca40, RDX=0x90067cff7c08705b
RSP=0x000000bf9d8fa6a0, RBP=0x000000bf9d8fa9b0, RSI=0x0000000000000000, RDI=0x90067cff7c08705b
R8 =0x00007ffadc5137dc, R9 =0x0000000000000000, R10=0x0000000000000001, R11=0x000000bf9d8fa728
R12=0x0000000000000000, R13=0x0000000000000000, R14=0x000002049d2eb080, R15=0x0029fee7aff6bb60
RIP=0x00007ffaecba880f, EFLAGS=0x0000000000010202

Top of Stack: (sp=0x000000bf9d8fa6a0)
0x000000bf9d8fa6a0:   0000000000000000 000000000000000f
0x000000bf9d8fa6b0:   00000204aae61900 000000bf9d8fa760
0x000000bf9d8fa6c0:   0000000000000000 fffffffffffffffe
0x000000bf9d8fa6d0:   00007ffadc526700 00007ffb58d74de8
0x000000bf9d8fa6e0:   0000000000000000 000000000000000f
0x000000bf9d8fa6f0:   0000000065757200 0000000000000000
0x000000bf9d8fa700:   0000000000000000 000000000000000f
0x000000bf9d8fa710:   0000b773268b7edf 00007ffb58d74dc0
0x000000bf9d8fa720:   000000bf9d8fa8c0 00007ffaecab1bcd
0x000000bf9d8fa730:   00007ffadc513798 000002049d2eb080
0x000000bf9d8fa740:   000002049d2eb080 000002049d101560
0x000000bf9d8fa750:   000002049d2eb080 fffffffffffffffe
0x000000bf9d8fa760:   00000204edd20000 00007ffadc2a8c87
0x000000bf9d8fa770:   0029fee7aff6bb60 000002049d2eb080
0x000000bf9d8fa780:   0000b773268b7f4f 0000000000000000
0x000000bf9d8fa790:   0000000000000000 00007ffadc2a9e1e 

Instructions: (pc=0x00007ffaecba880f)
0x00007ffaecba87ef:   6e 00 cc 48 83 f9 27 76 07 ff 15 e2 64 6e 00 cc
0x00007ffaecba87ff:   48 8b c8 e8 c9 b4 5a 00 48 8b c3 e9 1c 01 00 00
0x00007ffaecba880f:   48 8b 4f 50 48 85 c9 0f 84 ff 00 00 00 48 8d 54
0x00007ffaecba881f:   24 50 e8 ba e3 04 00 48 8b d0 48 8d 4c 24 30 e8 



---------------  P R O C E S S  ---------------

Java Threads: ( => current thread )
  0x00000204b3032000 JavaThread "Relaunch Simulation" [_thread_in_native, id=19236, stack(0x000000bfa1f00000,0x000000bfa2400000)]
  0x00000204b302d800 JavaThread "Thread-9870" [_thread_in_native, id=2396, stack(0x000000bf95900000,0x000000bf95a00000)]
  0x00000204b3034000 JavaThread "Thread-9854" [_thread_in_native, id=20164, stack(0x000000bf95900000,0x000000bf95a00000)]
  0x00000204b3033800 JavaThread "Monitor File Timestamp Swing Worker" [_thread_blocked, id=19820, stack(0x000000bfa3300000,0x000000bfa3800000)]
  0x00000204b3032800 JavaThread "Timer-7" [_thread_blocked, id=9516, stack(0x000000bfa2e00000,0x000000bfa3300000)]
  0x00000204ad979000 JavaThread "Thread-4771" [_thread_in_native, id=8916, stack(0x000000bf9c700000,0x000000bf9c800000)]
  0x00000204ad973000 JavaThread "Thread-4553" [_thread_in_native, id=20268, stack(0x000000bf95900000,0x000000bf95a00000)]
  0x000002049f605000 JavaThread "Thread-3462" [_thread_in_native, id=18120, stack(0x000000bf95900000,0x000000bf95a00000)]
  0x000002049f605800 JavaThread "Monitor File Timestamp Swing Worker" [_thread_blocked, id=14684, stack(0x000000bfa5600000,0x000000bfa5b00000)]
  0x000002049f604000 JavaThread "Timer-6" [_thread_blocked, id=1636, stack(0x000000bfa5100000,0x000000bfa5600000)]
  0x00000204ad97b000 JavaThread "Monitor File Timestamp Swing Worker" [_thread_blocked, id=10404, stack(0x000000bfa4700000,0x000000bfa4c00000)]
  0x00000204ad97a800 JavaThread "Timer-5" [_thread_blocked, id=11584, stack(0x000000bfa4200000,0x000000bfa4700000)]
  0x00000204ad979800 JavaThread "Monitor File Timestamp Swing Worker" [_thread_blocked, id=15348, stack(0x000000bfa3d00000,0x000000bfa4200000)]
  0x00000204ad975000 JavaThread "Timer-4" [_thread_blocked, id=19864, stack(0x000000bfa3800000,0x000000bfa3d00000)]
  0x00000204ad977800 JavaThread "Monitor File Timestamp Swing Worker" [_thread_blocked, id=16288, stack(0x000000bfa2900000,0x000000bfa2e00000)]
  0x00000204ad976800 JavaThread "Timer-2" [_thread_blocked, id=3940, stack(0x000000bfa2400000,0x000000bfa2900000)]
  0x00000204ad971800 JavaThread "Thread-2057" [_thread_in_native, id=16668, stack(0x000000bf9c700000,0x000000bf9c800000)]
  0x00000204ad973800 JavaThread "Thread-1515" [_thread_in_native, id=14984, stack(0x000000bf95900000,0x000000bf95a00000)]
  0x00000204ad976000 JavaThread "SyntheticaAnimation 50" daemon [_thread_blocked, id=8424, stack(0x000000bf9f500000,0x000000bf9fa00000)]
  0x00000204ad96d800 JavaThread "Thread-951" [_thread_in_native, id=8664, stack(0x000000bf95a00000,0x000000bf95b00000)]
  0x00000204ad974800 JavaThread "Monitor File Timestamp Swing Worker" [_thread_blocked, id=19584, stack(0x000000bfa1a00000,0x000000bfa1f00000)]
  0x00000204ad96e800 JavaThread "Timer-1" [_thread_blocked, id=19968, stack(0x000000bfa0e00000,0x000000bfa1300000)]
  0x00000204ad96f000 JavaThread "Thread-121" [_thread_in_native, id=14036, stack(0x000000bf95b00000,0x000000bf95c00000)]
  0x00000204ad96c000 JavaThread "Thread-89" [_thread_in_native, id=6672, stack(0x000000bfa1c00000,0x000000bfa1d00000)]
  0x000002049d1a0000 JavaThread "SyntheticaAnimation 50" daemon [_thread_blocked, id=15588, stack(0x000000bfa1500000,0x000000bfa1a00000)]
  0x000002049f60b000 JavaThread "Image Animator 3" daemon [_thread_blocked, id=18348, stack(0x000000bfa0900000,0x000000bfa0e00000)]
  0x000002049f609800 JavaThread "hw_ila_monitor" [_thread_blocked, id=6572, stack(0x000000bfa0400000,0x000000bfa0900000)]
  0x000002049d1a1800 JavaThread "Update Runs Swing Worker" [_thread_blocked, id=9480, stack(0x000000bf9ff00000,0x000000bfa0400000)]
  0x000002049d19d800 JavaThread "Refresh Filesets Swing Worker" [_thread_blocked, id=956, stack(0x000000bf9d900000,0x000000bf9de00000)]
  0x000002049d1a4800 JavaThread "SyntheticaAnimation 70" daemon [_thread_blocked, id=3952, stack(0x000000bf9fa00000,0x000000bf9ff00000)]
  0x000002049d19f000 JavaThread "SyntheticaAnimation 25" daemon [_thread_blocked, id=4012, stack(0x000000bf9f000000,0x000000bf9f500000)]
  0x000002049d1a3800 JavaThread "SyntheticaAnimation 50" daemon [_thread_blocked, id=1996, stack(0x000000bf9eb00000,0x000000bf9f000000)]
  0x000002049d19e800 JavaThread "Monitor HEventQueue" [_thread_blocked, id=876, stack(0x000000bf9e600000,0x000000bf9eb00000)]
  0x000002049d1a3000 JavaThread "Batik CleanerThread" daemon [_thread_blocked, id=12972, stack(0x000000bf9de00000,0x000000bf9e300000)]
  0x000002049d1a0800 JavaThread "SyntheticaCleanerThread" daemon [_thread_blocked, id=1052, stack(0x000000bf9ca00000,0x000000bf9cf00000)]
=>0x000002049be0c000 JavaThread "AWT-EventQueue-1" [_thread_in_native, id=8240, stack(0x000000bf9d400000,0x000000bf9d900000)]
  0x000002049b43b000 JavaThread "Process Messages" [_thread_blocked, id=2028, stack(0x000000bf9cf00000,0x000000bf9d400000)]
  0x000002049bdfa000 JavaThread "Thread-1" [_thread_in_native, id=9384, stack(0x000000bf95d00000,0x000000bf97100000)]
  0x000002049b8a7000 JavaThread "TimerQueue" daemon [_thread_blocked, id=18900, stack(0x000000bf9c000000,0x000000bf9c500000)]
  0x00000204f9d8f000 JavaThread "AWT-Windows" daemon [_thread_in_native, id=20400, stack(0x000000bf9bb00000,0x000000bf9c000000)]
  0x00000204f9d8e000 JavaThread "AWT-Shutdown" [_thread_blocked, id=14432, stack(0x000000bf9b600000,0x000000bf9bb00000)]
  0x00000204f9d8d800 JavaThread "Java2D Disposer" daemon [_thread_blocked, id=6208, stack(0x000000bf9b100000,0x000000bf9b600000)]
  0x00000204f7fee000 JavaThread "Service Thread" daemon [_thread_blocked, id=20176, stack(0x000000bf9ab00000,0x000000bf9b000000)]
  0x00000204f7908000 JavaThread "Common-Cleaner" daemon [_thread_blocked, id=8660, stack(0x000000bf9a600000,0x000000bf9ab00000)]
  0x00000204f4628000 JavaThread "Sweeper thread" daemon [_thread_blocked, id=8044, stack(0x000000bf9a100000,0x000000bf9a600000)]
  0x00000204f4627800 JavaThread "C1 CompilerThread3" daemon [_thread_blocked, id=17960, stack(0x000000bf9a000000,0x000000bf9a100000)]
  0x00000204f82ed000 JavaThread "C2 CompilerThread2" daemon [_thread_blocked, id=6772, stack(0x000000bf99f00000,0x000000bf9a000000)]
  0x00000204f82ec800 JavaThread "C2 CompilerThread1" daemon [_thread_blocked, id=9676, stack(0x000000bf99e00000,0x000000bf99f00000)]
  0x00000204f61e7800 JavaThread "C2 CompilerThread0" daemon [_thread_blocked, id=10260, stack(0x000000bf99d00000,0x000000bf99e00000)]
  0x00000204f7977800 JavaThread "Attach Listener" daemon [_thread_blocked, id=13460, stack(0x000000bf99800000,0x000000bf99d00000)]
  0x00000204edeaf000 JavaThread "Signal Dispatcher" daemon [_thread_blocked, id=8220, stack(0x000000bf99300000,0x000000bf99800000)]
  0x00000204f9479800 JavaThread "Finalizer" daemon [_thread_blocked, id=16204, stack(0x000000bf98e00000,0x000000bf99300000)]
  0x00000204f4435000 JavaThread "Reference Handler" daemon [_thread_blocked, id=8952, stack(0x000000bf98900000,0x000000bf98e00000)]
  0x00000204f7c57800 JavaThread "main" [_thread_blocked, id=4424, stack(0x000000bf95c00000,0x000000bf95d00000)]

Other Threads:
  0x00000204f4434000 VMThread "VM Thread" [stack: 0x000000bf98800000,0x000000bf98900000] [id=10612]
  0x00000204f9603000 WatcherThread [stack: 0x000000bf9b000000,0x000000bf9b100000] [id=19344]
  0x00000204f7c58000 GCTaskThread "GC Thread#0" [stack: 0x000000bf97400000,0x000000bf97500000] [id=19876]
  0x00000204f59d4800 GCTaskThread "GC Thread#1" [stack: 0x000000bf97500000,0x000000bf97600000] [id=2188]
  0x00000204f59d2800 GCTaskThread "GC Thread#2" [stack: 0x000000bf97600000,0x000000bf97700000] [id=8452]
  0x00000204f59d4000 GCTaskThread "GC Thread#3" [stack: 0x000000bf97700000,0x000000bf97800000] [id=14172]
  0x00000204f59d3000 GCTaskThread "GC Thread#4" [stack: 0x000000bf97800000,0x000000bf97900000] [id=14444]
  0x00000204f59d1800 GCTaskThread "GC Thread#5" [stack: 0x000000bf97900000,0x000000bf97a00000] [id=20384]
  0x00000204f59d2000 GCTaskThread "GC Thread#6" [stack: 0x000000bf97a00000,0x000000bf97b00000] [id=2492]
  0x00000204f3ec3800 GCTaskThread "GC Thread#7" [stack: 0x000000bf97b00000,0x000000bf97c00000] [id=1940]
  0x00000204f7315000 ConcurrentGCThread "G1 Main Marker" [stack: 0x000000bf98500000,0x000000bf98600000] [id=696]
  0x00000204f3ebe800 ConcurrentGCThread "G1 Marker#0" [stack: 0x000000bf98600000,0x000000bf98700000] [id=17524]
  0x00000204f3ebf800 ConcurrentGCThread "G1 Marker#1" [stack: 0x000000bf98700000,0x000000bf98800000] [id=1560]
  0x00000204f5e82800 ConcurrentGCThread "G1 Refine#0" [stack: 0x000000bf98300000,0x000000bf98400000] [id=9468]
  0x00000204f40f5000 ConcurrentGCThread "G1 Refine#1" [stack: 0x000000bf98200000,0x000000bf98300000] [id=15788]
  0x00000204f7be6800 ConcurrentGCThread "G1 Refine#2" [stack: 0x000000bf98100000,0x000000bf98200000] [id=17984]
  0x00000204f7b37000 ConcurrentGCThread "G1 Refine#3" [stack: 0x000000bf98000000,0x000000bf98100000] [id=11376]
  0x00000204f7b36800 ConcurrentGCThread "G1 Refine#4" [stack: 0x000000bf97f00000,0x000000bf98000000] [id=3076]
  0x00000204f7254800 ConcurrentGCThread "G1 Refine#5" [stack: 0x000000bf97e00000,0x000000bf97f00000] [id=5028]
  0x00000204f75f1800 ConcurrentGCThread "G1 Refine#6" [stack: 0x000000bf97d00000,0x000000bf97e00000] [id=12204]
  0x00000204f7849000 ConcurrentGCThread "G1 Refine#7" [stack: 0x000000bf97c00000,0x000000bf97d00000] [id=15108]
  0x00000204f5e83000 ConcurrentGCThread "G1 Young RemSet Sampling" [stack: 0x000000bf98400000,0x000000bf98500000] [id=656]

Threads with active compile tasks:

VM state:not at safepoint (normal execution)

VM Mutex/Monitor currently owned by a thread: None

Heap address: 0x0000000700000000, size: 3072 MB, Compressed Oops mode: Zero based, Oop shift amount: 3
Narrow klass base: 0x0000000000000000, Narrow klass shift: 3
Compressed class space size: 1073741824 Address: 0x00000007c0000000

Heap:
 garbage-first heap   total 219136K, used 124055K [0x0000000700000000, 0x00000007001006b0, 0x00000007c0000000)
  region size 1024K, 55 young (56320K), 1 survivors (1024K)
 Metaspace       used 79239K, capacity 81752K, committed 86528K, reserved 1124352K
  class space    used 10312K, capacity 10808K, committed 11776K, reserved 1048576K
Heap Regions: E=young(eden), S=young(survivor), O=old, HS=humongous(starts), HC=humongous(continues), CS=collection set, F=free, A=archive, TS=gc time stamp, AC=allocation context, TAMS=top-at-mark-start (previous, next)
|   0|0x0000000700000000, 0x0000000700100000, 0x0000000700100000|100%|HS|  |TS  0|AC  0|TAMS 0x0000000700000000, 0x0000000700000000|
|   1|0x0000000700100000, 0x0000000700200000, 0x0000000700200000|100%|HS|  |TS  0|AC  0|TAMS 0x0000000700100000, 0x0000000700100000|
|   2|0x0000000700200000, 0x0000000700300000, 0x0000000700300000|100%|HC|  |TS  0|AC  0|TAMS 0x0000000700200000, 0x0000000700200000|
|   3|0x0000000700300000, 0x0000000700400000, 0x0000000700400000|100%|HS|  |TS  0|AC  0|TAMS 0x0000000700300000, 0x0000000700300000|
|   4|0x0000000700400000, 0x00000007004ffff8, 0x0000000700500000| 99%| O|  |TS  0|AC  0|TAMS 0x0000000700400000, 0x0000000700400000|
|   5|0x0000000700500000, 0x0000000700600000, 0x0000000700600000|100%| O|  |TS  0|AC  0|TAMS 0x0000000700500000, 0x0000000700500000|
|   6|0x0000000700600000, 0x0000000700700000, 0x0000000700700000|100%| O|  |TS  0|AC  0|TAMS 0x0000000700600000, 0x0000000700600000|
|   7|0x0000000700700000, 0x00000007007f8798, 0x0000000700800000| 97%| O|  |TS  0|AC  0|TAMS 0x0000000700700000, 0x0000000700700000|
|   8|0x0000000700800000, 0x00000007008ffff8, 0x0000000700900000| 99%| O|  |TS  0|AC  0|TAMS 0x0000000700800000, 0x0000000700800000|
|   9|0x0000000700900000, 0x00000007009fffe8, 0x0000000700a00000| 99%| O|  |TS  0|AC  0|TAMS 0x0000000700900000, 0x0000000700900000|
|  10|0x0000000700a00000, 0x0000000700afe878, 0x0000000700b00000| 99%| O|  |TS  0|AC  0|TAMS 0x0000000700a00000, 0x0000000700a00000|
|  11|0x0000000700b00000, 0x0000000700bee2d0, 0x0000000700c00000| 93%| O|  |TS  0|AC  0|TAMS 0x0000000700b00000, 0x0000000700b00000|
|  12|0x0000000700c00000, 0x0000000700cf69e8, 0x0000000700d00000| 96%| O|  |TS  0|AC  0|TAMS 0x0000000700c00000, 0x0000000700c00000|
|  13|0x0000000700d00000, 0x0000000700dc1c90, 0x0000000700e00000| 75%| O|  |TS  0|AC  0|TAMS 0x0000000700d00000, 0x0000000700d00000|
|  14|0x0000000700e00000, 0x0000000700f00000, 0x0000000700f00000|100%| O|  |TS  0|AC  0|TAMS 0x0000000700e00000, 0x0000000700e00000|
|  15|0x0000000700f00000, 0x0000000701000000, 0x0000000701000000|100%| O|  |TS  0|AC  0|TAMS 0x0000000700f00000, 0x0000000700f00000|
|  16|0x0000000701000000, 0x00000007010ffff8, 0x0000000701100000| 99%| O|  |TS  0|AC  0|TAMS 0x0000000701000000, 0x0000000701000000|
|  17|0x0000000701100000, 0x0000000701200000, 0x0000000701200000|100%| O|  |TS  0|AC  0|TAMS 0x0000000701100000, 0x0000000701100000|
|  18|0x0000000701200000, 0x00000007012ff030, 0x0000000701300000| 99%| O|  |TS  0|AC  0|TAMS 0x0000000701200000, 0x0000000701200000|
|  19|0x0000000701300000, 0x00000007013fffb0, 0x0000000701400000| 99%| O|  |TS  0|AC  0|TAMS 0x0000000701300000, 0x0000000701300000|
|  20|0x0000000701400000, 0x0000000701500000, 0x0000000701500000|100%| O|  |TS  0|AC  0|TAMS 0x0000000701400000, 0x0000000701400000|
|  21|0x0000000701500000, 0x00000007015fff30, 0x0000000701600000| 99%| O|  |TS  0|AC  0|TAMS 0x0000000701500000, 0x0000000701500000|
|  22|0x0000000701600000, 0x0000000701700000, 0x0000000701700000|100%| O|  |TS  0|AC  0|TAMS 0x0000000701600000, 0x0000000701600000|
|  23|0x0000000701700000, 0x00000007017fff28, 0x0000000701800000| 99%| O|  |TS  0|AC  0|TAMS 0x0000000701700000, 0x0000000701700000|
|  24|0x0000000701800000, 0x00000007018ffff8, 0x0000000701900000| 99%| O|  |TS  0|AC  0|TAMS 0x0000000701800000, 0x0000000701800000|
|  25|0x0000000701900000, 0x00000007019ffff8, 0x0000000701a00000| 99%| O|  |TS  0|AC  0|TAMS 0x0000000701900000, 0x0000000701900000|
|  26|0x0000000701a00000, 0x0000000701b00000, 0x0000000701b00000|100%| O|  |TS  0|AC  0|TAMS 0x0000000701a00000, 0x0000000701a00000|
|  27|0x0000000701b00000, 0x0000000701bfffe8, 0x0000000701c00000| 99%| O|  |TS  0|AC  0|TAMS 0x0000000701b00000, 0x0000000701b00000|
|  28|0x0000000701c00000, 0x0000000701cfffe8, 0x0000000701d00000| 99%| O|  |TS  0|AC  0|TAMS 0x0000000701c00000, 0x0000000701c00000|
|  29|0x0000000701d00000, 0x0000000701dfffe0, 0x0000000701e00000| 99%| O|  |TS  0|AC  0|TAMS 0x0000000701d00000, 0x0000000701d00000|
|  30|0x0000000701e00000, 0x0000000701ec8ef0, 0x0000000701f00000| 78%| O|  |TS  0|AC  0|TAMS 0x0000000701e00000, 0x0000000701e00000|
|  31|0x0000000701f00000, 0x0000000701fd00b8, 0x0000000702000000| 81%| O|  |TS  0|AC  0|TAMS 0x0000000701f00000, 0x0000000701f00000|
|  32|0x0000000702000000, 0x00000007020fffe8, 0x0000000702100000| 99%| O|  |TS  0|AC  0|TAMS 0x0000000702000000, 0x0000000702000000|
|  33|0x0000000702100000, 0x00000007021fff00, 0x0000000702200000| 99%| O|  |TS  0|AC  0|TAMS 0x0000000702100000, 0x0000000702100000|
|  34|0x0000000702200000, 0x0000000702300000, 0x0000000702300000|100%| O|  |TS  0|AC  0|TAMS 0x0000000702200000, 0x0000000702200000|
|  35|0x0000000702300000, 0x0000000702400000, 0x0000000702400000|100%|HS|  |TS  0|AC  0|TAMS 0x0000000702300000, 0x0000000702300000|
|  36|0x0000000702400000, 0x0000000702500000, 0x0000000702500000|100%|HC|  |TS  0|AC  0|TAMS 0x0000000702400000, 0x0000000702400000|
|  37|0x0000000702500000, 0x0000000702600000, 0x0000000702600000|100%|HC|  |TS  0|AC  0|TAMS 0x0000000702500000, 0x0000000702500000|
|  38|0x0000000702600000, 0x0000000702700000, 0x0000000702700000|100%|HC|  |TS  0|AC  0|TAMS 0x0000000702600000, 0x0000000702600000|
|  39|0x0000000702700000, 0x0000000702800000, 0x0000000702800000|100%|HC|  |TS  0|AC  0|TAMS 0x0000000702700000, 0x0000000702700000|
|  40|0x0000000702800000, 0x0000000702900000, 0x0000000702900000|100%|HC|  |TS  0|AC  0|TAMS 0x0000000702800000, 0x0000000702800000|
|  41|0x0000000702900000, 0x0000000702a00000, 0x0000000702a00000|100%|HC|  |TS  0|AC  0|TAMS 0x0000000702900000, 0x0000000702900000|
|  42|0x0000000702a00000, 0x0000000702b00000, 0x0000000702b00000|100%|HC|  |TS  0|AC  0|TAMS 0x0000000702a00000, 0x0000000702a00000|
|  43|0x0000000702b00000, 0x0000000702bffff0, 0x0000000702c00000| 99%| O|  |TS  0|AC  0|TAMS 0x0000000702b00000, 0x0000000702b00000|
|  44|0x0000000702c00000, 0x0000000702cfe278, 0x0000000702d00000| 99%| O|  |TS  0|AC  0|TAMS 0x0000000702c00000, 0x0000000702c00000|
|  45|0x0000000702d00000, 0x0000000702e00000, 0x0000000702e00000|100%| O|  |TS  0|AC  0|TAMS 0x0000000702d00000, 0x0000000702d00000|
|  46|0x0000000702e00000, 0x0000000702effff8, 0x0000000702f00000| 99%| O|  |TS  0|AC  0|TAMS 0x0000000702e00000, 0x0000000702e00000|
|  47|0x0000000702f00000, 0x0000000702ffff38, 0x0000000703000000| 99%| O|  |TS  0|AC  0|TAMS 0x0000000702f00000, 0x0000000702f00000|
|  48|0x0000000703000000, 0x00000007030fffa8, 0x0000000703100000| 99%| O|  |TS  0|AC  0|TAMS 0x0000000703000000, 0x0000000703000000|
|  49|0x0000000703100000, 0x00000007031ffef8, 0x0000000703200000| 99%| O|  |TS  0|AC  0|TAMS 0x0000000703100000, 0x0000000703100000|
|  50|0x0000000703200000, 0x00000007032ffff8, 0x0000000703300000| 99%| O|  |TS  0|AC  0|TAMS 0x0000000703200000, 0x0000000703200000|
|  51|0x0000000703300000, 0x00000007033ffec8, 0x0000000703400000| 99%| O|  |TS  0|AC  0|TAMS 0x0000000703300000, 0x0000000703300000|
|  52|0x0000000703400000, 0x00000007034fff90, 0x0000000703500000| 99%| O|  |TS  0|AC  0|TAMS 0x0000000703400000, 0x0000000703400000|
|  53|0x0000000703500000, 0x00000007035fffe0, 0x0000000703600000| 99%| O|  |TS  0|AC  0|TAMS 0x0000000703500000, 0x0000000703500000|
|  54|0x0000000703600000, 0x00000007036fe678, 0x0000000703700000| 99%| O|  |TS  0|AC  0|TAMS 0x0000000703600000, 0x0000000703600000|
|  55|0x0000000703700000, 0x0000000703800000, 0x0000000703800000|100%| O|  |TS  0|AC  0|TAMS 0x0000000703700000, 0x0000000703700000|
|  56|0x0000000703800000, 0x0000000703900000, 0x0000000703900000|100%| O|  |TS  0|AC  0|TAMS 0x0000000703800000, 0x0000000703800000|
|  57|0x0000000703900000, 0x00000007039fffe0, 0x0000000703a00000| 99%| O|  |TS  0|AC  0|TAMS 0x0000000703900000, 0x0000000703900000|
|  58|0x0000000703a00000, 0x0000000703afffd0, 0x0000000703b00000| 99%| O|  |TS  0|AC  0|TAMS 0x0000000703a00000, 0x0000000703a00000|
|  59|0x0000000703b00000, 0x0000000703c00000, 0x0000000703c00000|100%| O|  |TS  0|AC  0|TAMS 0x0000000703b00000, 0x0000000703b00000|
|  60|0x0000000703c00000, 0x0000000703d00000, 0x0000000703d00000|100%| O|  |TS  0|AC  0|TAMS 0x0000000703c00000, 0x0000000703c00000|
|  61|0x0000000703d00000, 0x0000000703dffff8, 0x0000000703e00000| 99%| O|  |TS  0|AC  0|TAMS 0x0000000703d00000, 0x0000000703d00000|
|  62|0x0000000703e00000, 0x0000000703effff0, 0x0000000703f00000| 99%| O|  |TS  0|AC  0|TAMS 0x0000000703e00000, 0x0000000703e00000|
|  63|0x0000000703f00000, 0x0000000703f4d940, 0x0000000704000000| 30%| O|  |TS  0|AC  0|TAMS 0x0000000703f00000, 0x0000000703f00000|
|  64|0x0000000704000000, 0x0000000704000000, 0x0000000704100000|  0%| F|  |TS  0|AC  0|TAMS 0x0000000704000000, 0x0000000704000000|
|  65|0x0000000704100000, 0x0000000704100000, 0x0000000704200000|  0%| F|  |TS  0|AC  0|TAMS 0x0000000704100000, 0x0000000704100000|
|  66|0x0000000704200000, 0x0000000704300000, 0x0000000704300000|100%|HS|  |TS  0|AC  0|TAMS 0x0000000704200000, 0x0000000704200000|
|  67|0x0000000704300000, 0x0000000704400000, 0x0000000704400000|100%|HC|  |TS  0|AC  0|TAMS 0x0000000704300000, 0x0000000704300000|
|  68|0x0000000704400000, 0x0000000704500000, 0x0000000704500000|100%|HC|  |TS  0|AC  0|TAMS 0x0000000704400000, 0x0000000704400000|
|  69|0x0000000704500000, 0x0000000704500000, 0x0000000704600000|  0%| F|  |TS  0|AC  0|TAMS 0x0000000704500000, 0x0000000704500000|
|  70|0x0000000704600000, 0x0000000704600000, 0x0000000704700000|  0%| F|  |TS  0|AC  0|TAMS 0x0000000704600000, 0x0000000704600000|
|  71|0x0000000704700000, 0x0000000704800000, 0x0000000704800000|100%|HS|  |TS  0|AC  0|TAMS 0x0000000704700000, 0x0000000704700000|
|  72|0x0000000704800000, 0x0000000704900000, 0x0000000704900000|100%|HC|  |TS  0|AC  0|TAMS 0x0000000704800000, 0x0000000704800000|
|  73|0x0000000704900000, 0x0000000704900000, 0x0000000704a00000|  0%| F|  |TS  0|AC  0|TAMS 0x0000000704900000, 0x0000000704900000|
|  74|0x0000000704a00000, 0x0000000704a00000, 0x0000000704b00000|  0%| F|  |TS  0|AC  0|TAMS 0x0000000704a00000, 0x0000000704a00000|
|  75|0x0000000704b00000, 0x0000000704b00000, 0x0000000704c00000|  0%| F|  |TS  0|AC  0|TAMS 0x0000000704b00000, 0x0000000704b00000|
|  76|0x0000000704c00000, 0x0000000704c00000, 0x0000000704d00000|  0%| F|  |TS  0|AC  0|TAMS 0x0000000704c00000, 0x0000000704c00000|
|  77|0x0000000704d00000, 0x0000000704d00000, 0x0000000704e00000|  0%| F|  |TS  0|AC  0|TAMS 0x0000000704d00000, 0x0000000704d00000|
|  78|0x0000000704e00000, 0x0000000704e00000, 0x0000000704f00000|  0%| F|  |TS  0|AC  0|TAMS 0x0000000704e00000, 0x0000000704e00000|
|  79|0x0000000704f00000, 0x0000000704f00000, 0x0000000705000000|  0%| F|  |TS  0|AC  0|TAMS 0x0000000704f00000, 0x0000000704f00000|
|  80|0x0000000705000000, 0x0000000705000000, 0x0000000705100000|  0%| F|  |TS  0|AC  0|TAMS 0x0000000705000000, 0x0000000705000000|
|  81|0x0000000705100000, 0x0000000705100000, 0x0000000705200000|  0%| F|  |TS  0|AC  0|TAMS 0x0000000705100000, 0x0000000705100000|
|  82|0x0000000705200000, 0x0000000705200000, 0x0000000705300000|  0%| F|  |TS  0|AC  0|TAMS 0x0000000705200000, 0x0000000705200000|
|  83|0x0000000705300000, 0x0000000705300000, 0x0000000705400000|  0%| F|  |TS  0|AC  0|TAMS 0x0000000705300000, 0x0000000705300000|
|  84|0x0000000705400000, 0x0000000705400000, 0x0000000705500000|  0%| F|  |TS  0|AC  0|TAMS 0x0000000705400000, 0x0000000705400000|
|  85|0x0000000705500000, 0x0000000705500000, 0x0000000705600000|  0%| F|  |TS  0|AC  0|TAMS 0x0000000705500000, 0x0000000705500000|
|  86|0x0000000705600000, 0x0000000705600000, 0x0000000705700000|  0%| F|  |TS  0|AC  0|TAMS 0x0000000705600000, 0x0000000705600000|
|  87|0x0000000705700000, 0x0000000705700000, 0x0000000705800000|  0%| F|  |TS  0|AC  0|TAMS 0x0000000705700000, 0x0000000705700000|
|  88|0x0000000705800000, 0x0000000705800000, 0x0000000705900000|  0%| F|  |TS  0|AC  0|TAMS 0x0000000705800000, 0x0000000705800000|
|  89|0x0000000705900000, 0x0000000705900000, 0x0000000705a00000|  0%| F|  |TS  0|AC  0|TAMS 0x0000000705900000, 0x0000000705900000|
|  90|0x0000000705a00000, 0x0000000705a00000, 0x0000000705b00000|  0%| F|  |TS  0|AC  0|TAMS 0x0000000705a00000, 0x0000000705a00000|
|  91|0x0000000705b00000, 0x0000000705b00000, 0x0000000705c00000|  0%| F|  |TS  0|AC  0|TAMS 0x0000000705b00000, 0x0000000705b00000|
|  92|0x0000000705c00000, 0x0000000705c00000, 0x0000000705d00000|  0%| F|  |TS  0|AC  0|TAMS 0x0000000705c00000, 0x0000000705c00000|
|  93|0x0000000705d00000, 0x0000000705d00000, 0x0000000705e00000|  0%| F|  |TS  0|AC  0|TAMS 0x0000000705d00000, 0x0000000705d00000|
|  94|0x0000000705e00000, 0x0000000705e00000, 0x0000000705f00000|  0%| F|  |TS  0|AC  0|TAMS 0x0000000705e00000, 0x0000000705e00000|
|  95|0x0000000705f00000, 0x0000000705f00000, 0x0000000706000000|  0%| F|  |TS  0|AC  0|TAMS 0x0000000705f00000, 0x0000000705f00000|
|  96|0x0000000706000000, 0x0000000706000000, 0x0000000706100000|  0%| F|  |TS  0|AC  0|TAMS 0x0000000706000000, 0x0000000706000000|
|  97|0x0000000706100000, 0x0000000706100000, 0x0000000706200000|  0%| F|  |TS  0|AC  0|TAMS 0x0000000706100000, 0x0000000706100000|
|  98|0x0000000706200000, 0x0000000706200000, 0x0000000706300000|  0%| F|  |TS  0|AC  0|TAMS 0x0000000706200000, 0x0000000706200000|
|  99|0x0000000706300000, 0x0000000706300000, 0x0000000706400000|  0%| F|  |TS  0|AC  0|TAMS 0x0000000706300000, 0x0000000706300000|
| 100|0x0000000706400000, 0x0000000706400000, 0x0000000706500000|  0%| F|  |TS  0|AC  0|TAMS 0x0000000706400000, 0x0000000706400000|
| 101|0x0000000706500000, 0x0000000706500000, 0x0000000706600000|  0%| F|  |TS  0|AC  0|TAMS 0x0000000706500000, 0x0000000706500000|
| 102|0x0000000706600000, 0x0000000706600000, 0x0000000706700000|  0%| F|  |TS  0|AC  0|TAMS 0x0000000706600000, 0x0000000706600000|
| 103|0x0000000706700000, 0x0000000706700000, 0x0000000706800000|  0%| F|  |TS  0|AC  0|TAMS 0x0000000706700000, 0x0000000706700000|
| 104|0x0000000706800000, 0x0000000706800000, 0x0000000706900000|  0%| F|  |TS  0|AC  0|TAMS 0x0000000706800000, 0x0000000706800000|
| 105|0x0000000706900000, 0x0000000706900000, 0x0000000706a00000|  0%| F|  |TS  0|AC  0|TAMS 0x0000000706900000, 0x0000000706900000|
| 106|0x0000000706a00000, 0x0000000706a00000, 0x0000000706b00000|  0%| F|  |TS  0|AC  0|TAMS 0x0000000706a00000, 0x0000000706a00000|
| 107|0x0000000706b00000, 0x0000000706b00000, 0x0000000706c00000|  0%| F|  |TS  0|AC  0|TAMS 0x0000000706b00000, 0x0000000706b00000|
| 108|0x0000000706c00000, 0x0000000706c00000, 0x0000000706d00000|  0%| F|  |TS  0|AC  0|TAMS 0x0000000706c00000, 0x0000000706c00000|
| 109|0x0000000706d00000, 0x0000000706d00000, 0x0000000706e00000|  0%| F|  |TS  0|AC  0|TAMS 0x0000000706d00000, 0x0000000706d00000|
| 110|0x0000000706e00000, 0x0000000706e00000, 0x0000000706f00000|  0%| F|  |TS  0|AC  0|TAMS 0x0000000706e00000, 0x0000000706e00000|
| 111|0x0000000706f00000, 0x0000000706f00000, 0x0000000707000000|  0%| F|  |TS  0|AC  0|TAMS 0x0000000706f00000, 0x0000000706f00000|
| 112|0x0000000707000000, 0x0000000707000000, 0x0000000707100000|  0%| F|  |TS  0|AC  0|TAMS 0x0000000707000000, 0x0000000707000000|
| 113|0x0000000707100000, 0x0000000707100000, 0x0000000707200000|  0%| F|  |TS  0|AC  0|TAMS 0x0000000707100000, 0x0000000707100000|
| 114|0x0000000707200000, 0x0000000707200000, 0x0000000707300000|  0%| F|  |TS  0|AC  0|TAMS 0x0000000707200000, 0x0000000707200000|
| 115|0x0000000707300000, 0x0000000707300000, 0x0000000707400000|  0%| F|  |TS  0|AC  0|TAMS 0x0000000707300000, 0x0000000707300000|
| 116|0x0000000707400000, 0x0000000707400000, 0x0000000707500000|  0%| F|  |TS  0|AC  0|TAMS 0x0000000707400000, 0x0000000707400000|
| 117|0x0000000707500000, 0x0000000707500000, 0x0000000707600000|  0%| F|  |TS  0|AC  0|TAMS 0x0000000707500000, 0x0000000707500000|
| 118|0x0000000707600000, 0x0000000707600000, 0x0000000707700000|  0%| F|  |TS  0|AC  0|TAMS 0x0000000707600000, 0x0000000707600000|
| 119|0x0000000707700000, 0x0000000707700000, 0x0000000707800000|  0%| F|  |TS  0|AC  0|TAMS 0x0000000707700000, 0x0000000707700000|
| 120|0x0000000707800000, 0x0000000707800000, 0x0000000707900000|  0%| F|  |TS  0|AC  0|TAMS 0x0000000707800000, 0x0000000707800000|
| 121|0x0000000707900000, 0x0000000707900000, 0x0000000707a00000|  0%| F|  |TS  0|AC  0|TAMS 0x0000000707900000, 0x0000000707900000|
| 122|0x0000000707a00000, 0x0000000707a00000, 0x0000000707b00000|  0%| F|  |TS  0|AC  0|TAMS 0x0000000707a00000, 0x0000000707a00000|
| 123|0x0000000707b00000, 0x0000000707b00000, 0x0000000707c00000|  0%| F|  |TS  0|AC  0|TAMS 0x0000000707b00000, 0x0000000707b00000|
| 124|0x0000000707c00000, 0x0000000707c00000, 0x0000000707d00000|  0%| F|  |TS  0|AC  0|TAMS 0x0000000707c00000, 0x0000000707c00000|
| 125|0x0000000707d00000, 0x0000000707d00000, 0x0000000707e00000|  0%| F|  |TS  0|AC  0|TAMS 0x0000000707d00000, 0x0000000707d00000|
| 126|0x0000000707e00000, 0x0000000707e00000, 0x0000000707f00000|  0%| F|  |TS  0|AC  0|TAMS 0x0000000707e00000, 0x0000000707e00000|
| 127|0x0000000707f00000, 0x0000000707f00000, 0x0000000708000000|  0%| F|  |TS  0|AC  0|TAMS 0x0000000707f00000, 0x0000000707f00000|
| 128|0x0000000708000000, 0x0000000708000000, 0x0000000708100000|  0%| F|  |TS  0|AC  0|TAMS 0x0000000708000000, 0x0000000708000000|
| 129|0x0000000708100000, 0x0000000708100000, 0x0000000708200000|  0%| F|  |TS  0|AC  0|TAMS 0x0000000708100000, 0x0000000708100000|
| 130|0x0000000708200000, 0x0000000708200000, 0x0000000708300000|  0%| F|  |TS  0|AC  0|TAMS 0x0000000708200000, 0x0000000708200000|
| 131|0x0000000708300000, 0x0000000708300000, 0x0000000708400000|  0%| F|  |TS  0|AC  0|TAMS 0x0000000708300000, 0x0000000708300000|
| 132|0x0000000708400000, 0x0000000708400000, 0x0000000708500000|  0%| F|  |TS  0|AC  0|TAMS 0x0000000708400000, 0x0000000708400000|
| 133|0x0000000708500000, 0x0000000708500000, 0x0000000708600000|  0%| F|  |TS  0|AC  0|TAMS 0x0000000708500000, 0x0000000708500000|
| 134|0x0000000708600000, 0x0000000708600000, 0x0000000708700000|  0%| F|  |TS  0|AC  0|TAMS 0x0000000708600000, 0x0000000708600000|
| 135|0x0000000708700000, 0x0000000708700000, 0x0000000708800000|  0%| F|  |TS  0|AC  0|TAMS 0x0000000708700000, 0x0000000708700000|
| 136|0x0000000708800000, 0x0000000708800000, 0x0000000708900000|  0%| F|  |TS  0|AC  0|TAMS 0x0000000708800000, 0x0000000708800000|
| 137|0x0000000708900000, 0x0000000708900000, 0x0000000708a00000|  0%| F|  |TS  0|AC  0|TAMS 0x0000000708900000, 0x0000000708900000|
| 138|0x0000000708a00000, 0x0000000708a00000, 0x0000000708b00000|  0%| F|  |TS  0|AC  0|TAMS 0x0000000708a00000, 0x0000000708a00000|
| 139|0x0000000708b00000, 0x0000000708b00000, 0x0000000708c00000|  0%| F|  |TS  0|AC  0|TAMS 0x0000000708b00000, 0x0000000708b00000|
| 140|0x0000000708c00000, 0x0000000708c00000, 0x0000000708d00000|  0%| F|  |TS  0|AC  0|TAMS 0x0000000708c00000, 0x0000000708c00000|
| 141|0x0000000708d00000, 0x0000000708d00000, 0x0000000708e00000|  0%| F|  |TS  0|AC  0|TAMS 0x0000000708d00000, 0x0000000708d00000|
| 142|0x0000000708e00000, 0x0000000708e00000, 0x0000000708f00000|  0%| F|  |TS  0|AC  0|TAMS 0x0000000708e00000, 0x0000000708e00000|
| 143|0x0000000708f00000, 0x0000000708f00000, 0x0000000709000000|  0%| F|  |TS  0|AC  0|TAMS 0x0000000708f00000, 0x0000000708f00000|
| 144|0x0000000709000000, 0x0000000709000000, 0x0000000709100000|  0%| F|  |TS  0|AC  0|TAMS 0x0000000709000000, 0x0000000709000000|
| 145|0x0000000709100000, 0x0000000709100000, 0x0000000709200000|  0%| F|  |TS  0|AC  0|TAMS 0x0000000709100000, 0x0000000709100000|
| 146|0x0000000709200000, 0x0000000709200000, 0x0000000709300000|  0%| F|  |TS  0|AC  0|TAMS 0x0000000709200000, 0x0000000709200000|
| 147|0x0000000709300000, 0x0000000709300000, 0x0000000709400000|  0%| F|  |TS  0|AC  0|TAMS 0x0000000709300000, 0x0000000709300000|
| 148|0x0000000709400000, 0x0000000709400000, 0x0000000709500000|  0%| F|  |TS  0|AC  0|TAMS 0x0000000709400000, 0x0000000709400000|
| 149|0x0000000709500000, 0x0000000709500000, 0x0000000709600000|  0%| F|  |TS  0|AC  0|TAMS 0x0000000709500000, 0x0000000709500000|
| 150|0x0000000709600000, 0x0000000709600000, 0x0000000709700000|  0%| F|  |TS  0|AC  0|TAMS 0x0000000709600000, 0x0000000709600000|
| 151|0x0000000709700000, 0x0000000709700000, 0x0000000709800000|  0%| F|  |TS  0|AC  0|TAMS 0x0000000709700000, 0x0000000709700000|
| 152|0x0000000709800000, 0x0000000709800000, 0x0000000709900000|  0%| F|  |TS  0|AC  0|TAMS 0x0000000709800000, 0x0000000709800000|
| 153|0x0000000709900000, 0x0000000709900000, 0x0000000709a00000|  0%| F|  |TS 23|AC  0|TAMS 0x0000000709900000, 0x0000000709900000|
| 154|0x0000000709a00000, 0x0000000709aa6b90, 0x0000000709b00000| 65%| S|CS|TS 23|AC  0|TAMS 0x0000000709a00000, 0x0000000709a00000|
| 155|0x0000000709b00000, 0x0000000709b00000, 0x0000000709c00000|  0%| F|  |TS 23|AC  0|TAMS 0x0000000709b00000, 0x0000000709b00000|
| 156|0x0000000709c00000, 0x0000000709c00000, 0x0000000709d00000|  0%| F|  |TS 23|AC  0|TAMS 0x0000000709c00000, 0x0000000709c00000|
| 157|0x0000000709d00000, 0x0000000709d00000, 0x0000000709e00000|  0%| F|  |TS 23|AC  0|TAMS 0x0000000709d00000, 0x0000000709d00000|
| 158|0x0000000709e00000, 0x0000000709e00000, 0x0000000709f00000|  0%| F|  |TS 23|AC  0|TAMS 0x0000000709e00000, 0x0000000709e00000|
| 159|0x0000000709f00000, 0x0000000709f00000, 0x000000070a000000|  0%| F|  |TS 23|AC  0|TAMS 0x0000000709f00000, 0x0000000709f00000|
| 160|0x000000070a000000, 0x000000070a016318, 0x000000070a100000|  8%| E|  |TS 23|AC  0|TAMS 0x000000070a000000, 0x000000070a000000|
| 161|0x000000070a100000, 0x000000070a200000, 0x000000070a200000|100%| E|CS|TS 23|AC  0|TAMS 0x000000070a100000, 0x000000070a100000|
| 162|0x000000070a200000, 0x000000070a300000, 0x000000070a300000|100%| E|CS|TS 23|AC  0|TAMS 0x000000070a200000, 0x000000070a200000|
| 163|0x000000070a300000, 0x000000070a400000, 0x000000070a400000|100%| E|CS|TS 23|AC  0|TAMS 0x000000070a300000, 0x000000070a300000|
| 164|0x000000070a400000, 0x000000070a500000, 0x000000070a500000|100%| E|CS|TS 23|AC  0|TAMS 0x000000070a400000, 0x000000070a400000|
| 165|0x000000070a500000, 0x000000070a600000, 0x000000070a600000|100%| E|CS|TS 23|AC  0|TAMS 0x000000070a500000, 0x000000070a500000|
| 166|0x000000070a600000, 0x000000070a700000, 0x000000070a700000|100%| E|CS|TS 23|AC  0|TAMS 0x000000070a600000, 0x000000070a600000|
| 167|0x000000070a700000, 0x000000070a800000, 0x000000070a800000|100%| E|CS|TS 23|AC  0|TAMS 0x000000070a700000, 0x000000070a700000|
| 168|0x000000070a800000, 0x000000070a900000, 0x000000070a900000|100%| E|CS|TS 23|AC  0|TAMS 0x000000070a800000, 0x000000070a800000|
| 169|0x000000070a900000, 0x000000070aa00000, 0x000000070aa00000|100%| E|CS|TS 23|AC  0|TAMS 0x000000070a900000, 0x000000070a900000|
| 170|0x000000070aa00000, 0x000000070ab00000, 0x000000070ab00000|100%| E|CS|TS 23|AC  0|TAMS 0x000000070aa00000, 0x000000070aa00000|
| 171|0x000000070ab00000, 0x000000070ac00000, 0x000000070ac00000|100%| E|CS|TS 23|AC  0|TAMS 0x000000070ab00000, 0x000000070ab00000|
| 172|0x000000070ac00000, 0x000000070ad00000, 0x000000070ad00000|100%| E|CS|TS 23|AC  0|TAMS 0x000000070ac00000, 0x000000070ac00000|
| 173|0x000000070ad00000, 0x000000070ae00000, 0x000000070ae00000|100%| E|CS|TS 23|AC  0|TAMS 0x000000070ad00000, 0x000000070ad00000|
| 174|0x000000070ae00000, 0x000000070af00000, 0x000000070af00000|100%| E|CS|TS 23|AC  0|TAMS 0x000000070ae00000, 0x000000070ae00000|
| 175|0x000000070af00000, 0x000000070b000000, 0x000000070b000000|100%| E|CS|TS 23|AC  0|TAMS 0x000000070af00000, 0x000000070af00000|
| 176|0x000000070b000000, 0x000000070b100000, 0x000000070b100000|100%| E|CS|TS 23|AC  0|TAMS 0x000000070b000000, 0x000000070b000000|
| 177|0x000000070b100000, 0x000000070b200000, 0x000000070b200000|100%| E|CS|TS 23|AC  0|TAMS 0x000000070b100000, 0x000000070b100000|
| 178|0x000000070b200000, 0x000000070b300000, 0x000000070b300000|100%| E|CS|TS 23|AC  0|TAMS 0x000000070b200000, 0x000000070b200000|
| 179|0x000000070b300000, 0x000000070b400000, 0x000000070b400000|100%| E|CS|TS 23|AC  0|TAMS 0x000000070b300000, 0x000000070b300000|
| 180|0x000000070b400000, 0x000000070b500000, 0x000000070b500000|100%| E|CS|TS 23|AC  0|TAMS 0x000000070b400000, 0x000000070b400000|
| 181|0x000000070b500000, 0x000000070b600000, 0x000000070b600000|100%| E|CS|TS 23|AC  0|TAMS 0x000000070b500000, 0x000000070b500000|
| 182|0x000000070b600000, 0x000000070b700000, 0x000000070b700000|100%| E|CS|TS 23|AC  0|TAMS 0x000000070b600000, 0x000000070b600000|
| 183|0x000000070b700000, 0x000000070b800000, 0x000000070b800000|100%| E|CS|TS 23|AC  0|TAMS 0x000000070b700000, 0x000000070b700000|
| 184|0x000000070b800000, 0x000000070b900000, 0x000000070b900000|100%| E|CS|TS 23|AC  0|TAMS 0x000000070b800000, 0x000000070b800000|
| 185|0x000000070b900000, 0x000000070ba00000, 0x000000070ba00000|100%| E|CS|TS 23|AC  0|TAMS 0x000000070b900000, 0x000000070b900000|
| 186|0x000000070ba00000, 0x000000070bb00000, 0x000000070bb00000|100%| E|CS|TS 23|AC  0|TAMS 0x000000070ba00000, 0x000000070ba00000|
| 187|0x000000070bb00000, 0x000000070bc00000, 0x000000070bc00000|100%| E|CS|TS 23|AC  0|TAMS 0x000000070bb00000, 0x000000070bb00000|
| 188|0x000000070bc00000, 0x000000070bd00000, 0x000000070bd00000|100%| E|CS|TS 23|AC  0|TAMS 0x000000070bc00000, 0x000000070bc00000|
| 189|0x000000070bd00000, 0x000000070be00000, 0x000000070be00000|100%| E|CS|TS 23|AC  0|TAMS 0x000000070bd00000, 0x000000070bd00000|
| 190|0x000000070be00000, 0x000000070bf00000, 0x000000070bf00000|100%| E|CS|TS 23|AC  0|TAMS 0x000000070be00000, 0x000000070be00000|
| 191|0x000000070bf00000, 0x000000070c000000, 0x000000070c000000|100%| E|CS|TS 23|AC  0|TAMS 0x000000070bf00000, 0x000000070bf00000|
| 192|0x000000070c000000, 0x000000070c100000, 0x000000070c100000|100%| E|CS|TS 23|AC  0|TAMS 0x000000070c000000, 0x000000070c000000|
| 193|0x000000070c100000, 0x000000070c200000, 0x000000070c200000|100%| E|CS|TS 23|AC  0|TAMS 0x000000070c100000, 0x000000070c100000|
| 194|0x000000070c200000, 0x000000070c300000, 0x000000070c300000|100%| E|CS|TS 23|AC  0|TAMS 0x000000070c200000, 0x000000070c200000|
| 195|0x000000070c300000, 0x000000070c400000, 0x000000070c400000|100%| E|CS|TS 23|AC  0|TAMS 0x000000070c300000, 0x000000070c300000|
| 196|0x000000070c400000, 0x000000070c500000, 0x000000070c500000|100%| E|CS|TS 23|AC  0|TAMS 0x000000070c400000, 0x000000070c400000|
| 197|0x000000070c500000, 0x000000070c600000, 0x000000070c600000|100%| E|CS|TS 23|AC  0|TAMS 0x000000070c500000, 0x000000070c500000|
| 198|0x000000070c600000, 0x000000070c700000, 0x000000070c700000|100%| E|CS|TS 23|AC  0|TAMS 0x000000070c600000, 0x000000070c600000|
| 199|0x000000070c700000, 0x000000070c800000, 0x000000070c800000|100%| E|CS|TS 23|AC  0|TAMS 0x000000070c700000, 0x000000070c700000|
| 200|0x000000070c800000, 0x000000070c900000, 0x000000070c900000|100%| E|CS|TS 23|AC  0|TAMS 0x000000070c800000, 0x000000070c800000|
| 201|0x000000070c900000, 0x000000070ca00000, 0x000000070ca00000|100%| E|CS|TS 23|AC  0|TAMS 0x000000070c900000, 0x000000070c900000|
| 202|0x000000070ca00000, 0x000000070cb00000, 0x000000070cb00000|100%| E|CS|TS 23|AC  0|TAMS 0x000000070ca00000, 0x000000070ca00000|
| 203|0x000000070cb00000, 0x000000070cc00000, 0x000000070cc00000|100%| E|CS|TS 23|AC  0|TAMS 0x000000070cb00000, 0x000000070cb00000|
| 204|0x000000070cc00000, 0x000000070cd00000, 0x000000070cd00000|100%| E|CS|TS 23|AC  0|TAMS 0x000000070cc00000, 0x000000070cc00000|
| 205|0x000000070cd00000, 0x000000070ce00000, 0x000000070ce00000|100%| E|CS|TS 23|AC  0|TAMS 0x000000070cd00000, 0x000000070cd00000|
| 206|0x000000070ce00000, 0x000000070cf00000, 0x000000070cf00000|100%| E|CS|TS 23|AC  0|TAMS 0x000000070ce00000, 0x000000070ce00000|
| 207|0x000000070cf00000, 0x000000070d000000, 0x000000070d000000|100%| E|CS|TS 23|AC  0|TAMS 0x000000070cf00000, 0x000000070cf00000|
| 208|0x000000070d000000, 0x000000070d100000, 0x000000070d100000|100%| E|CS|TS 23|AC  0|TAMS 0x000000070d000000, 0x000000070d000000|
| 209|0x000000070d100000, 0x000000070d200000, 0x000000070d200000|100%| E|CS|TS 23|AC  0|TAMS 0x000000070d100000, 0x000000070d100000|
| 210|0x000000070d200000, 0x000000070d300000, 0x000000070d300000|100%| E|CS|TS 23|AC  0|TAMS 0x000000070d200000, 0x000000070d200000|
| 211|0x000000070d300000, 0x000000070d400000, 0x000000070d400000|100%| E|CS|TS 23|AC  0|TAMS 0x000000070d300000, 0x000000070d300000|
| 212|0x000000070d400000, 0x000000070d500000, 0x000000070d500000|100%| E|CS|TS 23|AC  0|TAMS 0x000000070d400000, 0x000000070d400000|
| 213|0x000000070d500000, 0x000000070d600000, 0x000000070d600000|100%| E|CS|TS 23|AC  0|TAMS 0x000000070d500000, 0x000000070d500000|

Card table byte_map: [0x00000204fa590000,0x00000204fab90000] byte_map_base: 0x00000204f6d90000

Marking Bits (Prev, Next): (CMBitMap*) 0x00000204f8fbe720, (CMBitMap*) 0x00000204f8fbe758
 Prev Bits: [0x00000204fb190000, 0x00000204fe190000)
 Next Bits: [0x0000020495b40000, 0x0000020498b40000)

Polling page: 0x00000204ef860000

CodeHeap 'non-profiled nmethods': size=120000Kb used=24333Kb max_used=24333Kb free=95666Kb
 bounds [0x000002048e610000, 0x000002048fde0000, 0x0000020495b40000]
CodeHeap 'profiled nmethods': size=120000Kb used=37150Kb max_used=42039Kb free=82849Kb
 bounds [0x00000204870e0000, 0x0000020489a60000, 0x000002048e610000]
CodeHeap 'non-nmethods': size=5760Kb used=1762Kb max_used=1804Kb free=3998Kb
 bounds [0x0000020486b40000, 0x0000020486db0000, 0x00000204870e0000]
 total_blobs=34912 nmethods=17174 adapters=1085
 compilation: enabled

Compilation events (10 events):
Event: 7415.271 Thread 0x00000204f82ec800 23285       4       javax.swing.JSeparator::<init> (6 bytes)
Event: 7415.274 Thread 0x00000204f82ec800 nmethod 23285 0x000002048f9db410 code [0x000002048f9db620, 0x000002048f9dbe10]
Event: 7415.719 Thread 0x00000204f4627800 23286       1       java.awt.image.DirectColorModel::getRedMask (7 bytes)
Event: 7415.719 Thread 0x00000204f4627800 nmethod 23286 0x000002048f6aef10 code [0x000002048f6af0c0, 0x000002048f6af1f8]
Event: 7415.719 Thread 0x00000204f4627800 23287       3       java.awt.geom.RectangularShape::intersects (21 bytes)
Event: 7415.719 Thread 0x00000204f4627800 nmethod 23287 0x000002048738c010 code [0x000002048738c200, 0x000002048738c750]
Event: 7415.734 Thread 0x00000204f61e7800 23288       4       java.util.HashSet::clear (8 bytes)
Event: 7415.736 Thread 0x00000204f61e7800 nmethod 23288 0x000002048f975e90 code [0x000002048f976020, 0x000002048f9762b8]
Event: 7416.775 Thread 0x00000204f4627800 23289       3       javax.swing.tree.VariableHeightLayoutCache::treeStructureChanged (246 bytes)
Event: 7416.777 Thread 0x00000204f4627800 nmethod 23289 0x00000204882e3e90 code [0x00000204882e42a0, 0x00000204882e67d0]

GC Heap History (10 events):
Event: 7406.909 GC heap before
{Heap before GC invocations=2031 (full 1522):
 garbage-first heap   total 219136K, used 130195K [0x0000000700000000, 0x00000007001006b0, 0x00000007c0000000)
  region size 1024K, 60 young (61440K), 1 survivors (1024K)
 Metaspace       used 79230K, capacity 81752K, committed 86528K, reserved 1124352K
  class space    used 10312K, capacity 10808K, committed 11776K, reserved 1048576K
}
Event: 7406.913 GC heap after
{Heap after GC invocations=2032 (full 1522):
 garbage-first heap   total 219136K, used 69827K [0x0000000700000000, 0x00000007001006b0, 0x00000007c0000000)
  region size 1024K, 1 young (1024K), 1 survivors (1024K)
 Metaspace       used 79230K, capacity 81752K, committed 86528K, reserved 1124352K
  class space    used 10312K, capacity 10808K, committed 11776K, reserved 1048576K
}
Event: 7411.662 GC heap before
{Heap before GC invocations=2032 (full 1522):
 garbage-first heap   total 219136K, used 130243K [0x0000000700000000, 0x00000007001006b0, 0x00000007c0000000)
  region size 1024K, 60 young (61440K), 1 survivors (1024K)
 Metaspace       used 79233K, capacity 81752K, committed 86528K, reserved 1124352K
  class space    used 10312K, capacity 10808K, committed 11776K, reserved 1048576K
}
Event: 7411.666 GC heap after
{Heap after GC invocations=2033 (full 1522):
 garbage-first heap   total 219136K, used 69938K [0x0000000700000000, 0x00000007001006b0, 0x00000007c0000000)
  region size 1024K, 1 young (1024K), 1 survivors (1024K)
 Metaspace       used 79233K, capacity 81752K, committed 86528K, reserved 1124352K
  class space    used 10312K, capacity 10808K, committed 11776K, reserved 1048576K
}
Event: 7412.607 GC heap before
{Heap before GC invocations=2033 (full 1522):
 garbage-first heap   total 219136K, used 130354K [0x0000000700000000, 0x00000007001006b0, 0x00000007c0000000)
  region size 1024K, 60 young (61440K), 1 survivors (1024K)
 Metaspace       used 79239K, capacity 81752K, committed 86528K, reserved 1124352K
  class space    used 10312K, capacity 10808K, committed 11776K, reserved 1048576K
}
Event: 7412.611 GC heap after
{Heap after GC invocations=2034 (full 1522):
 garbage-first heap   total 219136K, used 70011K [0x0000000700000000, 0x00000007001006b0, 0x00000007c0000000)
  region size 1024K, 1 young (1024K), 1 survivors (1024K)
 Metaspace       used 79239K, capacity 81752K, committed 86528K, reserved 1124352K
  class space    used 10312K, capacity 10808K, committed 11776K, reserved 1048576K
}
Event: 7413.807 GC heap before
{Heap before GC invocations=2034 (full 1522):
 garbage-first heap   total 219136K, used 130427K [0x0000000700000000, 0x00000007001006b0, 0x00000007c0000000)
  region size 1024K, 60 young (61440K), 1 survivors (1024K)
 Metaspace       used 79239K, capacity 81752K, committed 86528K, reserved 1124352K
  class space    used 10312K, capacity 10808K, committed 11776K, reserved 1048576K
}
Event: 7413.813 GC heap after
{Heap after GC invocations=2035 (full 1522):
 garbage-first heap   total 219136K, used 69759K [0x0000000700000000, 0x00000007001006b0, 0x00000007c0000000)
  region size 1024K, 1 young (1024K), 1 survivors (1024K)
 Metaspace       used 79239K, capacity 81752K, committed 86528K, reserved 1124352K
  class space    used 10312K, capacity 10808K, committed 11776K, reserved 1048576K
}
Event: 7414.480 GC heap before
{Heap before GC invocations=2035 (full 1522):
 garbage-first heap   total 219136K, used 130175K [0x0000000700000000, 0x00000007001006b0, 0x00000007c0000000)
  region size 1024K, 60 young (61440K), 1 survivors (1024K)
 Metaspace       used 79239K, capacity 81752K, committed 86528K, reserved 1124352K
  class space    used 10312K, capacity 10808K, committed 11776K, reserved 1048576K
}
Event: 7414.483 GC heap after
{Heap after GC invocations=2036 (full 1522):
 garbage-first heap   total 219136K, used 69783K [0x0000000700000000, 0x00000007001006b0, 0x00000007c0000000)
  region size 1024K, 1 young (1024K), 1 survivors (1024K)
 Metaspace       used 79239K, capacity 81752K, committed 86528K, reserved 1124352K
  class space    used 10312K, capacity 10808K, committed 11776K, reserved 1048576K
}

Deoptimization events (10 events):
Event: 7392.195 Thread 0x000002049be0c000 Uncommon trap: reason=class_check action=maybe_recompile pc=0x000002048f8700f4 method=javax.swing.JMenuItem.configurePropertiesFromAction(Ljavax/swing/Action;)V @ 7 c2
Event: 7392.196 Thread 0x000002049be0c000 Uncommon trap: reason=unstable_if action=reinterpret pc=0x000002048fca23d0 method=de.javasoft.plaf.synthetica.SyntheticaMenuItemUI.layoutMenuItem(Ljavax/swing/plaf/synth/SynthContext;Ljava/awt/FontMetrics;Ljavax/swing/plaf/synth/SynthContext;Ljava/lang/St
Event: 7392.221 Thread 0x000002049be0c000 Uncommon trap: reason=unstable_if action=reinterpret pc=0x000002048fcad03c method=com.jidesoft.docking.DefaultDockingManager.handleEvent(Ljava/awt/AWTEvent;)Z @ 584 c2
Event: 7394.873 Thread 0x000002049be0c000 Uncommon trap: reason=bimorphic_or_optimized_type_check action=maybe_recompile pc=0x000002048f793c7c method=ui.b.c.b.p.yr(I)Lui/data/bp; @ 21 c2
Event: 7394.880 Thread 0x000002049be0c000 Uncommon trap: reason=class_check action=maybe_recompile pc=0x000002048f8700f4 method=javax.swing.JMenuItem.configurePropertiesFromAction(Ljavax/swing/Action;)V @ 7 c2
Event: 7395.819 Thread 0x000002049be0c000 Uncommon trap: reason=unstable_if action=reinterpret pc=0x000002048fad9318 method=sun.java2d.pipe.Region.clipBoxToBounds([I)V @ 24 c2
Event: 7395.820 Thread 0x000002049be0c000 Uncommon trap: reason=unstable_if action=reinterpret pc=0x000002048fc48b74 method=ui.utils.aP.a(Ljava/awt/FontMetrics;Ljava/lang/String;Ljava/awt/Rectangle;Ljava/awt/Insets;Lui/utils/aU;)Ljava/lang/String; @ 48 c2
Event: 7395.862 Thread 0x000002049be0c000 Uncommon trap: reason=unstable_if action=reinterpret pc=0x000002048fc4d714 method=ui.utils.aP.a(Ljava/awt/FontMetrics;Ljava/lang/String;Ljava/awt/Rectangle;Ljava/awt/Insets;Lui/utils/aU;)Ljava/lang/String; @ 48 c2
Event: 7413.420 Thread 0x000002049be0c000 Uncommon trap: reason=null_check action=make_not_entrant pc=0x000002048fdb7b94 method=javax.swing.tree.VariableHeightLayoutCache$VisibleTreeStateNodeEnumeration.findNextValidParent()Z @ 35 c2
Event: 7415.730 Thread 0x000002049be0c000 Uncommon trap: reason=unstable_if action=reinterpret pc=0x000002048fbe49d8 method=javax.swing.DefaultListSelectionModel.removeIndexInterval(II)V @ 97 c2

Classes redefined (0 events):
No events

Internal exceptions (10 events):
Event: 7385.080 Thread 0x000002049be0c000 Exception <a 'java/lang/NoSuchMethodError'{0x000000070bc143d0}: method resolution failed> (0x000000070bc143d0) thrown at [t:/workspace/hotspot/src/share/vm/prims/methodHandles.cpp, line 1256]
Event: 7385.080 Thread 0x000002049be0c000 Exception <a 'java/lang/NoSuchMethodError'{0x000000070bc24758}: method resolution failed> (0x000000070bc24758) thrown at [t:/workspace/hotspot/src/share/vm/prims/methodHandles.cpp, line 1256]
Event: 7385.080 Thread 0x000002049be0c000 Exception <a 'java/lang/NoSuchMethodError'{0x000000070bc29b18}: java.lang.invoke.DelegatingMethodHandle$Holder.reinvoke_L(Ljava/lang/Object;Ljava/lang/Object;Ljava/lang/Object;Ljava/lang/Object;Ljava/lang/Object;IILjava/lang/Object;Ljava/lang/Object;IILja
Event: 7389.655 Thread 0x000002049be0c000 Exception <a 'java/lang/NoSuchMethodError'{0x000000070aeecbb0}: java.lang.invoke.DelegatingMethodHandle$Holder.reinvoke_L(Ljava/lang/Object;IIILjava/lang/Object;Ljava/lang/Object;I)Ljava/lang/Object;> (0x000000070aeecbb0) thrown at [t:/workspace/hotspot/s
Event: 7390.810 Thread 0x000002049be0c000 Exception <a 'java/lang/NoSuchMethodError'{0x000000070a472c40}: method resolution failed> (0x000000070a472c40) thrown at [t:/workspace/hotspot/src/share/vm/prims/methodHandles.cpp, line 1256]
Event: 7390.811 Thread 0x000002049be0c000 Exception <a 'java/lang/NoSuchMethodError'{0x000000070a476d78}: java.lang.invoke.DelegatingMethodHandle$Holder.reinvoke_L(Ljava/lang/Object;Ljava/lang/Object;IILjava/lang/Object;Ljava/lang/Object;ILjava/lang/Object;II)Ljava/lang/Object;> (0x000000070a476d
Event: 7390.812 Thread 0x000002049be0c000 Exception <a 'java/lang/NoSuchMethodError'{0x000000070a4e37e8}: java.lang.invoke.DirectMethodHandle$Holder.invokeSpecial(Ljava/lang/Object;Ljava/lang/Object;IIILjava/lang/Object;Ljava/lang/Object;ILjava/lang/Object;II)Ljava/lang/Object;> (0x000000070a4e37
Event: 7390.812 Thread 0x000002049be0c000 Exception <a 'java/lang/NoSuchMethodError'{0x000000070a4e7310}: java.lang.invoke.DelegatingMethodHandle$Holder.reinvoke_L(Ljava/lang/Object;IIILjava/lang/Object;Ljava/lang/Object;ILjava/lang/Object;II)Ljava/lang/Object;> (0x000000070a4e7310) thrown at [t:
Event: 7390.813 Thread 0x000002049be0c000 Exception <a 'java/lang/NoSuchMethodError'{0x000000070a305a88}: method resolution failed> (0x000000070a305a88) thrown at [t:/workspace/hotspot/src/share/vm/prims/methodHandles.cpp, line 1256]
Event: 7413.420 Thread 0x000002049be0c000 Implicit null exception at 0x000002048fdb5fd4 to 0x000002048fdb7b89

Events (10 events):
Event: 7415.701 Thread 0x00000204b3032000 Thread added: 0x00000204b3032000
Event: 7415.703 Executing VM operation: RevokeBias
Event: 7415.703 Executing VM operation: RevokeBias done
Event: 7415.703 Executing VM operation: RevokeBias
Event: 7415.704 Executing VM operation: RevokeBias done
Event: 7415.730 Thread 0x000002049be0c000 Uncommon trap: trap_request=0xffffff5d fr.pc=0x000002048fbe49d8 relative=0x0000000000000218
Event: 7415.730 Thread 0x000002049be0c000 DEOPT PACKING pc=0x000002048fbe49d8 sp=0x000000bf9d8f6d90
Event: 7415.730 Thread 0x000002049be0c000 DEOPT UNPACKING pc=0x0000020486b8df29 sp=0x000000bf9d8f6d20 mode 2
Event: 7415.843 Thread 0x00000204b3030800 Thread added: 0x00000204b3030800
Event: 7415.844 Thread 0x00000204b3030800 Thread exited: 0x00000204b3030800


Dynamic libraries:
0x00007ff6d9600000 - 0x00007ff6d9630000 	C:\Xilinx\Vivado\2018.3\bin\unwrapped\win64.o\vivado.exe
0x00007ffb5fd10000 - 0x00007ffb5ff27000 	C:\WINDOWS\SYSTEM32\ntdll.dll
0x00007ffb5da50000 - 0x00007ffb5db14000 	C:\WINDOWS\System32\KERNEL32.DLL
0x00007ffb5d0d0000 - 0x00007ffb5d47d000 	C:\WINDOWS\System32\KERNELBASE.dll
0x00007ffb5d7b0000 - 0x00007ffb5d8c1000 	C:\WINDOWS\System32\ucrtbase.dll
0x00007ffb58ca0000 - 0x00007ffb58cb4000 	C:\Xilinx\Vivado\2018.3\lib\win64.o\libboost_signals.dll
0x00007ffaeca30000 - 0x00007ffaed8c4000 	C:\Xilinx\Vivado\2018.3\lib\win64.o\librdi_common.dll
0x00007ffb3d1c0000 - 0x00007ffb3d24d000 	C:\WINDOWS\SYSTEM32\MSVCP140.dll
0x00007ffb58be0000 - 0x00007ffb58bf4000 	C:\Xilinx\Vivado\2018.3\lib\win64.o\librdi_commonmain.dll
0x00007ffb58d70000 - 0x00007ffb58d8e000 	C:\WINDOWS\SYSTEM32\VCRUNTIME140.dll
0x00007ffb5efb0000 - 0x00007ffb5f15e000 	C:\WINDOWS\System32\USER32.dll
0x00007ffb5d8d0000 - 0x00007ffb5d8f6000 	C:\WINDOWS\System32\win32u.dll
0x00007ffb5f450000 - 0x00007ffb5f479000 	C:\WINDOWS\System32\GDI32.dll
0x00007ffb5d480000 - 0x00007ffb5d599000 	C:\WINDOWS\System32\gdi32full.dll
0x00007ffb5d030000 - 0x00007ffb5d0ca000 	C:\WINDOWS\System32\msvcp_win.dll
0x00007ffaf4ea0000 - 0x00007ffaf520e000 	C:\Xilinx\Vivado\2018.3\lib\win64.o\libCOIN-all.dll
0x00007ffb58bc0000 - 0x00007ffb58bd4000 	C:\Xilinx\Vivado\2018.3\lib\win64.o\libboost_date_time.dll
0x00007ffaf5a70000 - 0x00007ffaf5d25000 	C:\Xilinx\Vivado\2018.3\lib\win64.o\libXil_lmgr11.dll
0x00007ffb5f990000 - 0x00007ffb5fa42000 	C:\WINDOWS\System32\ADVAPI32.dll
0x00007ffb5dbe0000 - 0x00007ffb5dcdf000 	C:\WINDOWS\System32\COMDLG32.dll
0x00007ffb5dde0000 - 0x00007ffb5e16d000 	C:\WINDOWS\System32\combase.dll
0x00007ffb33570000 - 0x00007ffb335ef000 	C:\Xilinx\Vivado\2018.3\lib\win64.o\libboost_program_options.dll
0x00007ffb5fb20000 - 0x00007ffb5fc34000 	C:\WINDOWS\System32\RPCRT4.dll
0x00007ffb5e480000 - 0x00007ffb5e579000 	C:\WINDOWS\System32\shcore.dll
0x00007ffb5f160000 - 0x00007ffb5f207000 	C:\WINDOWS\System32\msvcrt.dll
0x00007ffb5f210000 - 0x00007ffb5f2b9000 	C:\WINDOWS\System32\sechost.dll
0x00007ffb5dd00000 - 0x00007ffb5dd5e000 	C:\WINDOWS\System32\SHLWAPI.dll
0x00007ffb5d780000 - 0x00007ffb5d7a8000 	C:\WINDOWS\System32\bcrypt.dll
0x00007ffb2c570000 - 0x00007ffb2c684000 	C:\Xilinx\Vivado\2018.3\lib\win64.o\libboost_regex.dll
0x00007ffb5e740000 - 0x00007ffb5efa7000 	C:\WINDOWS\System32\SHELL32.dll
0x00007ffb5f2c0000 - 0x00007ffb5f397000 	C:\WINDOWS\System32\OLEAUT32.dll
0x00007ffb5e2d0000 - 0x00007ffb5e475000 	C:\WINDOWS\System32\ole32.dll
0x00007ffb59ae0000 - 0x00007ffb59aeb000 	C:\Xilinx\Vivado\2018.3\lib\win64.o\libboost_system.dll
0x00007ffb5fc50000 - 0x00007ffb5fcc1000 	C:\WINDOWS\System32\WS2_32.dll
0x00007ffb58aa0000 - 0x00007ffb58ac6000 	C:\Xilinx\Vivado\2018.3\lib\win64.o\libboost_filesystem.dll
0x00007ffb5d5a0000 - 0x00007ffb5d60b000 	C:\WINDOWS\System32\WINTRUST.dll
0x00007ffb57c70000 - 0x00007ffb57c91000 	C:\Xilinx\Vivado\2018.3\lib\win64.o\libboost_thread.dll
0x00007ffb5d610000 - 0x00007ffb5d777000 	C:\WINDOWS\System32\CRYPT32.dll
0x00007ffb2c880000 - 0x00007ffb2c902000 	C:\Xilinx\Vivado\2018.3\lib\win64.o\libhdlpsolve.dll
0x00007ffb58bb0000 - 0x00007ffb58bbf000 	C:\Xilinx\Vivado\2018.3\lib\win64.o\libboost_xilinx.dll
0x00007ffb2c380000 - 0x00007ffb2c425000 	C:\Xilinx\Vivado\2018.3\lib\win64.o\libhdxml.dll
0x00007ffb403d0000 - 0x00007ffb40435000 	C:\Xilinx\Vivado\2018.3\lib\win64.o\liblmx6.0.dll
0x00007ffb42ca0000 - 0x00007ffb42cce000 	C:\Xilinx\Vivado\2018.3\lib\win64.o\libisl_sysinfo.dll
0x00007ffaf2780000 - 0x00007ffaf2fce600 	C:\Xilinx\Vivado\2018.3\lib\win64.o\libisl_iostreams.dll
0x00007ffb58070000 - 0x00007ffb5808c000 	C:\Xilinx\Vivado\2018.3\lib\win64.o\librdiconfig.dll
0x00007ffb41610000 - 0x00007ffb41631000 	C:\Xilinx\Vivado\2018.3\lib\win64.o\librdizlib.dll
0x00007ffb26130000 - 0x00007ffb26251000 	C:\Xilinx\Vivado\2018.3\lib\win64.o\librdi_commonxillic.dll
0x0000000069d70000 - 0x0000000069e9b000 	C:\Xilinx\Vivado\2018.3\lib\win64.o\tcl85t.dll
0x0000000012000000 - 0x0000000012272000 	C:\Xilinx\Vivado\2018.3\lib\win64.o\xerces-c_3_1.dll
0x00007ffb59ce0000 - 0x00007ffb59cec000 	C:\WINDOWS\SYSTEM32\VCRUNTIME140_1.dll
0x00007ffb58ba0000 - 0x00007ffb58baa000 	C:\Xilinx\Vivado\2018.3\lib\win64.o\librdi_commonversion.dll
0x00007ffb38790000 - 0x00007ffb387a9000 	C:\WINDOWS\SYSTEM32\NETAPI32.dll
0x00007ffb59540000 - 0x00007ffb59676000 	C:\WINDOWS\SYSTEM32\WINHTTP.dll
0x00007ffb33bb0000 - 0x00007ffb33da0000 	C:\WINDOWS\SYSTEM32\urlmon.dll
0x00007ffb4cac0000 - 0x00007ffb4cfbe000 	C:\WINDOWS\SYSTEM32\WININET.dll
0x00007ffb55f70000 - 0x00007ffb55f8a000 	C:\Xilinx\Vivado\2018.3\lib\win64.o\pthreadVC2.dll
0x00007ffb39f40000 - 0x00007ffb39ff3000 	C:\WINDOWS\WinSxS\amd64_microsoft.windows.common-controls_6595b64144ccf1df_5.82.22621.3527_none_b43b7f4b638cc64f\COMCTL32.dll
0x00007ffb37b30000 - 0x00007ffb37b39000 	C:\WINDOWS\SYSTEM32\WSOCK32.dll
0x00007ffb3e310000 - 0x00007ffb3e340000 	C:\WINDOWS\SYSTEM32\VCOMP140.DLL
0x00007ffae8220000 - 0x00007ffae90b1000 	C:\Xilinx\Vivado\2018.3\lib\win64.o\gurobi65.dll
0x00007ffb59430000 - 0x00007ffb5944f000 	C:\WINDOWS\SYSTEM32\dhcpcsvc.DLL
0x00007ffb58b70000 - 0x00007ffb58b7d000 	C:\Xilinx\Vivado\2018.3\lib\win64.o\libboost_chrono.dll
0x00007ffb42e40000 - 0x00007ffb430fe000 	C:\WINDOWS\SYSTEM32\iertutil.dll
0x00007ffb43710000 - 0x00007ffb4372b000 	C:\Xilinx\Vivado\2018.3\lib\win64.o\libboost_iostreams.dll
0x00007ffb3d3b0000 - 0x00007ffb3d3d5000 	C:\Xilinx\Vivado\2018.3\lib\win64.o\libisl_iosutils.dll
0x00007ffb38760000 - 0x00007ffb38788000 	C:\WINDOWS\SYSTEM32\srvcli.dll
0x00007ffb5bb00000 - 0x00007ffb5bb0c000 	C:\WINDOWS\SYSTEM32\netutils.dll
0x00007ffb5f410000 - 0x00007ffb5f441000 	C:\WINDOWS\System32\IMM32.DLL
0x00007ffb5c980000 - 0x00007ffb5c992000 	C:\WINDOWS\SYSTEM32\MSASN1.dll
0x00007ffb5c110000 - 0x00007ffb5c128000 	C:\WINDOWS\SYSTEM32\kernel.appcore.dll
0x00007ffaf12f0000 - 0x00007ffaf17e5000 	C:\Xilinx\Vivado\2018.3\lib\win64.o\librdi_commontasks.dll
0x00007ffb58300000 - 0x00007ffb5830a000 	C:\WINDOWS\SYSTEM32\VERSION.dll
0x00007ffaf4c20000 - 0x00007ffaf4e9f000 	C:\Xilinx\Vivado\2018.3\lib\win64.o\librdi_sio.dll
0x00007ffb5bb10000 - 0x00007ffb5bb3d000 	C:\WINDOWS\SYSTEM32\IPHLPAPI.DLL
0x00000000687c0000 - 0x00000000691e5000 	C:\Xilinx\Vivado\2018.3\tps\win64\jre9.0.4\bin\server\jvm.dll
0x00007ffb5fc40000 - 0x00007ffb5fc48000 	C:\WINDOWS\System32\PSAPI.DLL
0x00007ffb58370000 - 0x00007ffb583a4000 	C:\WINDOWS\SYSTEM32\WINMM.dll
0x00007ffb29350000 - 0x00007ffb2943f000 	C:\WINDOWS\SYSTEM32\MSVCR120.dll
0x00007ffb5c580000 - 0x00007ffb5c5e9000 	C:\WINDOWS\SYSTEM32\MSWSOCK.DLL
0x00007ffb5af30000 - 0x00007ffb5b82e000 	C:\WINDOWS\SYSTEM32\windows.storage.dll
0x00007ffb5adf0000 - 0x00007ffb5af2f000 	C:\WINDOWS\SYSTEM32\wintypes.dll
0x00007ffae5e50000 - 0x00007ffae8212000 	C:\Xilinx\Vivado\2018.3\lib\win64.o\librdi_tcltasks.dll
0x00007ffb0e000000 - 0x00007ffb0e17e000 	C:\Xilinx\Vivado\2018.3\lib\win64.o\librdi_board.dll
0x00007ffb25fe0000 - 0x00007ffb260bc000 	C:\Xilinx\Vivado\2018.3\lib\win64.o\librdi_chipscope.dll
0x00007ffb2d510000 - 0x00007ffb2d57a000 	C:\Xilinx\Vivado\2018.3\lib\win64.o\librdi_boarddep.dll
0x00007ffaf0f10000 - 0x00007ffaf12ec000 	C:\Xilinx\Vivado\2018.3\lib\win64.o\librdi_bitstream.dll
0x00007ffb07030000 - 0x00007ffb071e9000 	C:\Xilinx\Vivado\2018.3\lib\win64.o\librdi_chipscopeimpl.dll
0x00007ffb06720000 - 0x00007ffb06868000 	C:\Xilinx\Vivado\2018.3\lib\win64.o\librdi_containers.dll
0x00007ffabd0e0000 - 0x00007ffabe9e5000 	C:\Xilinx\Vivado\2018.3\lib\win64.o\librdi_constraints.dll
0x00007ffaeeaf0000 - 0x00007ffaef1ca000 	C:\Xilinx\Vivado\2018.3\lib\win64.o\librdi_coregenipxact.dll
0x00007ffabb2c0000 - 0x00007ffabd0df000 	C:\Xilinx\Vivado\2018.3\lib\win64.o\librdi_coregen.dll
0x00007ffaf0bf0000 - 0x00007ffaf0f0b000 	C:\Xilinx\Vivado\2018.3\lib\win64.o\librdi_dlyest.dll
0x00007ffae56c0000 - 0x00007ffae5c20000 	C:\Xilinx\Vivado\2018.3\lib\win64.o\librdi_drc.dll
0x00007ffab52b0000 - 0x00007ffab90ab000 	C:\Xilinx\Vivado\2018.3\lib\win64.o\librdi_designutils.dll
0x00007ffb0db50000 - 0x00007ffb0dc12000 	C:\Xilinx\Vivado\2018.3\lib\win64.o\librdi_dsp.dll
0x00007ffae5080000 - 0x00007ffae56bf000 	C:\Xilinx\Vivado\2018.3\lib\win64.o\librdi_filemgmt.dll
0x00007ffaf3950000 - 0x00007ffaf3c2a000 	C:\Xilinx\Vivado\2018.3\lib\win64.o\librdi_guitools.dll
0x00007ffb2cd60000 - 0x00007ffb2cdbd000 	C:\Xilinx\Vivado\2018.3\lib\win64.o\librdi_hdf.dll
0x00007ffab9f20000 - 0x00007ffabb2b1000 	C:\Xilinx\Vivado\2018.3\lib\win64.o\librdi_implflow.dll
0x00007ffb26310000 - 0x00007ffb26381000 	C:\Xilinx\Vivado\2018.3\lib\win64.o\librdi_memoryarray.dll
0x00007ffae3dd0000 - 0x00007ffae43e5000 	C:\Xilinx\Vivado\2018.3\lib\win64.o\librdi_memdata.dll
0x00007ffadfff0000 - 0x00007ffae062b000 	C:\Xilinx\Vivado\2018.3\lib\win64.o\librdi_netlist.dll
0x00007ffb38d60000 - 0x00007ffb38db0000 	C:\Xilinx\Vivado\2018.3\lib\win64.o\librdi_pfi.dll
0x00007ffaa4550000 - 0x00007ffab52a2000 	C:\Xilinx\Vivado\2018.3\lib\win64.o\librdi_device.dll
0x00007ffaee7e0000 - 0x00007ffaeeae7000 	C:\Xilinx\Vivado\2018.3\lib\win64.o\librdi_platform.dll
0x00007ffadc6c0000 - 0x00007ffadcdb5000 	C:\Xilinx\Vivado\2018.3\lib\win64.o\librdi_power.dll
0x00007ffae2c30000 - 0x00007ffae3186000 	C:\Xilinx\Vivado\2018.3\lib\win64.o\librdi_project.dll
0x00007ffac0090000 - 0x00007ffac0783000 	C:\Xilinx\Vivado\2018.3\lib\win64.o\librdi_psta.dll
0x00007ffab9840000 - 0x00007ffab9f19000 	C:\Xilinx\Vivado\2018.3\lib\win64.o\librdi_rsb.dll
0x00007ffaec650000 - 0x00007ffaeca27000 	C:\Xilinx\Vivado\2018.3\lib\win64.o\librdi_runs.dll
0x00007ffb06c00000 - 0x00007ffb06cd8000 	C:\Xilinx\Vivado\2018.3\lib\win64.o\librdi_runsbase.dll
0x00007ffaeda50000 - 0x00007ffaedc78000 	C:\Xilinx\Vivado\2018.3\lib\win64.o\librdi_simdata.dll
0x00007ffb00c40000 - 0x00007ffb00d94000 	C:\Xilinx\Vivado\2018.3\lib\win64.o\librdi_advchipscopeimpl.dll
0x00007ffa9d8f0000 - 0x00007ffa9e67d000 	C:\Xilinx\Vivado\2018.3\lib\win64.o\librdi_timing.dll
0x00007ffa9e680000 - 0x00007ffaa0b94000 	C:\Xilinx\Vivado\2018.3\lib\win64.o\librdi_place.dll
0x00007ffb33630000 - 0x00007ffb3367c000 	C:\Xilinx\Vivado\2018.3\lib\win64.o\libboost_serialization.dll
0x00007ffb06590000 - 0x00007ffb06648000 	C:\Xilinx\Vivado\2018.3\lib\win64.o\librdi_hip_devdesign.dll
0x00007ffb07290000 - 0x00007ffb0733b000 	C:\Xilinx\Vivado\2018.3\lib\win64.o\librdi_ipconfig_readwrite.dll
0x00007ffb3d370000 - 0x00007ffb3d3a8000 	C:\Xilinx\Vivado\2018.3\lib\win64.o\librdi_noc_frameworks.dll
0x00007ffb0d860000 - 0x00007ffb0d8fe000 	C:\Xilinx\Vivado\2018.3\lib\win64.o\libise.dll
0x00007ffadc0d0000 - 0x00007ffadc6b4000 	C:\Xilinx\Vivado\2018.3\lib\win64.o\librdi_wavedata.dll
0x00007ffb31380000 - 0x00007ffb313c9000 	C:\Xilinx\Vivado\2018.3\lib\win64.o\librdi_wavedata_SimpleApi.dll
0x00007ffa9cda0000 - 0x00007ffa9d8e7000 	C:\Xilinx\Vivado\2018.3\lib\win64.o\libverific.dll
0x00007ffae3a10000 - 0x00007ffae3dc5000 	C:\Xilinx\Vivado\2018.3\lib\win64.o\librdi_hip_config.dll
0x00007ffadf2d0000 - 0x00007ffadf81e000 	C:\Xilinx\Vivado\2018.3\lib\win64.o\librdi_xdm.dll
0x00007ffb2b330000 - 0x00007ffb2b393000 	C:\Xilinx\Vivado\2018.3\lib\win64.o\librdi_hip_mathengine.dll
0x00007ffa9bd90000 - 0x00007ffa9cd92000 	C:\Xilinx\Vivado\2018.3\lib\win64.o\librdi_route.dll
0x00007ffb0b650000 - 0x00007ffb0b6d8000 	C:\Xilinx\Vivado\2018.3\lib\win64.o\librdi_meir_core.dll

VM Arguments:
jvm_args: -Dsun.java2d.pmoffscreen=false -Dsun.java2d.xrender=false -Dsun.java2d.d3d=false -Dsun.awt.nopixfmt=true -Dsun.java2d.dpiaware=true -Dsun.java2d.uiScale.enabled=false -Xverify:none -Dswing.aatext=true -XX:-UsePerfData -Djdk.map.althashing.threshold=512 -XX:StringTableSize=4072 --add-opens=java.base/java.nio=ALL-UNNAMED --add-opens=java.desktop/sun.swing=ALL-UNNAMED --add-opens=java.desktop/javax.swing=ALL-UNNAMED --add-opens=java.desktop/javax.swing.tree=ALL-UNNAMED --add-opens=java.desktop/javax.swing.plaf.basic=ALL-UNNAMED --add-opens=java.desktop/javax.swing.plaf.synth=ALL-UNNAMED --add-opens=java.desktop/com.sun.awt=ALL-UNNAMED -XX:NewSize=60m -XX:MaxNewSize=60m -Xms128m -Xmx3072m -Xss5m 
java_command: <unknown>
java_class_path (initial): C:/Xilinx/Vivado/2018.3\lib\classes\alloy.jar;C:/Xilinx/Vivado/2018.3\lib\classes\autopilot.scelaborator.jar;C:/Xilinx/Vivado/2018.3\lib\classes\autopilot.sourceprocessor.jar;C:/Xilinx/Vivado/2018.3\lib\classes\autopilot.tbprocessor.jar;C:/Xilinx/Vivado/2018.3\lib\classes\batik-anim.jar;C:/Xilinx/Vivado/2018.3\lib\classes\batik-awt-util.jar;C:/Xilinx/Vivado/2018.3\lib\classes\batik-bridge.jar;C:/Xilinx/Vivado/2018.3\lib\classes\batik-codec.jar;C:/Xilinx/Vivado/2018.3\lib\classes\batik-css.jar;C:/Xilinx/Vivado/2018.3\lib\classes\batik-dom.jar;C:/Xilinx/Vivado/2018.3\lib\classes\batik-ext.jar;C:/Xilinx/Vivado/2018.3\lib\classes\batik-gui-util.jar;C:/Xilinx/Vivado/2018.3\lib\classes\batik-gvt.jar;C:/Xilinx/Vivado/2018.3\lib\classes\batik-parser.jar;C:/Xilinx/Vivado/2018.3\lib\classes\batik-script.jar;C:/Xilinx/Vivado/2018.3\lib\classes\batik-svg-dom.jar;C:/Xilinx/Vivado/2018.3\lib\classes\batik-swing.jar;C:/Xilinx/Vivado/2018.3\lib\classes\batik-transcoder.jar;C:/Xilinx/Vivado/2018.3\lib\classes\batik-util.jar;C:/Xilinx/Vivado/2018.3\lib\classes\batik-xml.jar;C:/Xilinx/Vivado/2018.3\lib\classes\com.ibm.icu_4.4.2.v20110208.jar;C:/Xilinx/Vivado/2018.3\lib\classes\commons-collections4-4.1.jar;C:/Xilinx/Vivado/2018.3\lib\classes\commons-math-2.2.jar;C:/Xilinx/Vivado/2018.3\lib\classes\dom4j-1.6.1.jar;C:/Xilinx/Vivado/2018.3\lib\classes\guava-18.0.jar;C:/Xilinx/Vivado/2018.3\lib\classes\help.jar;C:/Xilinx/Vivado/2018.3\lib\classes\hsqldb.jar;C:/Xilinx/Vivado/2018.3\lib\classes\jargs.jar;C:/Xilinx/Vivado/2018.3\lib\classes\jaxb-api-2.3.0.jar;C:/Xilinx/Vivado/2018.3\lib\classes\jh.jar;C:/Xilinx/Vivado/2018.3\lib\classes\jide-action.jar;C:/Xilinx/Vivado/2018.3\lib\classes\jide-charts.jar;C:/Xilinx/Vivado/2018.3\lib\classes\jide-common.jar;C:/Xilinx/Vivado/2018.3\lib\classes\jide-components.jar;C:/Xilinx/Vivado/2018.3\lib\classes\jide-dashboard.jar;C:/Xilinx/Vivado/2018.3\lib\classes\jide-data.jar;C:/Xilinx/Vivado/2018.3\lib\classes\jide-dialogs.jar
Launcher Type: generic

Logging:
Log output configuration:
#0: stdout all=warning uptime,level,tags
#1: stderr all=off uptime,level,tags

Environment Variables:
PATH=C:/Xilinx/Vivado/2018.3/bin;C:/Xilinx/Vivado/2018.3/lib/win64.o;C:/Xilinx/Vivado/2018.3/tps/win64/jre9.0.4/bin/server;C:/Xilinx/Vivado/2018.3/tps/win64/jre9.0.4/bin;C:/Xilinx/SDK/2018.3/bin;C:/Xilinx/Vivado/2018.3/ids_lite/ISE/bin/nt64;C:/Xilinx/Vivado/2018.3/ids_lite/ISE/lib/nt64;C:\windows\system32;C:\windows;C:\windows\System32\Wbem;C:\windows\System32\WindowsPowerShell\v1.0\;C:\windows\System32\OpenSSH\;C:\Program Files (x86)\NVIDIA Corporation\PhysX\Common;C:\MinGW\bin;C:\Program Files\dotnet\;C:\Program Files\NVIDIA Corporation\NVIDIA NvDLISR;C:\Reality\lua;C:\Reality\L2D;C:\Reality\Aseprite(Build)\ninja;C:\Program Files\CMake\bin;C:\Reality\Portable_Git\git-bash;C:\Program Files (x86)\NoteBook FanControl\;C:\Program Files\Git\cmd;C:\Program Files\Go\bin;C:\Program Files\Calibre2\;C:\Program Files\HP\HP One Agent;C:\Program Files (x86)\Windows Kits\10\Windows Performance Toolkit\;C:\Users\jatin\AppData\Local\Programs\Python\Python311\Scripts\;C:\Users\jatin\AppData\Local\Programs\Python\Python311\;C:\Users\jatin\AppData\Local\Microsoft\WindowsApps;C:\Users\jatin\AppData\Local\Programs\Microsoft VS Code\bin;C:\msys64\mingw64\bin;C:\Users\jatin\.dotnet\tools;C:\Program Files\JetBrains\PyCharm Community Edition 2023.1.4\bin;C:\Users\jatin\go\bin;C:/Xilinx/Vivado/2018.3\tps\mingw\6.2.0\win64.o\nt\bin;C:/Xilinx/Vivado/2018.3\tps\mingw\6.2.0\win64.o\nt\libexec\gcc\x86_64-w64-mingw32\6.2.0
USERNAME=jatin
OS=Windows_NT
PROCESSOR_IDENTIFIER=Intel64 Family 6 Model 140 Stepping 1, GenuineIntel



---------------  S Y S T E M  ---------------

OS: Windows 10 , 64 bit Build 22621 (10.0.22621.3958)

CPU:total 8 (initial active 8) (4 cores per cpu, 2 threads per core) family 6 model 140 stepping 1, cmov, cx8, fxsr, mmx, sse, sse2, sse3, ssse3, sse4.1, sse4.2, popcnt, avx, avx2, aes, clmul, erms, 3dnowpref, lzcnt, ht, tsc, tscinvbit, bmi1, bmi2, adx, sha, fma

Memory: 4k page, physical 16517112k(6972192k free), swap 33294328k(20596236k free)

vm_info: Java HotSpot(TM) 64-Bit Server VM (9.0.4+11) for windows-amd64 JRE (9.0.4+11), built on Dec 20 2017 02:18:54 by "mach5one" with MS VC++ 12.0 (VS2013)

END.
