#
# A fatal error has been detected by the Java Runtime Environment:
#
#  EXCEPTION_ACCESS_VIOLATION (0xc0000005) at pc=0x00007ffaecda880f, pid=16672, tid=3536
#
# JRE version: Java(TM) SE Runtime Environment (9.0+11) (build 9.0.4+11)
# Java VM: Java HotSpot(TM) 64-Bit Server VM (9.0.4+11, mixed mode, tiered, compressed oops, g1 gc, windows-amd64)
# Problematic frame:
# C  [librdi_common.dll+0x17880f]
#
# No core dump will be written. Minidumps are not enabled by default on client versions of Windows
#
# If you would like to submit a bug report, please visit:
#   http://bugreport.java.com/bugreport/crash.jsp
# The crash happened outside the Java Virtual Machine in native code.
# See problematic frame for where to report the bug.
#

---------------  S U M M A R Y ------------

Command Line: -Dsun.java2d.pmoffscreen=false -Dsun.java2d.xrender=false -Dsun.java2d.d3d=false -Dsun.awt.nopixfmt=true -Dsun.java2d.dpiaware=true -Dsun.java2d.uiScale.enabled=false -Xverify:none -Dswing.aatext=true -XX:-UsePerfData -Djdk.map.althashing.threshold=512 -XX:StringTableSize=4072 --add-opens=java.base/java.nio=ALL-UNNAMED --add-opens=java.desktop/sun.swing=ALL-UNNAMED --add-opens=java.desktop/javax.swing=ALL-UNNAMED --add-opens=java.desktop/javax.swing.tree=ALL-UNNAMED --add-opens=java.desktop/javax.swing.plaf.basic=ALL-UNNAMED --add-opens=java.desktop/javax.swing.plaf.synth=ALL-UNNAMED --add-opens=java.desktop/com.sun.awt=ALL-UNNAMED -XX:NewSize=60m -XX:MaxNewSize=60m -Xms128m -Xmx3072m -Xss5m 

Host: 11th Gen Intel(R) Core(TM) i7-11370H @ 3.30GHz, 8 cores, 15G,  Windows 10 , 64 bit Build 22621 (10.0.22621.3958)
Time: Fri Aug 16 14:58:47 2024 India Standard Time elapsed time: 3690 seconds (0d 1h 1m 30s)

---------------  T H R E A D  ---------------

Current thread (0x000001d02b895800):  JavaThread "AWT-EventQueue-1" [_thread_in_native, id=3536, stack(0x00000024ff700000,0x00000024ffc00000)]

Stack: [0x00000024ff700000,0x00000024ffc00000],  sp=0x00000024ffbfb270,  free space=5100k
Native frames: (J=compiled Java code, j=interpreted, Vv=VM code, C=native code)
C  [librdi_common.dll+0x17880f]
C  [librdi_common.dll+0x81bcd]
C  0x00007ffadc2a9e1e
C  0x00007ffadc326eaf
C  0x00007ffadc32e869
C  0x00007ffadc2ff5bb
C  0x00007ffadc33b487
C  0x000001d0182984ba

Java frames: (J=compiled Java code, j=interpreted, Vv=VM code)
J 17889  ui.views.waveform.waveformi.WVExecutive_getTooltipTextDelayed(J)Ljava/lang/String; (0 bytes) @ 0x000001d018298421 [0x000001d0182983e0+0x0000000000000041]
J 17901 c1 ui.views.waveform.b.a.bI(Ljava/awt/event/MouseEvent;)V (135 bytes) @ 0x000001d0121fc3a4 [0x000001d0121fbd00+0x00000000000006a4]
J 17896 c1 ui.views.waveform.b.a.mouseMoved(Ljava/awt/event/MouseEvent;)V (32 bytes) @ 0x000001d0121f25cc [0x000001d0121f20a0+0x000000000000052c]
J 13650 c2 java.awt.AWTEventMulticaster.mouseMoved(Ljava/awt/event/MouseEvent;)V java.desktop@9.0.4 (27 bytes) @ 0x000001d017d5baf4 [0x000001d017d5ba40+0x00000000000000b4]
J 19281 c2 javax.swing.JComponent.processMouseMotionEvent(Ljava/awt/event/MouseEvent;)V java.desktop@9.0.4 (46 bytes) @ 0x000001d017c16888 [0x000001d017c16640+0x0000000000000248]
J 16942 c1 ui.frmwork.c.i.processMouseMotionEvent(Ljava/awt/event/MouseEvent;)V (131 bytes) @ 0x000001d011f8eac4 [0x000001d011f8dc00+0x0000000000000ec4]
J 17444 c2 java.awt.Container.processEvent(Ljava/awt/AWTEvent;)V java.desktop@9.0.4 (22 bytes) @ 0x000001d0182076d8 [0x000001d018207520+0x00000000000001b8]
J 18853 c2 java.awt.Component.dispatchEventImpl(Ljava/awt/AWTEvent;)V java.desktop@9.0.4 (739 bytes) @ 0x000001d018468168 [0x000001d0184679e0+0x0000000000000788]
J 12556 c2 java.awt.Container.dispatchEventImpl(Ljava/awt/AWTEvent;)V java.desktop@9.0.4 (129 bytes) @ 0x000001d017bd6598 [0x000001d017bd6540+0x0000000000000058]
J 16770 c2 java.awt.LightweightDispatcher.retargetMouseEvent(Ljava/awt/Component;ILjava/awt/event/MouseEvent;)V java.desktop@9.0.4 (350 bytes) @ 0x000001d01810b448 [0x000001d01810aee0+0x0000000000000568]
J 18687 c2 java.awt.LightweightDispatcher.processMouseEvent(Ljava/awt/event/MouseEvent;)Z java.desktop@9.0.4 (265 bytes) @ 0x000001d01841b1e0 [0x000001d01841aa20+0x00000000000007c0]
J 12556 c2 java.awt.Container.dispatchEventImpl(Ljava/awt/AWTEvent;)V java.desktop@9.0.4 (129 bytes) @ 0x000001d017bd6890 [0x000001d017bd6540+0x0000000000000350]
J 13705 c2 java.awt.Window.dispatchEventImpl(Ljava/awt/AWTEvent;)V java.desktop@9.0.4 (23 bytes) @ 0x000001d017d8ae8c [0x000001d017d8ae40+0x000000000000004c]
J 12684 c2 java.awt.EventQueue$3.run()Ljava/lang/Object; java.desktop@9.0.4 (5 bytes) @ 0x000001d017c3413c [0x000001d017c33f80+0x00000000000001bc]
v  ~StubRoutines::call_stub
J 3002  java.security.AccessController.doPrivileged(Ljava/security/PrivilegedAction;Ljava/security/AccessControlContext;)Ljava/lang/Object; java.base@9.0.4 (0 bytes) @ 0x000001d01738a5c6 [0x000001d01738a560+0x0000000000000066]
J 13384 c2 java.awt.EventQueue$4.run()Ljava/lang/Object; java.desktop@9.0.4 (5 bytes) @ 0x000001d017cee5b4 [0x000001d017cee360+0x0000000000000254]
v  ~StubRoutines::call_stub
J 3002  java.security.AccessController.doPrivileged(Ljava/security/PrivilegedAction;Ljava/security/AccessControlContext;)Ljava/lang/Object; java.base@9.0.4 (0 bytes) @ 0x000001d01738a5c6 [0x000001d01738a560+0x0000000000000066]
J 12673 c2 ui.frmwork.b.d.dispatchEvent(Ljava/awt/AWTEvent;)V (34 bytes) @ 0x000001d017c26b9c [0x000001d017c26820+0x000000000000037c]
J 14050 c2 java.awt.EventDispatchThread.pumpOneEventForFilters(I)V java.desktop@9.0.4 (218 bytes) @ 0x000001d017dfac9c [0x000001d017df9f40+0x0000000000000d5c]
J 19571% c2 java.awt.EventDispatchThread.pumpEventsForFilter(ILjava/awt/Conditional;Ljava/awt/EventFilter;)V java.desktop@9.0.4 (47 bytes) @ 0x000001d01851efd8 [0x000001d01851eec0+0x0000000000000118]
j  java.awt.EventDispatchThread.pumpEventsForHierarchy(ILjava/awt/Conditional;Ljava/awt/Component;)V+11 java.desktop@9.0.4
j  java.awt.EventDispatchThread.pumpEvents(ILjava/awt/Conditional;)V+4 java.desktop@9.0.4
j  java.awt.EventDispatchThread.pumpEvents(Ljava/awt/Conditional;)V+3 java.desktop@9.0.4
j  java.awt.EventDispatchThread.run()V+9 java.desktop@9.0.4
v  ~StubRoutines::call_stub

siginfo: EXCEPTION_ACCESS_VIOLATION (0xc0000005), reading address 0xffffffffffffffff


Register to memory mapping:

RIP=0x00007ffaecda880f librdi_common.dll
RAX=0x000001d07f463901 is an unknown value
RBX=0x00000024ffbfb330 is pointing into the stack for thread: 0x000001d02b895800
RCX=0x000001d07f4639a0 is an unknown value
RDX=0x880252008db43ebb is an unknown value
RSP=0x00000024ffbfb270 is pointing into the stack for thread: 0x000001d02b895800
RBP=0x00000024ffbfb4c0 is pointing into the stack for thread: 0x000001d02b895800
RSI=0x0000000000000000 is an unknown value
RDI=0x880252008db43ebb is an unknown value
R8 =0x00007ffadc5137dc is an unknown value
R9 =0x0000000000000000 is an unknown value
R10=0x0000000000000001 is an unknown value
R11=0x00000024ffbfb2f8 is pointing into the stack for thread: 0x000001d02b895800
R12=0x0000000000000000 is an unknown value
R13=0x0000000000000000 is an unknown value
R14=0x000001d039379bb0 is an unknown value
R15=0x0000000002ceb060 is an unknown value


Registers:
RAX=0x000001d07f463901, RBX=0x00000024ffbfb330, RCX=0x000001d07f4639a0, RDX=0x880252008db43ebb
RSP=0x00000024ffbfb270, RBP=0x00000024ffbfb4c0, RSI=0x0000000000000000, RDI=0x880252008db43ebb
R8 =0x00007ffadc5137dc, R9 =0x0000000000000000, R10=0x0000000000000001, R11=0x00000024ffbfb2f8
R12=0x0000000000000000, R13=0x0000000000000000, R14=0x000001d039379bb0, R15=0x0000000002ceb060
RIP=0x00007ffaecda880f, EFLAGS=0x0000000000010202

Top of Stack: (sp=0x00000024ffbfb270)
0x00000024ffbfb270:   0000000000000000 000000000000000f
0x00000024ffbfb280:   000001d03e563500 00000024ffbfb330
0x00000024ffbfb290:   0000000000000000 fffffffffffffffe
0x00000024ffbfb2a0:   00007ffadc526500 00007ffb58d74de8
0x00000024ffbfb2b0:   0000000000000000 000000000000000f
0x00000024ffbfb2c0:   0000000065757200 0000000000000000
0x00000024ffbfb2d0:   0000000000000000 000000000000000f
0x00000024ffbfb2e0:   000009b38c6e2691 00007ffb58d74dc0
0x00000024ffbfb2f0:   00000024ffbfb4a8 00007ffaeccb1bcd
0x00000024ffbfb300:   00007ffadc513798 000001d039379bb0
0x00000024ffbfb310:   000001d039379bb0 000001d03d566460
0x00000024ffbfb320:   000001d039379bb0 fffffffffffffffe
0x00000024ffbfb330:   0000000703c3c440 00007ffadc2a8c87
0x00000024ffbfb340:   0000000002ceb060 000001d039379bb0
0x00000024ffbfb350:   000009b38c6e27e1 0000000000000000
0x00000024ffbfb360:   0000000000000000 00007ffadc2a9e1e 

Instructions: (pc=0x00007ffaecda880f)
0x00007ffaecda87ef:   6e 00 cc 48 83 f9 27 76 07 ff 15 e2 64 6e 00 cc
0x00007ffaecda87ff:   48 8b c8 e8 c9 b4 5a 00 48 8b c3 e9 1c 01 00 00
0x00007ffaecda880f:   48 8b 4f 50 48 85 c9 0f 84 ff 00 00 00 48 8d 54
0x00007ffaecda881f:   24 50 e8 ba e3 04 00 48 8b d0 48 8d 4c 24 30 e8 



---------------  P R O C E S S  ---------------

Java Threads: ( => current thread )
  0x000001d039736800 JavaThread "Relaunch Simulation" [_thread_in_native, id=16648, stack(0x0000002486200000,0x0000002486700000)]
  0x000001d03973a800 JavaThread "Thread-4327" [_thread_in_native, id=15632, stack(0x0000002486200000,0x0000002486300000)]
  0x000001d03973c000 JavaThread "Thread-3891" [_thread_in_native, id=14344, stack(0x0000002483b00000,0x0000002483c00000)]
  0x000001d039739800 JavaThread "Thread-3824" [_thread_in_native, id=18192, stack(0x0000002480a00000,0x0000002480b00000)]
  0x000001d039738000 JavaThread "Monitor File Timestamp Swing Worker" [_thread_blocked, id=5404, stack(0x0000002487c00000,0x0000002488100000)]
  0x000001d039739000 JavaThread "Timer-3" [_thread_blocked, id=8716, stack(0x0000002487100000,0x0000002487600000)]
  0x000001d039736000 JavaThread "Image Animator 3" daemon [_thread_blocked, id=11876, stack(0x0000002485c00000,0x0000002486100000)]
  0x000001d03ee01800 JavaThread "SyntheticaAnimation 50" daemon [_thread_blocked, id=3436, stack(0x0000002484600000,0x0000002484b00000)]
  0x000001d037123800 JavaThread "Update Runs Swing Worker" [_thread_blocked, id=17632, stack(0x0000002485700000,0x0000002485c00000)]
  0x000001d037125800 JavaThread "Refresh Filesets Swing Worker" [_thread_blocked, id=5436, stack(0x0000002485200000,0x0000002485700000)]
  0x000001d037125000 JavaThread "Swing-Shell" daemon [_thread_blocked, id=14224, stack(0x0000002484b00000,0x0000002485000000)]
  0x000001d037121000 JavaThread "Monitor File Timestamp Swing Worker" [_thread_blocked, id=7932, stack(0x0000002484100000,0x0000002484600000)]
  0x000001d037120800 JavaThread "Timer-1" [_thread_blocked, id=1316, stack(0x0000002483000000,0x0000002483500000)]
  0x000001d03711f000 JavaThread "Monitor File Timestamp Swing Worker" [_thread_blocked, id=3416, stack(0x0000002483c00000,0x0000002484100000)]
  0x000001d03711e000 JavaThread "Timer-0" [_thread_blocked, id=17764, stack(0x0000002483500000,0x0000002483a00000)]
  0x000001d03711d800 JavaThread "SyntheticaAnimation 50" daemon [_thread_blocked, id=8260, stack(0x0000002480000000,0x0000002480500000)]
  0x000001d037119800 JavaThread "hw_ila_monitor" [_thread_blocked, id=20324, stack(0x0000002482b00000,0x0000002483000000)]
  0x000001d02c8a5800 JavaThread "Update Runs Swing Worker" [_thread_blocked, id=5656, stack(0x0000002482600000,0x0000002482b00000)]
  0x000001d02c8a9000 JavaThread "Refresh Filesets Swing Worker" [_thread_blocked, id=13944, stack(0x0000002482100000,0x0000002482600000)]
  0x000001d02c8a4800 JavaThread "SyntheticaAnimation 70" daemon [_thread_blocked, id=11168, stack(0x0000002481c00000,0x0000002482100000)]
  0x000001d02c8a7800 JavaThread "SyntheticaAnimation 25" daemon [_thread_blocked, id=16032, stack(0x0000002481700000,0x0000002481c00000)]
  0x000001d02c8a3000 JavaThread "SyntheticaAnimation 50" daemon [_thread_blocked, id=7060, stack(0x0000002481200000,0x0000002481700000)]
  0x000001d02c8a7000 JavaThread "Monitor HEventQueue" [_thread_blocked, id=16256, stack(0x0000002480d00000,0x0000002481200000)]
  0x000001d02c8a4000 JavaThread "Batik CleanerThread" daemon [_thread_blocked, id=744, stack(0x0000002480500000,0x0000002480a00000)]
  0x000001d02c8a6000 JavaThread "SyntheticaCleanerThread" daemon [_thread_blocked, id=18584, stack(0x00000024fed00000,0x00000024ff200000)]
=>0x000001d02b895800 JavaThread "AWT-EventQueue-1" [_thread_in_native, id=3536, stack(0x00000024ff700000,0x00000024ffc00000)]
  0x000001d02af1b800 JavaThread "Process Messages" [_thread_blocked, id=15980, stack(0x00000024ff200000,0x00000024ff700000)]
  0x000001d02af0e800 JavaThread "Thread-1" [_thread_in_native, id=20008, stack(0x00000024f8000000,0x00000024f9400000)]
  0x000001d008048800 JavaThread "TimerQueue" daemon [_thread_blocked, id=19580, stack(0x00000024fe300000,0x00000024fe800000)]
  0x000001d007fe8000 JavaThread "AWT-Windows" daemon [_thread_in_native, id=18360, stack(0x00000024fde00000,0x00000024fe300000)]
  0x000001d007fe7800 JavaThread "AWT-Shutdown" [_thread_blocked, id=11880, stack(0x00000024fd900000,0x00000024fde00000)]
  0x000001d00815c000 JavaThread "Java2D Disposer" daemon [_thread_blocked, id=15268, stack(0x00000024fd400000,0x00000024fd900000)]
  0x000001d003cfa000 JavaThread "Service Thread" daemon [_thread_blocked, id=6336, stack(0x00000024fce00000,0x00000024fd300000)]
  0x000001d005abe000 JavaThread "Common-Cleaner" daemon [_thread_blocked, id=15336, stack(0x00000024fc900000,0x00000024fce00000)]
  0x000001d003c53800 JavaThread "Sweeper thread" daemon [_thread_blocked, id=19920, stack(0x00000024fc400000,0x00000024fc900000)]
  0x000001d0048cf000 JavaThread "C1 CompilerThread3" daemon [_thread_blocked, id=9824, stack(0x00000024fc300000,0x00000024fc400000)]
  0x000001d0048ce800 JavaThread "C2 CompilerThread2" daemon [_thread_blocked, id=14160, stack(0x00000024fc200000,0x00000024fc300000)]
  0x000001d005bca800 JavaThread "C2 CompilerThread1" daemon [_thread_blocked, id=7212, stack(0x00000024fc100000,0x00000024fc200000)]
  0x000001d005a9d000 JavaThread "C2 CompilerThread0" daemon [_thread_blocked, id=10080, stack(0x00000024fc000000,0x00000024fc100000)]
  0x000001d00340e000 JavaThread "Attach Listener" daemon [_thread_blocked, id=7272, stack(0x00000024fbb00000,0x00000024fc000000)]
  0x000001d07d60f000 JavaThread "Signal Dispatcher" daemon [_thread_blocked, id=13544, stack(0x00000024fb600000,0x00000024fbb00000)]
  0x000001d003710800 JavaThread "Finalizer" daemon [_thread_blocked, id=16568, stack(0x00000024fb100000,0x00000024fb600000)]
  0x000001d003553000 JavaThread "Reference Handler" daemon [_thread_blocked, id=3336, stack(0x00000024fac00000,0x00000024fb100000)]
  0x000001d005220800 JavaThread "main" [_thread_blocked, id=19768, stack(0x00000024f7f00000,0x00000024f8000000)]

Other Threads:
  0x000001d003552800 VMThread "VM Thread" [stack: 0x00000024fab00000,0x00000024fac00000] [id=11736]
  0x000001d007a55800 WatcherThread [stack: 0x00000024fd300000,0x00000024fd400000] [id=20264]
  0x000001d0068e5800 GCTaskThread "GC Thread#0" [stack: 0x00000024f9700000,0x00000024f9800000] [id=568]
  0x000001d005221000 GCTaskThread "GC Thread#1" [stack: 0x00000024f9800000,0x00000024f9900000] [id=10484]
  0x000001d0043e6000 GCTaskThread "GC Thread#2" [stack: 0x00000024f9900000,0x00000024f9a00000] [id=10612]
  0x000001d003a28800 GCTaskThread "GC Thread#3" [stack: 0x00000024f9a00000,0x00000024f9b00000] [id=15300]
  0x000001d00422e800 GCTaskThread "GC Thread#4" [stack: 0x00000024f9b00000,0x00000024f9c00000] [id=19696]
  0x000001d005de7800 GCTaskThread "GC Thread#5" [stack: 0x00000024f9c00000,0x00000024f9d00000] [id=5088]
  0x000001d004486000 GCTaskThread "GC Thread#6" [stack: 0x00000024f9d00000,0x00000024f9e00000] [id=1780]
  0x000001d003c59800 GCTaskThread "GC Thread#7" [stack: 0x00000024f9e00000,0x00000024f9f00000] [id=9468]
  0x000001d005493000 ConcurrentGCThread "G1 Main Marker" [stack: 0x00000024fa800000,0x00000024fa900000] [id=14732]
  0x000001d003717000 ConcurrentGCThread "G1 Marker#0" [stack: 0x00000024fa900000,0x00000024faa00000] [id=9232]
  0x000001d005dc6000 ConcurrentGCThread "G1 Marker#1" [stack: 0x00000024faa00000,0x00000024fab00000] [id=20100]
  0x000001d004565000 ConcurrentGCThread "G1 Refine#0" [stack: 0x00000024fa600000,0x00000024fa700000] [id=748]
  0x000001d003557000 ConcurrentGCThread "G1 Refine#1" [stack: 0x00000024fa500000,0x00000024fa600000] [id=6224]
  0x000001d004657000 ConcurrentGCThread "G1 Refine#2" [stack: 0x00000024fa400000,0x00000024fa500000] [id=4564]
  0x000001d0035b6000 ConcurrentGCThread "G1 Refine#3" [stack: 0x00000024fa300000,0x00000024fa400000] [id=15852]
  0x000001d004c52000 ConcurrentGCThread "G1 Refine#4" [stack: 0x00000024fa200000,0x00000024fa300000] [id=15948]
  0x000001d0034e0800 ConcurrentGCThread "G1 Refine#5" [stack: 0x00000024fa100000,0x00000024fa200000] [id=9812]
  0x000001d004d01800 ConcurrentGCThread "G1 Refine#6" [stack: 0x00000024fa000000,0x00000024fa100000] [id=3124]
  0x000001d004356800 ConcurrentGCThread "G1 Refine#7" [stack: 0x00000024f9f00000,0x00000024fa000000] [id=8864]
  0x000001d004931800 ConcurrentGCThread "G1 Young RemSet Sampling" [stack: 0x00000024fa700000,0x00000024fa800000] [id=3620]

Threads with active compile tasks:

VM state:not at safepoint (normal execution)

VM Mutex/Monitor currently owned by a thread: None

Heap address: 0x0000000700000000, size: 3072 MB, Compressed Oops mode: Zero based, Oop shift amount: 3
Narrow klass base: 0x0000000000000000, Narrow klass shift: 3
Compressed class space size: 1073741824 Address: 0x00000007c0000000

Heap:
 garbage-first heap   total 237568K, used 112863K [0x0000000700000000, 0x0000000700100740, 0x00000007c0000000)
  region size 1024K, 41 young (41984K), 1 survivors (1024K)
 Metaspace       used 78589K, capacity 81048K, committed 85376K, reserved 1122304K
  class space    used 10437K, capacity 10926K, committed 11904K, reserved 1048576K
Heap Regions: E=young(eden), S=young(survivor), O=old, HS=humongous(starts), HC=humongous(continues), CS=collection set, F=free, A=archive, TS=gc time stamp, AC=allocation context, TAMS=top-at-mark-start (previous, next)
|   0|0x0000000700000000, 0x0000000700100000, 0x0000000700100000|100%|HS|  |TS  0|AC  0|TAMS 0x0000000700000000, 0x0000000700000000|
|   1|0x0000000700100000, 0x0000000700200000, 0x0000000700200000|100%|HS|  |TS  0|AC  0|TAMS 0x0000000700100000, 0x0000000700100000|
|   2|0x0000000700200000, 0x0000000700300000, 0x0000000700300000|100%|HC|  |TS  0|AC  0|TAMS 0x0000000700200000, 0x0000000700200000|
|   3|0x0000000700300000, 0x0000000700400000, 0x0000000700400000|100%|HS|  |TS  0|AC  0|TAMS 0x0000000700300000, 0x0000000700300000|
|   4|0x0000000700400000, 0x00000007004fffe8, 0x0000000700500000| 99%| O|  |TS  0|AC  0|TAMS 0x0000000700400000, 0x0000000700400000|
|   5|0x0000000700500000, 0x0000000700600000, 0x0000000700600000|100%| O|  |TS  0|AC  0|TAMS 0x0000000700500000, 0x0000000700500000|
|   6|0x0000000700600000, 0x00000007006fffe0, 0x0000000700700000| 99%| O|  |TS  0|AC  0|TAMS 0x0000000700600000, 0x0000000700600000|
|   7|0x0000000700700000, 0x00000007007f90d8, 0x0000000700800000| 97%| O|  |TS  0|AC  0|TAMS 0x0000000700700000, 0x0000000700700000|
|   8|0x0000000700800000, 0x00000007008ffff0, 0x0000000700900000| 99%| O|  |TS  0|AC  0|TAMS 0x0000000700800000, 0x0000000700800000|
|   9|0x0000000700900000, 0x00000007009ffff0, 0x0000000700a00000| 99%| O|  |TS  0|AC  0|TAMS 0x0000000700900000, 0x0000000700900000|
|  10|0x0000000700a00000, 0x0000000700af34f0, 0x0000000700b00000| 95%| O|  |TS  0|AC  0|TAMS 0x0000000700a00000, 0x0000000700a00000|
|  11|0x0000000700b00000, 0x0000000700bffa28, 0x0000000700c00000| 99%| O|  |TS  0|AC  0|TAMS 0x0000000700b00000, 0x0000000700b00000|
|  12|0x0000000700c00000, 0x0000000700ce2f20, 0x0000000700d00000| 88%| O|  |TS  0|AC  0|TAMS 0x0000000700c00000, 0x0000000700c00000|
|  13|0x0000000700d00000, 0x0000000700dfc400, 0x0000000700e00000| 98%| O|  |TS  0|AC  0|TAMS 0x0000000700d00000, 0x0000000700d00000|
|  14|0x0000000700e00000, 0x0000000700efffd8, 0x0000000700f00000| 99%| O|  |TS  0|AC  0|TAMS 0x0000000700e00000, 0x0000000700e00000|
|  15|0x0000000700f00000, 0x0000000701000000, 0x0000000701000000|100%| O|  |TS  0|AC  0|TAMS 0x0000000700f00000, 0x0000000700f00000|
|  16|0x0000000701000000, 0x00000007010fffe8, 0x0000000701100000| 99%| O|  |TS  0|AC  0|TAMS 0x0000000701000000, 0x0000000701000000|
|  17|0x0000000701100000, 0x00000007011fffc8, 0x0000000701200000| 99%| O|  |TS  0|AC  0|TAMS 0x0000000701100000, 0x0000000701100000|
|  18|0x0000000701200000, 0x0000000701300000, 0x0000000701300000|100%| O|  |TS  0|AC  0|TAMS 0x0000000701200000, 0x0000000701200000|
|  19|0x0000000701300000, 0x00000007013fffe0, 0x0000000701400000| 99%| O|  |TS  0|AC  0|TAMS 0x0000000701300000, 0x0000000701300000|
|  20|0x0000000701400000, 0x00000007014ffff0, 0x0000000701500000| 99%| O|  |TS  0|AC  0|TAMS 0x0000000701400000, 0x0000000701400000|
|  21|0x0000000701500000, 0x0000000701600000, 0x0000000701600000|100%| O|  |TS  0|AC  0|TAMS 0x0000000701500000, 0x0000000701500000|
|  22|0x0000000701600000, 0x00000007016ffff8, 0x0000000701700000| 99%| O|  |TS  0|AC  0|TAMS 0x0000000701600000, 0x0000000701600000|
|  23|0x0000000701700000, 0x0000000701800000, 0x0000000701800000|100%| O|  |TS  0|AC  0|TAMS 0x0000000701700000, 0x0000000701700000|
|  24|0x0000000701800000, 0x00000007018ffff8, 0x0000000701900000| 99%| O|  |TS  0|AC  0|TAMS 0x0000000701800000, 0x0000000701800000|
|  25|0x0000000701900000, 0x00000007019ffff8, 0x0000000701a00000| 99%| O|  |TS  0|AC  0|TAMS 0x0000000701900000, 0x0000000701900000|
|  26|0x0000000701a00000, 0x0000000701afffc8, 0x0000000701b00000| 99%| O|  |TS  0|AC  0|TAMS 0x0000000701a00000, 0x0000000701a00000|
|  27|0x0000000701b00000, 0x0000000701bffff0, 0x0000000701c00000| 99%| O|  |TS  0|AC  0|TAMS 0x0000000701b00000, 0x0000000701b00000|
|  28|0x0000000701c00000, 0x0000000701cffff8, 0x0000000701d00000| 99%| O|  |TS  0|AC  0|TAMS 0x0000000701c00000, 0x0000000701c00000|
|  29|0x0000000701d00000, 0x0000000701e00000, 0x0000000701e00000|100%| O|  |TS  0|AC  0|TAMS 0x0000000701d00000, 0x0000000701d00000|
|  30|0x0000000701e00000, 0x0000000701effff0, 0x0000000701f00000| 99%| O|  |TS  0|AC  0|TAMS 0x0000000701e00000, 0x0000000701e00000|
|  31|0x0000000701f00000, 0x0000000701ffdae0, 0x0000000702000000| 99%| O|  |TS  0|AC  0|TAMS 0x0000000701f00000, 0x0000000701f00000|
|  32|0x0000000702000000, 0x00000007020c8518, 0x0000000702100000| 78%| O|  |TS  0|AC  0|TAMS 0x0000000702000000, 0x0000000702000000|
|  33|0x0000000702100000, 0x00000007021ffff0, 0x0000000702200000| 99%| O|  |TS  0|AC  0|TAMS 0x0000000702100000, 0x0000000702100000|
|  34|0x0000000702200000, 0x00000007022fff88, 0x0000000702300000| 99%| O|  |TS  0|AC  0|TAMS 0x0000000702200000, 0x0000000702200000|
|  35|0x0000000702300000, 0x00000007023ffff0, 0x0000000702400000| 99%| O|  |TS  0|AC  0|TAMS 0x0000000702300000, 0x0000000702300000|
|  36|0x0000000702400000, 0x0000000702500000, 0x0000000702500000|100%|HS|  |TS  0|AC  0|TAMS 0x0000000702400000, 0x0000000702400000|
|  37|0x0000000702500000, 0x0000000702600000, 0x0000000702600000|100%|HC|  |TS  0|AC  0|TAMS 0x0000000702500000, 0x0000000702500000|
|  38|0x0000000702600000, 0x0000000702700000, 0x0000000702700000|100%|HC|  |TS  0|AC  0|TAMS 0x0000000702600000, 0x0000000702600000|
|  39|0x0000000702700000, 0x0000000702800000, 0x0000000702800000|100%|HC|  |TS  0|AC  0|TAMS 0x0000000702700000, 0x0000000702700000|
|  40|0x0000000702800000, 0x0000000702900000, 0x0000000702900000|100%|HC|  |TS  0|AC  0|TAMS 0x0000000702800000, 0x0000000702800000|
|  41|0x0000000702900000, 0x0000000702a00000, 0x0000000702a00000|100%|HC|  |TS  0|AC  0|TAMS 0x0000000702900000, 0x0000000702900000|
|  42|0x0000000702a00000, 0x0000000702b00000, 0x0000000702b00000|100%|HC|  |TS  0|AC  0|TAMS 0x0000000702a00000, 0x0000000702a00000|
|  43|0x0000000702b00000, 0x0000000702c00000, 0x0000000702c00000|100%|HC|  |TS  0|AC  0|TAMS 0x0000000702b00000, 0x0000000702b00000|
|  44|0x0000000702c00000, 0x0000000702cfffd0, 0x0000000702d00000| 99%| O|  |TS  0|AC  0|TAMS 0x0000000702c00000, 0x0000000702c00000|
|  45|0x0000000702d00000, 0x0000000702dfcb50, 0x0000000702e00000| 98%| O|  |TS  0|AC  0|TAMS 0x0000000702d00000, 0x0000000702d00000|
|  46|0x0000000702e00000, 0x0000000702efff50, 0x0000000702f00000| 99%| O|  |TS  0|AC  0|TAMS 0x0000000702e00000, 0x0000000702e00000|
|  47|0x0000000702f00000, 0x0000000702fffff8, 0x0000000703000000| 99%| O|  |TS  0|AC  0|TAMS 0x0000000702f00000, 0x0000000702f00000|
|  48|0x0000000703000000, 0x00000007030ffff0, 0x0000000703100000| 99%| O|  |TS  0|AC  0|TAMS 0x0000000703000000, 0x0000000703000000|
|  49|0x0000000703100000, 0x0000000703200000, 0x0000000703200000|100%| O|  |TS  0|AC  0|TAMS 0x0000000703100000, 0x0000000703100000|
|  50|0x0000000703200000, 0x00000007032fff00, 0x0000000703300000| 99%| O|  |TS  0|AC  0|TAMS 0x0000000703200000, 0x0000000703200000|
|  51|0x0000000703300000, 0x00000007033fffc0, 0x0000000703400000| 99%| O|  |TS  0|AC  0|TAMS 0x0000000703300000, 0x0000000703300000|
|  52|0x0000000703400000, 0x00000007034fffd0, 0x0000000703500000| 99%| O|  |TS  0|AC  0|TAMS 0x0000000703400000, 0x0000000703400000|
|  53|0x0000000703500000, 0x00000007035ffff8, 0x0000000703600000| 99%| O|  |TS  0|AC  0|TAMS 0x0000000703500000, 0x0000000703500000|
|  54|0x0000000703600000, 0x00000007036fffe0, 0x0000000703700000| 99%| O|  |TS  0|AC  0|TAMS 0x0000000703600000, 0x0000000703600000|
|  55|0x0000000703700000, 0x00000007037ffff0, 0x0000000703800000| 99%| O|  |TS  0|AC  0|TAMS 0x0000000703700000, 0x0000000703700000|
|  56|0x0000000703800000, 0x00000007038fffe8, 0x0000000703900000| 99%| O|  |TS  0|AC  0|TAMS 0x0000000703800000, 0x0000000703800000|
|  57|0x0000000703900000, 0x00000007039fffd8, 0x0000000703a00000| 99%| O|  |TS  0|AC  0|TAMS 0x0000000703900000, 0x0000000703900000|
|  58|0x0000000703a00000, 0x0000000703affff0, 0x0000000703b00000| 99%| O|  |TS  0|AC  0|TAMS 0x0000000703a00000, 0x0000000703a00000|
|  59|0x0000000703b00000, 0x0000000703bffed0, 0x0000000703c00000| 99%| O|  |TS  0|AC  0|TAMS 0x0000000703b00000, 0x0000000703b00000|
|  60|0x0000000703c00000, 0x0000000703cfffd8, 0x0000000703d00000| 99%| O|  |TS  0|AC  0|TAMS 0x0000000703c00000, 0x0000000703c00000|
|  61|0x0000000703d00000, 0x0000000703dffff8, 0x0000000703e00000| 99%| O|  |TS  0|AC  0|TAMS 0x0000000703d00000, 0x0000000703d00000|
|  62|0x0000000703e00000, 0x0000000703effff8, 0x0000000703f00000| 99%| O|  |TS  0|AC  0|TAMS 0x0000000703e00000, 0x0000000703e00000|
|  63|0x0000000703f00000, 0x0000000703fffff0, 0x0000000704000000| 99%| O|  |TS  0|AC  0|TAMS 0x0000000703f00000, 0x0000000703f00000|
|  64|0x0000000704000000, 0x00000007040ffff8, 0x0000000704100000| 99%| O|  |TS  0|AC  0|TAMS 0x0000000704000000, 0x0000000704000000|
|  65|0x0000000704100000, 0x00000007041ffff8, 0x0000000704200000| 99%| O|  |TS  0|AC  0|TAMS 0x0000000704100000, 0x0000000704100000|
|  66|0x0000000704200000, 0x00000007042e87e8, 0x0000000704300000| 90%| O|  |TS  0|AC  0|TAMS 0x0000000704200000, 0x0000000704200000|
|  67|0x0000000704300000, 0x0000000704400000, 0x0000000704400000|100%|HS|  |TS  0|AC  0|TAMS 0x0000000704300000, 0x0000000704300000|
|  68|0x0000000704400000, 0x0000000704500000, 0x0000000704500000|100%|HC|  |TS  0|AC  0|TAMS 0x0000000704400000, 0x0000000704400000|
|  69|0x0000000704500000, 0x0000000704600000, 0x0000000704600000|100%|HC|  |TS  0|AC  0|TAMS 0x0000000704500000, 0x0000000704500000|
|  70|0x0000000704600000, 0x0000000704700000, 0x0000000704700000|100%|HC|  |TS  0|AC  0|TAMS 0x0000000704600000, 0x0000000704600000|
|  71|0x0000000704700000, 0x0000000704700000, 0x0000000704800000|  0%| F|  |TS  0|AC  0|TAMS 0x0000000704700000, 0x0000000704700000|
|  72|0x0000000704800000, 0x0000000704800000, 0x0000000704900000|  0%| F|  |TS  0|AC  0|TAMS 0x0000000704800000, 0x0000000704800000|
|  73|0x0000000704900000, 0x0000000704900000, 0x0000000704a00000|  0%| F|  |TS  0|AC  0|TAMS 0x0000000704900000, 0x0000000704900000|
|  74|0x0000000704a00000, 0x0000000704a00000, 0x0000000704b00000|  0%| F|  |TS  0|AC  0|TAMS 0x0000000704a00000, 0x0000000704a00000|
|  75|0x0000000704b00000, 0x0000000704b00000, 0x0000000704c00000|  0%| F|  |TS  0|AC  0|TAMS 0x0000000704b00000, 0x0000000704b00000|
|  76|0x0000000704c00000, 0x0000000704c00000, 0x0000000704d00000|  0%| F|  |TS  0|AC  0|TAMS 0x0000000704c00000, 0x0000000704c00000|
|  77|0x0000000704d00000, 0x0000000704d00000, 0x0000000704e00000|  0%| F|  |TS  0|AC  0|TAMS 0x0000000704d00000, 0x0000000704d00000|
|  78|0x0000000704e00000, 0x0000000704e00000, 0x0000000704f00000|  0%| F|  |TS  0|AC  0|TAMS 0x0000000704e00000, 0x0000000704e00000|
|  79|0x0000000704f00000, 0x0000000704f00000, 0x0000000705000000|  0%| F|  |TS  0|AC  0|TAMS 0x0000000704f00000, 0x0000000704f00000|
|  80|0x0000000705000000, 0x0000000705000000, 0x0000000705100000|  0%| F|  |TS  0|AC  0|TAMS 0x0000000705000000, 0x0000000705000000|
|  81|0x0000000705100000, 0x0000000705100000, 0x0000000705200000|  0%| F|  |TS  0|AC  0|TAMS 0x0000000705100000, 0x0000000705100000|
|  82|0x0000000705200000, 0x0000000705200000, 0x0000000705300000|  0%| F|  |TS  0|AC  0|TAMS 0x0000000705200000, 0x0000000705200000|
|  83|0x0000000705300000, 0x0000000705300000, 0x0000000705400000|  0%| F|  |TS  0|AC  0|TAMS 0x0000000705300000, 0x0000000705300000|
|  84|0x0000000705400000, 0x0000000705400000, 0x0000000705500000|  0%| F|  |TS  0|AC  0|TAMS 0x0000000705400000, 0x0000000705400000|
|  85|0x0000000705500000, 0x0000000705500000, 0x0000000705600000|  0%| F|  |TS  0|AC  0|TAMS 0x0000000705500000, 0x0000000705500000|
|  86|0x0000000705600000, 0x0000000705600000, 0x0000000705700000|  0%| F|  |TS  0|AC  0|TAMS 0x0000000705600000, 0x0000000705600000|
|  87|0x0000000705700000, 0x0000000705700000, 0x0000000705800000|  0%| F|  |TS  0|AC  0|TAMS 0x0000000705700000, 0x0000000705700000|
|  88|0x0000000705800000, 0x0000000705800000, 0x0000000705900000|  0%| F|  |TS  0|AC  0|TAMS 0x0000000705800000, 0x0000000705800000|
|  89|0x0000000705900000, 0x0000000705900000, 0x0000000705a00000|  0%| F|  |TS  0|AC  0|TAMS 0x0000000705900000, 0x0000000705900000|
|  90|0x0000000705a00000, 0x0000000705a00000, 0x0000000705b00000|  0%| F|  |TS  0|AC  0|TAMS 0x0000000705a00000, 0x0000000705a00000|
|  91|0x0000000705b00000, 0x0000000705b00000, 0x0000000705c00000|  0%| F|  |TS  0|AC  0|TAMS 0x0000000705b00000, 0x0000000705b00000|
|  92|0x0000000705c00000, 0x0000000705c00000, 0x0000000705d00000|  0%| F|  |TS  0|AC  0|TAMS 0x0000000705c00000, 0x0000000705c00000|
|  93|0x0000000705d00000, 0x0000000705d00000, 0x0000000705e00000|  0%| F|  |TS  0|AC  0|TAMS 0x0000000705d00000, 0x0000000705d00000|
|  94|0x0000000705e00000, 0x0000000705e00000, 0x0000000705f00000|  0%| F|  |TS  0|AC  0|TAMS 0x0000000705e00000, 0x0000000705e00000|
|  95|0x0000000705f00000, 0x0000000705f00000, 0x0000000706000000|  0%| F|  |TS  0|AC  0|TAMS 0x0000000705f00000, 0x0000000705f00000|
|  96|0x0000000706000000, 0x0000000706000000, 0x0000000706100000|  0%| F|  |TS  0|AC  0|TAMS 0x0000000706000000, 0x0000000706000000|
|  97|0x0000000706100000, 0x0000000706100000, 0x0000000706200000|  0%| F|  |TS  0|AC  0|TAMS 0x0000000706100000, 0x0000000706100000|
|  98|0x0000000706200000, 0x0000000706200000, 0x0000000706300000|  0%| F|  |TS  0|AC  0|TAMS 0x0000000706200000, 0x0000000706200000|
|  99|0x0000000706300000, 0x0000000706300000, 0x0000000706400000|  0%| F|  |TS  0|AC  0|TAMS 0x0000000706300000, 0x0000000706300000|
| 100|0x0000000706400000, 0x0000000706400000, 0x0000000706500000|  0%| F|  |TS  0|AC  0|TAMS 0x0000000706400000, 0x0000000706400000|
| 101|0x0000000706500000, 0x0000000706500000, 0x0000000706600000|  0%| F|  |TS  0|AC  0|TAMS 0x0000000706500000, 0x0000000706500000|
| 102|0x0000000706600000, 0x0000000706600000, 0x0000000706700000|  0%| F|  |TS  0|AC  0|TAMS 0x0000000706600000, 0x0000000706600000|
| 103|0x0000000706700000, 0x0000000706700000, 0x0000000706800000|  0%| F|  |TS  0|AC  0|TAMS 0x0000000706700000, 0x0000000706700000|
| 104|0x0000000706800000, 0x0000000706800000, 0x0000000706900000|  0%| F|  |TS  0|AC  0|TAMS 0x0000000706800000, 0x0000000706800000|
| 105|0x0000000706900000, 0x0000000706900000, 0x0000000706a00000|  0%| F|  |TS  0|AC  0|TAMS 0x0000000706900000, 0x0000000706900000|
| 106|0x0000000706a00000, 0x0000000706a00000, 0x0000000706b00000|  0%| F|  |TS  0|AC  0|TAMS 0x0000000706a00000, 0x0000000706a00000|
| 107|0x0000000706b00000, 0x0000000706b00000, 0x0000000706c00000|  0%| F|  |TS  0|AC  0|TAMS 0x0000000706b00000, 0x0000000706b00000|
| 108|0x0000000706c00000, 0x0000000706c00000, 0x0000000706d00000|  0%| F|  |TS  0|AC  0|TAMS 0x0000000706c00000, 0x0000000706c00000|
| 109|0x0000000706d00000, 0x0000000706d00000, 0x0000000706e00000|  0%| F|  |TS  0|AC  0|TAMS 0x0000000706d00000, 0x0000000706d00000|
| 110|0x0000000706e00000, 0x0000000706e00000, 0x0000000706f00000|  0%| F|  |TS  0|AC  0|TAMS 0x0000000706e00000, 0x0000000706e00000|
| 111|0x0000000706f00000, 0x0000000706f00000, 0x0000000707000000|  0%| F|  |TS  0|AC  0|TAMS 0x0000000706f00000, 0x0000000706f00000|
| 112|0x0000000707000000, 0x0000000707000000, 0x0000000707100000|  0%| F|  |TS  0|AC  0|TAMS 0x0000000707000000, 0x0000000707000000|
| 113|0x0000000707100000, 0x0000000707100000, 0x0000000707200000|  0%| F|  |TS  0|AC  0|TAMS 0x0000000707100000, 0x0000000707100000|
| 114|0x0000000707200000, 0x0000000707200000, 0x0000000707300000|  0%| F|  |TS  0|AC  0|TAMS 0x0000000707200000, 0x0000000707200000|
| 115|0x0000000707300000, 0x0000000707300000, 0x0000000707400000|  0%| F|  |TS  0|AC  0|TAMS 0x0000000707300000, 0x0000000707300000|
| 116|0x0000000707400000, 0x0000000707400000, 0x0000000707500000|  0%| F|  |TS  0|AC  0|TAMS 0x0000000707400000, 0x0000000707400000|
| 117|0x0000000707500000, 0x0000000707500000, 0x0000000707600000|  0%| F|  |TS  0|AC  0|TAMS 0x0000000707500000, 0x0000000707500000|
| 118|0x0000000707600000, 0x0000000707600000, 0x0000000707700000|  0%| F|  |TS  0|AC  0|TAMS 0x0000000707600000, 0x0000000707600000|
| 119|0x0000000707700000, 0x0000000707700000, 0x0000000707800000|  0%| F|  |TS  0|AC  0|TAMS 0x0000000707700000, 0x0000000707700000|
| 120|0x0000000707800000, 0x0000000707800000, 0x0000000707900000|  0%| F|  |TS  0|AC  0|TAMS 0x0000000707800000, 0x0000000707800000|
| 121|0x0000000707900000, 0x0000000707900000, 0x0000000707a00000|  0%| F|  |TS  0|AC  0|TAMS 0x0000000707900000, 0x0000000707900000|
| 122|0x0000000707a00000, 0x0000000707a00000, 0x0000000707b00000|  0%| F|  |TS  0|AC  0|TAMS 0x0000000707a00000, 0x0000000707a00000|
| 123|0x0000000707b00000, 0x0000000707b00000, 0x0000000707c00000|  0%| F|  |TS  0|AC  0|TAMS 0x0000000707b00000, 0x0000000707b00000|
| 124|0x0000000707c00000, 0x0000000707c00000, 0x0000000707d00000|  0%| F|  |TS  0|AC  0|TAMS 0x0000000707c00000, 0x0000000707c00000|
| 125|0x0000000707d00000, 0x0000000707d00000, 0x0000000707e00000|  0%| F|  |TS  0|AC  0|TAMS 0x0000000707d00000, 0x0000000707d00000|
| 126|0x0000000707e00000, 0x0000000707e00000, 0x0000000707f00000|  0%| F|  |TS  0|AC  0|TAMS 0x0000000707e00000, 0x0000000707e00000|
| 127|0x0000000707f00000, 0x0000000707f00000, 0x0000000708000000|  0%| F|  |TS  0|AC  0|TAMS 0x0000000707f00000, 0x0000000707f00000|
| 128|0x0000000708000000, 0x0000000708000000, 0x0000000708100000|  0%| F|  |TS  0|AC  0|TAMS 0x0000000708000000, 0x0000000708000000|
| 129|0x0000000708100000, 0x0000000708100000, 0x0000000708200000|  0%| F|  |TS  0|AC  0|TAMS 0x0000000708100000, 0x0000000708100000|
| 130|0x0000000708200000, 0x0000000708200000, 0x0000000708300000|  0%| F|  |TS  0|AC  0|TAMS 0x0000000708200000, 0x0000000708200000|
| 131|0x0000000708300000, 0x0000000708300000, 0x0000000708400000|  0%| F|  |TS  0|AC  0|TAMS 0x0000000708300000, 0x0000000708300000|
| 132|0x0000000708400000, 0x0000000708400000, 0x0000000708500000|  0%| F|  |TS  0|AC  0|TAMS 0x0000000708400000, 0x0000000708400000|
| 133|0x0000000708500000, 0x0000000708500000, 0x0000000708600000|  0%| F|  |TS  0|AC  0|TAMS 0x0000000708500000, 0x0000000708500000|
| 134|0x0000000708600000, 0x0000000708600000, 0x0000000708700000|  0%| F|  |TS  0|AC  0|TAMS 0x0000000708600000, 0x0000000708600000|
| 135|0x0000000708700000, 0x0000000708700000, 0x0000000708800000|  0%| F|  |TS  0|AC  0|TAMS 0x0000000708700000, 0x0000000708700000|
| 136|0x0000000708800000, 0x0000000708800000, 0x0000000708900000|  0%| F|  |TS  0|AC  0|TAMS 0x0000000708800000, 0x0000000708800000|
| 137|0x0000000708900000, 0x0000000708900000, 0x0000000708a00000|  0%| F|  |TS  0|AC  0|TAMS 0x0000000708900000, 0x0000000708900000|
| 138|0x0000000708a00000, 0x0000000708a00000, 0x0000000708b00000|  0%| F|  |TS  0|AC  0|TAMS 0x0000000708a00000, 0x0000000708a00000|
| 139|0x0000000708b00000, 0x0000000708b00000, 0x0000000708c00000|  0%| F|  |TS  0|AC  0|TAMS 0x0000000708b00000, 0x0000000708b00000|
| 140|0x0000000708c00000, 0x0000000708c00000, 0x0000000708d00000|  0%| F|  |TS  0|AC  0|TAMS 0x0000000708c00000, 0x0000000708c00000|
| 141|0x0000000708d00000, 0x0000000708d00000, 0x0000000708e00000|  0%| F|  |TS  0|AC  0|TAMS 0x0000000708d00000, 0x0000000708d00000|
| 142|0x0000000708e00000, 0x0000000708e00000, 0x0000000708f00000|  0%| F|  |TS  0|AC  0|TAMS 0x0000000708e00000, 0x0000000708e00000|
| 143|0x0000000708f00000, 0x0000000708f00000, 0x0000000709000000|  0%| F|  |TS  0|AC  0|TAMS 0x0000000708f00000, 0x0000000708f00000|
| 144|0x0000000709000000, 0x0000000709000000, 0x0000000709100000|  0%| F|  |TS  0|AC  0|TAMS 0x0000000709000000, 0x0000000709000000|
| 145|0x0000000709100000, 0x0000000709100000, 0x0000000709200000|  0%| F|  |TS  0|AC  0|TAMS 0x0000000709100000, 0x0000000709100000|
| 146|0x0000000709200000, 0x0000000709200000, 0x0000000709300000|  0%| F|  |TS  0|AC  0|TAMS 0x0000000709200000, 0x0000000709200000|
| 147|0x0000000709300000, 0x0000000709300000, 0x0000000709400000|  0%| F|  |TS  0|AC  0|TAMS 0x0000000709300000, 0x0000000709300000|
| 148|0x0000000709400000, 0x0000000709400000, 0x0000000709500000|  0%| F|  |TS  0|AC  0|TAMS 0x0000000709400000, 0x0000000709400000|
| 149|0x0000000709500000, 0x0000000709500000, 0x0000000709600000|  0%| F|  |TS  0|AC  0|TAMS 0x0000000709500000, 0x0000000709500000|
| 150|0x0000000709600000, 0x0000000709600000, 0x0000000709700000|  0%| F|  |TS  0|AC  0|TAMS 0x0000000709600000, 0x0000000709600000|
| 151|0x0000000709700000, 0x0000000709700000, 0x0000000709800000|  0%| F|  |TS  0|AC  0|TAMS 0x0000000709700000, 0x0000000709700000|
| 152|0x0000000709800000, 0x0000000709800000, 0x0000000709900000|  0%| F|  |TS  0|AC  0|TAMS 0x0000000709800000, 0x0000000709800000|
| 153|0x0000000709900000, 0x0000000709900000, 0x0000000709a00000|  0%| F|  |TS  0|AC  0|TAMS 0x0000000709900000, 0x0000000709900000|
| 154|0x0000000709a00000, 0x0000000709a00000, 0x0000000709b00000|  0%| F|  |TS  0|AC  0|TAMS 0x0000000709a00000, 0x0000000709a00000|
| 155|0x0000000709b00000, 0x0000000709b00000, 0x0000000709c00000|  0%| F|  |TS  0|AC  0|TAMS 0x0000000709b00000, 0x0000000709b00000|
| 156|0x0000000709c00000, 0x0000000709c00000, 0x0000000709d00000|  0%| F|  |TS  0|AC  0|TAMS 0x0000000709c00000, 0x0000000709c00000|
| 157|0x0000000709d00000, 0x0000000709d00000, 0x0000000709e00000|  0%| F|  |TS  0|AC  0|TAMS 0x0000000709d00000, 0x0000000709d00000|
| 158|0x0000000709e00000, 0x0000000709e00000, 0x0000000709f00000|  0%| F|  |TS  0|AC  0|TAMS 0x0000000709e00000, 0x0000000709e00000|
| 159|0x0000000709f00000, 0x0000000709f00000, 0x000000070a000000|  0%| F|  |TS  0|AC  0|TAMS 0x0000000709f00000, 0x0000000709f00000|
| 160|0x000000070a000000, 0x000000070a000000, 0x000000070a100000|  0%| F|  |TS  0|AC  0|TAMS 0x000000070a000000, 0x000000070a000000|
| 161|0x000000070a100000, 0x000000070a100000, 0x000000070a200000|  0%| F|  |TS  0|AC  0|TAMS 0x000000070a100000, 0x000000070a100000|
| 162|0x000000070a200000, 0x000000070a200000, 0x000000070a300000|  0%| F|  |TS  0|AC  0|TAMS 0x000000070a200000, 0x000000070a200000|
| 163|0x000000070a300000, 0x000000070a300000, 0x000000070a400000|  0%| F|  |TS  0|AC  0|TAMS 0x000000070a300000, 0x000000070a300000|
| 164|0x000000070a400000, 0x000000070a400000, 0x000000070a500000|  0%| F|  |TS  0|AC  0|TAMS 0x000000070a400000, 0x000000070a400000|
| 165|0x000000070a500000, 0x000000070a500000, 0x000000070a600000|  0%| F|  |TS  0|AC  0|TAMS 0x000000070a500000, 0x000000070a500000|
| 166|0x000000070a600000, 0x000000070a600000, 0x000000070a700000|  0%| F|  |TS  0|AC  0|TAMS 0x000000070a600000, 0x000000070a600000|
| 167|0x000000070a700000, 0x000000070a700000, 0x000000070a800000|  0%| F|  |TS  0|AC  0|TAMS 0x000000070a700000, 0x000000070a700000|
| 168|0x000000070a800000, 0x000000070a800000, 0x000000070a900000|  0%| F|  |TS  0|AC  0|TAMS 0x000000070a800000, 0x000000070a800000|
| 169|0x000000070a900000, 0x000000070a900000, 0x000000070aa00000|  0%| F|  |TS  0|AC  0|TAMS 0x000000070a900000, 0x000000070a900000|
| 170|0x000000070aa00000, 0x000000070aa00000, 0x000000070ab00000|  0%| F|  |TS  0|AC  0|TAMS 0x000000070aa00000, 0x000000070aa00000|
| 171|0x000000070ab00000, 0x000000070abc1ec8, 0x000000070ac00000| 75%| S|CS|TS 21|AC  0|TAMS 0x000000070ab00000, 0x000000070ab00000|
| 172|0x000000070ac00000, 0x000000070ac00000, 0x000000070ad00000|  0%| F|  |TS 21|AC  0|TAMS 0x000000070ac00000, 0x000000070ac00000|
| 173|0x000000070ad00000, 0x000000070ad00000, 0x000000070ae00000|  0%| F|  |TS 21|AC  0|TAMS 0x000000070ad00000, 0x000000070ad00000|
| 174|0x000000070ae00000, 0x000000070ae00000, 0x000000070af00000|  0%| F|  |TS 21|AC  0|TAMS 0x000000070ae00000, 0x000000070ae00000|
| 175|0x000000070af00000, 0x000000070af00000, 0x000000070b000000|  0%| F|  |TS 21|AC  0|TAMS 0x000000070af00000, 0x000000070af00000|
| 176|0x000000070b000000, 0x000000070b000000, 0x000000070b100000|  0%| F|  |TS 21|AC  0|TAMS 0x000000070b000000, 0x000000070b000000|
| 177|0x000000070b100000, 0x000000070b100000, 0x000000070b200000|  0%| F|  |TS 21|AC  0|TAMS 0x000000070b100000, 0x000000070b100000|
| 178|0x000000070b200000, 0x000000070b200000, 0x000000070b300000|  0%| F|  |TS 21|AC  0|TAMS 0x000000070b200000, 0x000000070b200000|
| 179|0x000000070b300000, 0x000000070b300000, 0x000000070b400000|  0%| F|  |TS 21|AC  0|TAMS 0x000000070b300000, 0x000000070b300000|
| 180|0x000000070b400000, 0x000000070b400000, 0x000000070b500000|  0%| F|  |TS 21|AC  0|TAMS 0x000000070b400000, 0x000000070b400000|
| 181|0x000000070b500000, 0x000000070b500000, 0x000000070b600000|  0%| F|  |TS 21|AC  0|TAMS 0x000000070b500000, 0x000000070b500000|
| 182|0x000000070b600000, 0x000000070b600000, 0x000000070b700000|  0%| F|  |TS 21|AC  0|TAMS 0x000000070b600000, 0x000000070b600000|
| 183|0x000000070b700000, 0x000000070b700000, 0x000000070b800000|  0%| F|  |TS 21|AC  0|TAMS 0x000000070b700000, 0x000000070b700000|
| 184|0x000000070b800000, 0x000000070b800000, 0x000000070b900000|  0%| F|  |TS 21|AC  0|TAMS 0x000000070b800000, 0x000000070b800000|
| 185|0x000000070b900000, 0x000000070b900000, 0x000000070ba00000|  0%| F|  |TS 21|AC  0|TAMS 0x000000070b900000, 0x000000070b900000|
| 186|0x000000070ba00000, 0x000000070ba00000, 0x000000070bb00000|  0%| F|  |TS 21|AC  0|TAMS 0x000000070ba00000, 0x000000070ba00000|
| 187|0x000000070bb00000, 0x000000070bb00000, 0x000000070bc00000|  0%| F|  |TS 21|AC  0|TAMS 0x000000070bb00000, 0x000000070bb00000|
| 188|0x000000070bc00000, 0x000000070bc00000, 0x000000070bd00000|  0%| F|  |TS 21|AC  0|TAMS 0x000000070bc00000, 0x000000070bc00000|
| 189|0x000000070bd00000, 0x000000070bd00000, 0x000000070be00000|  0%| F|  |TS 21|AC  0|TAMS 0x000000070bd00000, 0x000000070bd00000|
| 190|0x000000070be00000, 0x000000070be00000, 0x000000070bf00000|  0%| F|  |TS 21|AC  0|TAMS 0x000000070be00000, 0x000000070be00000|
| 191|0x000000070bf00000, 0x000000070bf00000, 0x000000070c000000|  0%| F|  |TS 21|AC  0|TAMS 0x000000070bf00000, 0x000000070bf00000|
| 192|0x000000070c000000, 0x000000070c00bd30, 0x000000070c100000|  4%| E|  |TS 21|AC  0|TAMS 0x000000070c000000, 0x000000070c000000|
| 193|0x000000070c100000, 0x000000070c200000, 0x000000070c200000|100%| E|CS|TS 21|AC  0|TAMS 0x000000070c100000, 0x000000070c100000|
| 194|0x000000070c200000, 0x000000070c300000, 0x000000070c300000|100%| E|CS|TS 21|AC  0|TAMS 0x000000070c200000, 0x000000070c200000|
| 195|0x000000070c300000, 0x000000070c400000, 0x000000070c400000|100%| E|CS|TS 21|AC  0|TAMS 0x000000070c300000, 0x000000070c300000|
| 196|0x000000070c400000, 0x000000070c500000, 0x000000070c500000|100%| E|CS|TS 21|AC  0|TAMS 0x000000070c400000, 0x000000070c400000|
| 197|0x000000070c500000, 0x000000070c600000, 0x000000070c600000|100%| E|CS|TS 21|AC  0|TAMS 0x000000070c500000, 0x000000070c500000|
| 198|0x000000070c600000, 0x000000070c700000, 0x000000070c700000|100%| E|CS|TS 21|AC  0|TAMS 0x000000070c600000, 0x000000070c600000|
| 199|0x000000070c700000, 0x000000070c800000, 0x000000070c800000|100%| E|CS|TS 21|AC  0|TAMS 0x000000070c700000, 0x000000070c700000|
| 200|0x000000070c800000, 0x000000070c900000, 0x000000070c900000|100%| E|CS|TS 21|AC  0|TAMS 0x000000070c800000, 0x000000070c800000|
| 201|0x000000070c900000, 0x000000070ca00000, 0x000000070ca00000|100%| E|CS|TS 21|AC  0|TAMS 0x000000070c900000, 0x000000070c900000|
| 202|0x000000070ca00000, 0x000000070cb00000, 0x000000070cb00000|100%| E|CS|TS 21|AC  0|TAMS 0x000000070ca00000, 0x000000070ca00000|
| 203|0x000000070cb00000, 0x000000070cc00000, 0x000000070cc00000|100%| E|CS|TS 21|AC  0|TAMS 0x000000070cb00000, 0x000000070cb00000|
| 204|0x000000070cc00000, 0x000000070cd00000, 0x000000070cd00000|100%| E|CS|TS 21|AC  0|TAMS 0x000000070cc00000, 0x000000070cc00000|
| 205|0x000000070cd00000, 0x000000070ce00000, 0x000000070ce00000|100%| E|CS|TS 21|AC  0|TAMS 0x000000070cd00000, 0x000000070cd00000|
| 206|0x000000070ce00000, 0x000000070cf00000, 0x000000070cf00000|100%| E|CS|TS 21|AC  0|TAMS 0x000000070ce00000, 0x000000070ce00000|
| 207|0x000000070cf00000, 0x000000070d000000, 0x000000070d000000|100%| E|CS|TS 21|AC  0|TAMS 0x000000070cf00000, 0x000000070cf00000|
| 208|0x000000070d000000, 0x000000070d100000, 0x000000070d100000|100%| E|CS|TS 21|AC  0|TAMS 0x000000070d000000, 0x000000070d000000|
| 209|0x000000070d100000, 0x000000070d200000, 0x000000070d200000|100%| E|CS|TS 21|AC  0|TAMS 0x000000070d100000, 0x000000070d100000|
| 210|0x000000070d200000, 0x000000070d300000, 0x000000070d300000|100%| E|CS|TS 21|AC  0|TAMS 0x000000070d200000, 0x000000070d200000|
| 211|0x000000070d300000, 0x000000070d400000, 0x000000070d400000|100%| E|CS|TS 21|AC  0|TAMS 0x000000070d300000, 0x000000070d300000|
| 212|0x000000070d400000, 0x000000070d500000, 0x000000070d500000|100%| E|CS|TS 21|AC  0|TAMS 0x000000070d400000, 0x000000070d400000|
| 213|0x000000070d500000, 0x000000070d600000, 0x000000070d600000|100%| E|CS|TS 21|AC  0|TAMS 0x000000070d500000, 0x000000070d500000|
| 214|0x000000070d600000, 0x000000070d700000, 0x000000070d700000|100%| E|CS|TS 21|AC  0|TAMS 0x000000070d600000, 0x000000070d600000|
| 215|0x000000070d700000, 0x000000070d800000, 0x000000070d800000|100%| E|CS|TS 21|AC  0|TAMS 0x000000070d700000, 0x000000070d700000|
| 216|0x000000070d800000, 0x000000070d900000, 0x000000070d900000|100%| E|CS|TS 21|AC  0|TAMS 0x000000070d800000, 0x000000070d800000|
| 217|0x000000070d900000, 0x000000070da00000, 0x000000070da00000|100%| E|CS|TS 21|AC  0|TAMS 0x000000070d900000, 0x000000070d900000|
| 218|0x000000070da00000, 0x000000070db00000, 0x000000070db00000|100%| E|CS|TS 21|AC  0|TAMS 0x000000070da00000, 0x000000070da00000|
| 219|0x000000070db00000, 0x000000070dc00000, 0x000000070dc00000|100%| E|CS|TS 21|AC  0|TAMS 0x000000070db00000, 0x000000070db00000|
| 220|0x000000070dc00000, 0x000000070dd00000, 0x000000070dd00000|100%| E|CS|TS 21|AC  0|TAMS 0x000000070dc00000, 0x000000070dc00000|
| 221|0x000000070dd00000, 0x000000070de00000, 0x000000070de00000|100%| E|CS|TS 21|AC  0|TAMS 0x000000070dd00000, 0x000000070dd00000|
| 222|0x000000070de00000, 0x000000070df00000, 0x000000070df00000|100%| E|CS|TS 21|AC  0|TAMS 0x000000070de00000, 0x000000070de00000|
| 223|0x000000070df00000, 0x000000070e000000, 0x000000070e000000|100%| E|CS|TS 21|AC  0|TAMS 0x000000070df00000, 0x000000070df00000|
| 224|0x000000070e000000, 0x000000070e100000, 0x000000070e100000|100%| E|CS|TS 21|AC  0|TAMS 0x000000070e000000, 0x000000070e000000|
| 225|0x000000070e100000, 0x000000070e200000, 0x000000070e200000|100%| E|CS|TS 21|AC  0|TAMS 0x000000070e100000, 0x000000070e100000|
| 226|0x000000070e200000, 0x000000070e300000, 0x000000070e300000|100%| E|CS|TS 21|AC  0|TAMS 0x000000070e200000, 0x000000070e200000|
| 227|0x000000070e300000, 0x000000070e400000, 0x000000070e400000|100%| E|CS|TS 21|AC  0|TAMS 0x000000070e300000, 0x000000070e300000|
| 228|0x000000070e400000, 0x000000070e500000, 0x000000070e500000|100%| E|CS|TS 21|AC  0|TAMS 0x000000070e400000, 0x000000070e400000|
| 229|0x000000070e500000, 0x000000070e600000, 0x000000070e600000|100%| E|CS|TS 21|AC  0|TAMS 0x000000070e500000, 0x000000070e500000|
| 230|0x000000070e600000, 0x000000070e700000, 0x000000070e700000|100%| E|CS|TS 21|AC  0|TAMS 0x000000070e600000, 0x000000070e600000|
| 231|0x000000070e700000, 0x000000070e800000, 0x000000070e800000|100%| E|CS|TS 21|AC  0|TAMS 0x000000070e700000, 0x000000070e700000|

Card table byte_map: [0x000001d01f870000,0x000001d01fe70000] byte_map_base: 0x000001d01c070000

Marking Bits (Prev, Next): (CMBitMap*) 0x000001d0059c80d8, (CMBitMap*) 0x000001d0059c80a0
 Prev Bits: [0x000001d023470000, 0x000001d026470000)
 Next Bits: [0x000001d020470000, 0x000001d023470000)

Polling page: 0x000001d001230000

CodeHeap 'non-profiled nmethods': size=120000Kb used=20976Kb max_used=20976Kb free=99023Kb
 bounds [0x000001d0171e0000, 0x000001d018660000, 0x000001d01e710000]
CodeHeap 'profiled nmethods': size=120000Kb used=43820Kb max_used=43820Kb free=76179Kb
 bounds [0x000001d00fcb0000, 0x000001d0127b0000, 0x000001d0171e0000]
CodeHeap 'non-nmethods': size=5760Kb used=1730Kb max_used=1795Kb free=4029Kb
 bounds [0x000001d00f710000, 0x000001d00f980000, 0x000001d00fcb0000]
 total_blobs=29578 nmethods=17006 adapters=1042
 compilation: enabled

Compilation events (10 events):
Event: 3690.459 Thread 0x000001d0048cf000 nmethod 20357 0x000001d0127a7d90 code [0x000001d0127a7f60, 0x000001d0127a8290]
Event: 3690.459 Thread 0x000001d0048cf000 20358       3       javax.swing.plaf.synth.SynthInternalFrameUI::<init> (6 bytes)
Event: 3690.459 Thread 0x000001d0048cf000 nmethod 20358 0x000001d0127a8390 code [0x000001d0127a8540, 0x000001d0127a86d0]
Event: 3690.459 Thread 0x000001d0048cf000 20359       3       javax.swing.plaf.basic.BasicInternalFrameUI::<init> (48 bytes)
Event: 3690.459 Thread 0x000001d0048cf000 nmethod 20359 0x000001d0127a8790 code [0x000001d0127a89a0, 0x000001d0127a8fb0]
Event: 3690.459 Thread 0x000001d0048cf000 20355       3       org.jdesktop.swingx.painter.RectanglePainter::provideShape (8 bytes)
Event: 3690.459 Thread 0x000001d0048cf000 nmethod 20355 0x000001d0127a9190 code [0x000001d0127a9340, 0x000001d0127a94f0]
Event: 3690.459 Thread 0x000001d0048cf000 20356       3       org.jdesktop.swingx.painter.RectanglePainter::drawBackground (89 bytes)
Event: 3690.460 Thread 0x000001d0048cf000 nmethod 20356 0x000001d0127a9590 code [0x000001d0127a97e0, 0x000001d0127aa340]
Event: 3690.471 Thread 0x000001d005bca800 20360       4       com.jidesoft.plaf.basic.BasicJideButtonUI::paintBackground (271 bytes)

GC Heap History (10 events):
Event: 3670.549 GC heap before
{Heap before GC invocations=256 (full 95):
 garbage-first heap   total 237568K, used 133190K [0x0000000700000000, 0x0000000700100740, 0x00000007c0000000)
  region size 1024K, 60 young (61440K), 1 survivors (1024K)
 Metaspace       used 78505K, capacity 80984K, committed 85376K, reserved 1122304K
  class space    used 10437K, capacity 10926K, committed 11904K, reserved 1048576K
}
Event: 3670.552 GC heap after
{Heap after GC invocations=257 (full 95):
 garbage-first heap   total 237568K, used 72780K [0x0000000700000000, 0x0000000700100740, 0x00000007c0000000)
  region size 1024K, 1 young (1024K), 1 survivors (1024K)
 Metaspace       used 78505K, capacity 80984K, committed 85376K, reserved 1122304K
  class space    used 10437K, capacity 10926K, committed 11904K, reserved 1048576K
}
Event: 3675.599 GC heap before
{Heap before GC invocations=257 (full 95):
 garbage-first heap   total 237568K, used 133196K [0x0000000700000000, 0x0000000700100740, 0x00000007c0000000)
  region size 1024K, 60 young (61440K), 1 survivors (1024K)
 Metaspace       used 78510K, capacity 80984K, committed 85376K, reserved 1122304K
  class space    used 10437K, capacity 10926K, committed 11904K, reserved 1048576K
}
Event: 3675.608 GC heap after
{Heap after GC invocations=258 (full 95):
 garbage-first heap   total 237568K, used 72779K [0x0000000700000000, 0x0000000700100740, 0x00000007c0000000)
  region size 1024K, 1 young (1024K), 1 survivors (1024K)
 Metaspace       used 78510K, capacity 80984K, committed 85376K, reserved 1122304K
  class space    used 10437K, capacity 10926K, committed 11904K, reserved 1048576K
}
Event: 3688.485 GC heap before
{Heap before GC invocations=258 (full 95):
 garbage-first heap   total 237568K, used 133195K [0x0000000700000000, 0x0000000700100740, 0x00000007c0000000)
  region size 1024K, 60 young (61440K), 1 survivors (1024K)
 Metaspace       used 78528K, capacity 80984K, committed 85376K, reserved 1122304K
  class space    used 10437K, capacity 10926K, committed 11904K, reserved 1048576K
}
Event: 3688.488 GC heap after
{Heap after GC invocations=259 (full 95):
 garbage-first heap   total 237568K, used 72879K [0x0000000700000000, 0x0000000700100740, 0x00000007c0000000)
  region size 1024K, 1 young (1024K), 1 survivors (1024K)
 Metaspace       used 78528K, capacity 80984K, committed 85376K, reserved 1122304K
  class space    used 10437K, capacity 10926K, committed 11904K, reserved 1048576K
}
Event: 3688.634 GC heap before
{Heap before GC invocations=259 (full 95):
 garbage-first heap   total 237568K, used 133295K [0x0000000700000000, 0x0000000700100740, 0x00000007c0000000)
  region size 1024K, 60 young (61440K), 1 survivors (1024K)
 Metaspace       used 78530K, capacity 80984K, committed 85376K, reserved 1122304K
  class space    used 10437K, capacity 10926K, committed 11904K, reserved 1048576K
}
Event: 3688.638 GC heap after
{Heap after GC invocations=260 (full 95):
 garbage-first heap   total 237568K, used 72846K [0x0000000700000000, 0x0000000700100740, 0x00000007c0000000)
  region size 1024K, 1 young (1024K), 1 survivors (1024K)
 Metaspace       used 78530K, capacity 80984K, committed 85376K, reserved 1122304K
  class space    used 10437K, capacity 10926K, committed 11904K, reserved 1048576K
}
Event: 3690.364 GC heap before
{Heap before GC invocations=260 (full 95):
 garbage-first heap   total 237568K, used 133262K [0x0000000700000000, 0x0000000700100740, 0x00000007c0000000)
  region size 1024K, 60 young (61440K), 1 survivors (1024K)
 Metaspace       used 78581K, capacity 81048K, committed 85376K, reserved 1122304K
  class space    used 10437K, capacity 10926K, committed 11904K, reserved 1048576K
}
Event: 3690.368 GC heap after
{Heap after GC invocations=261 (full 95):
 garbage-first heap   total 237568K, used 72927K [0x0000000700000000, 0x0000000700100740, 0x00000007c0000000)
  region size 1024K, 1 young (1024K), 1 survivors (1024K)
 Metaspace       used 78581K, capacity 81048K, committed 85376K, reserved 1122304K
  class space    used 10437K, capacity 10926K, committed 11904K, reserved 1048576K
}

Deoptimization events (10 events):
Event: 3632.999 Thread 0x000001d02b895800 Uncommon trap: reason=unstable_if action=reinterpret pc=0x000001d0183b1230 method=ui.views.V.a.bo.paintFolding(Ljava/awt/Graphics;Lcom/jidesoft/editor/folding/FoldingSpan;I)V @ 224 c2
Event: 3636.915 Thread 0x000001d02b895800 Uncommon trap: reason=class_check action=maybe_recompile pc=0x000001d018208b5c method=sun.java2d.SunGraphics2D.setComposite(Ljava/awt/Composite;)V @ 10 c2
Event: 3636.915 Thread 0x000001d02b895800 Uncommon trap: reason=class_check action=maybe_recompile pc=0x000001d018208b5c method=sun.java2d.SunGraphics2D.setComposite(Ljava/awt/Composite;)V @ 10 c2
Event: 3636.915 Thread 0x000001d02b895800 Uncommon trap: reason=class_check action=maybe_recompile pc=0x000001d017d1fa5c method=sun.java2d.SunGraphics2D.drawChars([CIIII)V @ 106 c2
Event: 3638.091 Thread 0x000001d02b895800 Uncommon trap: reason=class_check action=maybe_recompile pc=0x000001d017d1fa5c method=sun.java2d.SunGraphics2D.drawChars([CIIII)V @ 106 c2
Event: 3670.552 Thread 0x000001d00815c000 Uncommon trap: reason=class_check action=maybe_recompile pc=0x000001d0183d9880 method=sun.java2d.Disposer.run()V @ 21 c2
Event: 3670.585 Thread 0x000001d02b895800 Uncommon trap: reason=class_check action=maybe_recompile pc=0x000001d017791f60 method=java.util.HashMap.removeNode(ILjava/lang/Object;Ljava/lang/Object;ZZ)Ljava/util/HashMap$Node; @ 68 c2
Event: 3689.412 Thread 0x000001d02b895800 Uncommon trap: reason=class_check action=maybe_recompile pc=0x000001d01811cf2c method=com.jidesoft.swing.JideSwingUtilities.getButtonState(Ljavax/swing/AbstractButton;)I @ 37 c2
Event: 3689.412 Thread 0x000001d02b895800 Uncommon trap: reason=class_check action=maybe_recompile pc=0x000001d0181e03ac method=com.jidesoft.plaf.basic.BasicJideButtonUI.getIcon(Ljavax/swing/AbstractButton;)Ljavax/swing/Icon; @ 91 c2
Event: 3689.525 Thread 0x000001d02b895800 Uncommon trap: reason=class_check action=maybe_recompile pc=0x000001d01800dbd0 method=javax.swing.AbstractButton.setEnabled(Z)V @ 21 c2

Classes redefined (0 events):
No events

Internal exceptions (10 events):
Event: 3186.893 Thread 0x000001d02b895800 Implicit null exception at 0x000001d017afcae2 to 0x000001d017afd369
Event: 3187.229 Thread 0x000001d02b895800 Implicit null exception at 0x000001d017771bd4 to 0x000001d017771d4d
Event: 3250.972 Thread 0x000001d02b895800 Exception <a 'java/lang/NoSuchMethodError'{0x000000070950d040}: java.lang.invoke.DelegatingMethodHandle$Holder.reinvoke_L(Ljava/lang/Object;IIILjava/lang/Object;II)Ljava/lang/Object;> (0x000000070950d040) thrown at [t:/workspace/hotspot/src/share/vm/inter
Event: 3309.757 Thread 0x000001d008048800 Implicit null exception at 0x000001d017d2c08c to 0x000001d017d2c119
Event: 3311.683 Thread 0x000001d039739800 Implicit null exception at 0x000001d017852f4d to 0x000001d0178534c5
Event: 3313.273 Thread 0x000001d02b895800 Exception <a 'java/awt/IllegalComponentStateException'{0x000000070ddf34c0}> (0x000000070ddf34c0) thrown at [t:/workspace/hotspot/src/share/vm/prims/jvm.cpp, line 1314]
Event: 3316.995 Thread 0x000001d02b895800 Exception <a 'java/lang/NoSuchMethodError'{0x000000070dab4350}: java.lang.invoke.DelegatingMethodHandle$Holder.reinvoke_L(Ljava/lang/Object;IILjava/lang/Object;Ljava/lang/Object;Ljava/lang/Object;)Ljava/lang/Object;> (0x000000070dab4350) thrown at [t:/wor
Event: 3317.010 Thread 0x000001d02b895800 Exception <a 'java/lang/NoSuchMethodError'{0x000000070d95ba78}: java.lang.invoke.DelegatingMethodHandle$Holder.reinvoke_L(Ljava/lang/Object;IILjava/lang/Object;Ljava/lang/Object;I)Ljava/lang/Object;> (0x000000070d95ba78) thrown at [t:/workspace/hotspot/sr
Event: 3322.990 Thread 0x000001d02b895800 Exception <a 'java/lang/NoSuchMethodError'{0x000000070ce68b10}: method resolution failed> (0x000000070ce68b10) thrown at [t:/workspace/hotspot/src/share/vm/prims/methodHandles.cpp, line 1256]
Event: 3332.807 Thread 0x000001d03973c800 Exception <a 'java/lang/InterruptedException'{0x000000070e610b10}: sleep interrupted> (0x000000070e610b10) thrown at [t:/workspace/hotspot/src/share/vm/prims/jvm.cpp, line 3023]

Events (10 events):
Event: 3689.495 Executing VM operation: RevokeBias done
Event: 3689.496 Executing VM operation: RevokeBias
Event: 3689.496 Executing VM operation: RevokeBias done
Event: 3689.525 Thread 0x000001d02b895800 Uncommon trap: trap_request=0xffffffde fr.pc=0x000001d01800dbd0 relative=0x0000000000000110
Event: 3689.525 Thread 0x000001d02b895800 DEOPT PACKING pc=0x000001d01800dbd0 sp=0x00000024ffbf7080
Event: 3689.525 Thread 0x000001d02b895800 DEOPT UNPACKING pc=0x000001d00f75df29 sp=0x00000024ffbf6fb0 mode 2
Event: 3690.137 Thread 0x000001d03973f800 Thread added: 0x000001d03973f800
Event: 3690.138 Thread 0x000001d03973f800 Thread exited: 0x000001d03973f800
Event: 3690.364 Executing VM operation: G1IncCollectionPause
Event: 3690.368 Executing VM operation: G1IncCollectionPause done


Dynamic libraries:
0x00007ff6d9600000 - 0x00007ff6d9630000 	C:\Xilinx\Vivado\2018.3\bin\unwrapped\win64.o\vivado.exe
0x00007ffb5fd10000 - 0x00007ffb5ff27000 	C:\WINDOWS\SYSTEM32\ntdll.dll
0x00007ffb5da50000 - 0x00007ffb5db14000 	C:\WINDOWS\System32\KERNEL32.DLL
0x00007ffb5d0d0000 - 0x00007ffb5d47d000 	C:\WINDOWS\System32\KERNELBASE.dll
0x00007ffb5d7b0000 - 0x00007ffb5d8c1000 	C:\WINDOWS\System32\ucrtbase.dll
0x00007ffb58400000 - 0x00007ffb58414000 	C:\Xilinx\Vivado\2018.3\lib\win64.o\libboost_signals.dll
0x00007ffb2c5a0000 - 0x00007ffb2c62d000 	C:\WINDOWS\SYSTEM32\MSVCP140.dll
0x00007ffb57c80000 - 0x00007ffb57c94000 	C:\Xilinx\Vivado\2018.3\lib\win64.o\librdi_commonmain.dll
0x00007ffaecc30000 - 0x00007ffaedac4000 	C:\Xilinx\Vivado\2018.3\lib\win64.o\librdi_common.dll
0x00007ffb58d70000 - 0x00007ffb58d8e000 	C:\WINDOWS\SYSTEM32\VCRUNTIME140.dll
0x00007ffb5efb0000 - 0x00007ffb5f15e000 	C:\WINDOWS\System32\USER32.dll
0x00007ffb5d8d0000 - 0x00007ffb5d8f6000 	C:\WINDOWS\System32\win32u.dll
0x00007ffb59ae0000 - 0x00007ffb59aec000 	C:\WINDOWS\SYSTEM32\VCRUNTIME140_1.dll
0x00007ffb5f450000 - 0x00007ffb5f479000 	C:\WINDOWS\System32\GDI32.dll
0x00007ffb42ca0000 - 0x00007ffb42cc6000 	C:\Xilinx\Vivado\2018.3\lib\win64.o\libboost_filesystem.dll
0x00007ffb5d480000 - 0x00007ffb5d599000 	C:\WINDOWS\System32\gdi32full.dll
0x00007ffb58ba0000 - 0x00007ffb58baa000 	C:\Xilinx\Vivado\2018.3\lib\win64.o\librdi_commonversion.dll
0x00007ffb5f990000 - 0x00007ffb5fa42000 	C:\WINDOWS\System32\ADVAPI32.dll
0x00007ffb5d030000 - 0x00007ffb5d0ca000 	C:\WINDOWS\System32\msvcp_win.dll
0x00007ffb5f160000 - 0x00007ffb5f207000 	C:\WINDOWS\System32\msvcrt.dll
0x00007ffb5f210000 - 0x00007ffb5f2b9000 	C:\WINDOWS\System32\sechost.dll
0x00007ffb5e740000 - 0x00007ffb5efa7000 	C:\WINDOWS\System32\SHELL32.dll
0x00007ffb5d780000 - 0x00007ffb5d7a8000 	C:\WINDOWS\System32\bcrypt.dll
0x00007ffb0e050000 - 0x00007ffb0e171000 	C:\Xilinx\Vivado\2018.3\lib\win64.o\librdi_commonxillic.dll
0x0000000069d70000 - 0x0000000069e9b000 	C:\Xilinx\Vivado\2018.3\lib\win64.o\tcl85t.dll
0x00007ffb5fb20000 - 0x00007ffb5fc34000 	C:\WINDOWS\System32\RPCRT4.dll
0x00007ffb5fc50000 - 0x00007ffb5fcc1000 	C:\WINDOWS\System32\WS2_32.dll
0x00007ffaf2d10000 - 0x00007ffaf2fc5000 	C:\Xilinx\Vivado\2018.3\lib\win64.o\libXil_lmgr11.dll
0x00007ffaf4c00000 - 0x00007ffaf4f6e000 	C:\Xilinx\Vivado\2018.3\lib\win64.o\libCOIN-all.dll
0x00007ffb5dbe0000 - 0x00007ffb5dcdf000 	C:\WINDOWS\System32\COMDLG32.dll
0x00007ffb55f70000 - 0x00007ffb55f84000 	C:\Xilinx\Vivado\2018.3\lib\win64.o\libboost_date_time.dll
0x00007ffb5dde0000 - 0x00007ffb5e16d000 	C:\WINDOWS\System32\combase.dll
0x00007ffb5e480000 - 0x00007ffb5e579000 	C:\WINDOWS\System32\shcore.dll
0x00007ffb33570000 - 0x00007ffb335ef000 	C:\Xilinx\Vivado\2018.3\lib\win64.o\libboost_program_options.dll
0x00007ffb0db00000 - 0x00007ffb0dc14000 	C:\Xilinx\Vivado\2018.3\lib\win64.o\libboost_regex.dll
0x00007ffb5dd00000 - 0x00007ffb5dd5e000 	C:\WINDOWS\System32\SHLWAPI.dll
0x00007ffb58b40000 - 0x00007ffb58b4b000 	C:\Xilinx\Vivado\2018.3\lib\win64.o\libboost_system.dll
0x00007ffb41640000 - 0x00007ffb41661000 	C:\Xilinx\Vivado\2018.3\lib\win64.o\libboost_thread.dll
0x00007ffb58aa0000 - 0x00007ffb58aaf000 	C:\Xilinx\Vivado\2018.3\lib\win64.o\libboost_xilinx.dll
0x00007ffb5f2c0000 - 0x00007ffb5f397000 	C:\WINDOWS\System32\OLEAUT32.dll
0x00007ffb29330000 - 0x00007ffb293b2000 	C:\Xilinx\Vivado\2018.3\lib\win64.o\libhdlpsolve.dll
0x00007ffb5e2d0000 - 0x00007ffb5e475000 	C:\WINDOWS\System32\ole32.dll
0x00007ffb5d5a0000 - 0x00007ffb5d60b000 	C:\WINDOWS\System32\WINTRUST.dll
0x00007ffb07290000 - 0x00007ffb07335000 	C:\Xilinx\Vivado\2018.3\lib\win64.o\libhdxml.dll
0x00007ffb5d610000 - 0x00007ffb5d777000 	C:\WINDOWS\System32\CRYPT32.dll
0x00007ffaf0fa0000 - 0x00007ffaf17ee600 	C:\Xilinx\Vivado\2018.3\lib\win64.o\libisl_iostreams.dll
0x00007ffb41610000 - 0x00007ffb4163e000 	C:\Xilinx\Vivado\2018.3\lib\win64.o\libisl_sysinfo.dll
0x00007ffb2b330000 - 0x00007ffb2b395000 	C:\Xilinx\Vivado\2018.3\lib\win64.o\liblmx6.0.dll
0x00007ffb436c0000 - 0x00007ffb436da000 	C:\Xilinx\Vivado\2018.3\lib\win64.o\pthreadVC2.dll
0x00007ffb43710000 - 0x00007ffb4372c000 	C:\Xilinx\Vivado\2018.3\lib\win64.o\librdiconfig.dll
0x00007ffb3e310000 - 0x00007ffb3e331000 	C:\Xilinx\Vivado\2018.3\lib\win64.o\librdizlib.dll
0x0000000012000000 - 0x0000000012272000 	C:\Xilinx\Vivado\2018.3\lib\win64.o\xerces-c_3_1.dll
0x00007ffb38790000 - 0x00007ffb387a9000 	C:\WINDOWS\SYSTEM32\NETAPI32.dll
0x00007ffb4cac0000 - 0x00007ffb4cfbe000 	C:\WINDOWS\SYSTEM32\WININET.dll
0x00007ffb59540000 - 0x00007ffb59676000 	C:\WINDOWS\SYSTEM32\WINHTTP.dll
0x00007ffb33bb0000 - 0x00007ffb33da0000 	C:\WINDOWS\SYSTEM32\urlmon.dll
0x00007ffb37b30000 - 0x00007ffb37b39000 	C:\WINDOWS\SYSTEM32\WSOCK32.dll
0x00007ffb3d3b0000 - 0x00007ffb3d3e0000 	C:\WINDOWS\SYSTEM32\VCOMP140.DLL
0x00007ffae8220000 - 0x00007ffae90b1000 	C:\Xilinx\Vivado\2018.3\lib\win64.o\gurobi65.dll
0x00007ffb39f40000 - 0x00007ffb39ff3000 	C:\WINDOWS\WinSxS\amd64_microsoft.windows.common-controls_6595b64144ccf1df_5.82.22621.3527_none_b43b7f4b638cc64f\COMCTL32.dll
0x00007ffb58590000 - 0x00007ffb5859d000 	C:\Xilinx\Vivado\2018.3\lib\win64.o\libboost_chrono.dll
0x00007ffb59430000 - 0x00007ffb5944f000 	C:\WINDOWS\SYSTEM32\dhcpcsvc.DLL
0x00007ffb416e0000 - 0x00007ffb416fb000 	C:\Xilinx\Vivado\2018.3\lib\win64.o\libboost_iostreams.dll
0x00007ffb3d220000 - 0x00007ffb3d245000 	C:\Xilinx\Vivado\2018.3\lib\win64.o\libisl_iosutils.dll
0x00007ffb42e40000 - 0x00007ffb430fe000 	C:\WINDOWS\SYSTEM32\iertutil.dll
0x00007ffb5bb00000 - 0x00007ffb5bb0c000 	C:\WINDOWS\SYSTEM32\netutils.dll
0x00007ffb38760000 - 0x00007ffb38788000 	C:\WINDOWS\SYSTEM32\srvcli.dll
0x00007ffb5f410000 - 0x00007ffb5f441000 	C:\WINDOWS\System32\IMM32.DLL
0x00007ffb5c980000 - 0x00007ffb5c992000 	C:\WINDOWS\SYSTEM32\MSASN1.dll
0x00007ffb5c110000 - 0x00007ffb5c128000 	C:\WINDOWS\SYSTEM32\kernel.appcore.dll
0x00007ffaf2810000 - 0x00007ffaf2d05000 	C:\Xilinx\Vivado\2018.3\lib\win64.o\librdi_commontasks.dll
0x00007ffb58300000 - 0x00007ffb5830a000 	C:\WINDOWS\SYSTEM32\VERSION.dll
0x00000000687c0000 - 0x00000000691e5000 	C:\Xilinx\Vivado\2018.3\tps\win64\jre9.0.4\bin\server\jvm.dll
0x00007ffb5fc40000 - 0x00007ffb5fc48000 	C:\WINDOWS\System32\PSAPI.DLL
0x00007ffaf5ab0000 - 0x00007ffaf5d2f000 	C:\Xilinx\Vivado\2018.3\lib\win64.o\librdi_sio.dll
0x00007ffb58370000 - 0x00007ffb583a4000 	C:\WINDOWS\SYSTEM32\WINMM.dll
0x00007ffb06bb0000 - 0x00007ffb06c9f000 	C:\WINDOWS\SYSTEM32\MSVCR120.dll
0x00007ffb5bb10000 - 0x00007ffb5bb3d000 	C:\WINDOWS\SYSTEM32\IPHLPAPI.DLL
0x00007ffb5c580000 - 0x00007ffb5c5e9000 	C:\WINDOWS\SYSTEM32\MSWSOCK.DLL
0x00007ffb5af30000 - 0x00007ffb5b82e000 	C:\WINDOWS\SYSTEM32\windows.storage.dll
0x00007ffb5adf0000 - 0x00007ffb5af2f000 	C:\WINDOWS\SYSTEM32\wintypes.dll
0x00007ffae5e50000 - 0x00007ffae8212000 	C:\Xilinx\Vivado\2018.3\lib\win64.o\librdi_tcltasks.dll
0x00007ffaf0bc0000 - 0x00007ffaf0f9c000 	C:\Xilinx\Vivado\2018.3\lib\win64.o\librdi_bitstream.dll
0x00007ffaf5640000 - 0x00007ffaf57f9000 	C:\Xilinx\Vivado\2018.3\lib\win64.o\librdi_chipscopeimpl.dll
0x00007ffafa120000 - 0x00007ffafa29e000 	C:\Xilinx\Vivado\2018.3\lib\win64.o\librdi_board.dll
0x00007ffabd0a0000 - 0x00007ffabe9a5000 	C:\Xilinx\Vivado\2018.3\lib\win64.o\librdi_constraints.dll
0x00007ffb06570000 - 0x00007ffb0664c000 	C:\Xilinx\Vivado\2018.3\lib\win64.o\librdi_chipscope.dll
0x00007ffaeeae0000 - 0x00007ffaef1ba000 	C:\Xilinx\Vivado\2018.3\lib\win64.o\librdi_coregenipxact.dll
0x00007ffab52b0000 - 0x00007ffab90ab000 	C:\Xilinx\Vivado\2018.3\lib\win64.o\librdi_designutils.dll
0x00007ffb00c50000 - 0x00007ffb00d98000 	C:\Xilinx\Vivado\2018.3\lib\win64.o\librdi_containers.dll
0x00007ffaee7c0000 - 0x00007ffaeeadb000 	C:\Xilinx\Vivado\2018.3\lib\win64.o\librdi_dlyest.dll
0x00007ffaec6d0000 - 0x00007ffaecc30000 	C:\Xilinx\Vivado\2018.3\lib\win64.o\librdi_drc.dll
0x00007ffb05fa0000 - 0x00007ffb06062000 	C:\Xilinx\Vivado\2018.3\lib\win64.o\librdi_dsp.dll
0x00007ffae55e0000 - 0x00007ffae5c1f000 	C:\Xilinx\Vivado\2018.3\lib\win64.o\librdi_filemgmt.dll
0x00007ffae5300000 - 0x00007ffae55da000 	C:\Xilinx\Vivado\2018.3\lib\win64.o\librdi_guitools.dll
0x00007ffabb280000 - 0x00007ffabd09f000 	C:\Xilinx\Vivado\2018.3\lib\win64.o\librdi_coregen.dll
0x00007ffab9ee0000 - 0x00007ffabb271000 	C:\Xilinx\Vivado\2018.3\lib\win64.o\librdi_implflow.dll
0x00007ffae4ce0000 - 0x00007ffae52f5000 	C:\Xilinx\Vivado\2018.3\lib\win64.o\librdi_memdata.dll
0x00007ffb0d860000 - 0x00007ffb0d8d1000 	C:\Xilinx\Vivado\2018.3\lib\win64.o\librdi_memoryarray.dll
0x00007ffab1900000 - 0x00007ffab52ac000 	C:\Xilinx\Vivado\2018.3\lib\win64.o\librdi_mig.dll
0x00007ffae3db0000 - 0x00007ffae43eb000 	C:\Xilinx\Vivado\2018.3\lib\win64.o\librdi_netlist.dll
0x00007ffb2d500000 - 0x00007ffb2d550000 	C:\Xilinx\Vivado\2018.3\lib\win64.o\librdi_pfi.dll
0x00007ffaaf3e0000 - 0x00007ffab18f4000 	C:\Xilinx\Vivado\2018.3\lib\win64.o\librdi_place.dll
0x00007ffae3aa0000 - 0x00007ffae3da7000 	C:\Xilinx\Vivado\2018.3\lib\win64.o\librdi_platform.dll
0x00007ffb2cd60000 - 0x00007ffb2cdbd000 	C:\Xilinx\Vivado\2018.3\lib\win64.o\librdi_hdf.dll
0x00007ffb403d0000 - 0x00007ffb4043a000 	C:\Xilinx\Vivado\2018.3\lib\win64.o\librdi_boarddep.dll
0x00007ffadc6c0000 - 0x00007ffadcdb3000 	C:\Xilinx\Vivado\2018.3\lib\win64.o\librdi_psta.dll
0x00007ffae2c30000 - 0x00007ffae3186000 	C:\Xilinx\Vivado\2018.3\lib\win64.o\librdi_project.dll
0x00007ffac00b0000 - 0x00007ffac0789000 	C:\Xilinx\Vivado\2018.3\lib\win64.o\librdi_rsb.dll
0x00007ffae0250000 - 0x00007ffae0627000 	C:\Xilinx\Vivado\2018.3\lib\win64.o\librdi_runs.dll
0x00007ffaf3980000 - 0x00007ffaf3ba8000 	C:\Xilinx\Vivado\2018.3\lib\win64.o\librdi_simdata.dll
0x00007ffaae650000 - 0x00007ffaaf3dd000 	C:\Xilinx\Vivado\2018.3\lib\win64.o\librdi_timing.dll
0x00007ffaff4a0000 - 0x00007ffaff578000 	C:\Xilinx\Vivado\2018.3\lib\win64.o\librdi_runsbase.dll
0x00007ffab97e0000 - 0x00007ffab9ed5000 	C:\Xilinx\Vivado\2018.3\lib\win64.o\librdi_power.dll
0x00007ffb2c550000 - 0x00007ffb2c59c000 	C:\Xilinx\Vivado\2018.3\lib\win64.o\libboost_serialization.dll
0x00007ffa9d8f0000 - 0x00007ffaae642000 	C:\Xilinx\Vivado\2018.3\lib\win64.o\librdi_device.dll
0x00007ffafe540000 - 0x00007ffafe5eb000 	C:\Xilinx\Vivado\2018.3\lib\win64.o\librdi_ipconfig_readwrite.dll
0x00007ffb2c0b0000 - 0x00007ffb2c0e8000 	C:\Xilinx\Vivado\2018.3\lib\win64.o\librdi_noc_frameworks.dll
0x00007ffaf9b30000 - 0x00007ffaf9be8000 	C:\Xilinx\Vivado\2018.3\lib\win64.o\librdi_hip_devdesign.dll
0x00007ffa9cda0000 - 0x00007ffa9d8e7000 	C:\Xilinx\Vivado\2018.3\lib\win64.o\libverific.dll
0x00007ffaf5080000 - 0x00007ffaf51d4000 	C:\Xilinx\Vivado\2018.3\lib\win64.o\librdi_advchipscopeimpl.dll
0x00007ffadfb00000 - 0x00007ffadfeb5000 	C:\Xilinx\Vivado\2018.3\lib\win64.o\librdi_hip_config.dll
0x00007ffb0b640000 - 0x00007ffb0b6de000 	C:\Xilinx\Vivado\2018.3\lib\win64.o\libise.dll
0x00007ffb299b0000 - 0x00007ffb299f9000 	C:\Xilinx\Vivado\2018.3\lib\win64.o\librdi_wavedata_SimpleApi.dll
0x00007ffadf2d0000 - 0x00007ffadf81e000 	C:\Xilinx\Vivado\2018.3\lib\win64.o\librdi_xdm.dll
0x00007ffb23a00000 - 0x00007ffb23a63000 	C:\Xilinx\Vivado\2018.3\lib\win64.o\librdi_hip_mathengine.dll
0x00007ffa9bd90000 - 0x00007ffa9cd92000 	C:\Xilinx\Vivado\2018.3\lib\win64.o\librdi_route.dll
0x00007ffa99e40000 - 0x00007ffa9bd82000 	C:\Xilinx\Vivado\2018.3\lib\win64.o\librdi_synth.dll

VM Arguments:
jvm_args: -Dsun.java2d.pmoffscreen=false -Dsun.java2d.xrender=false -Dsun.java2d.d3d=false -Dsun.awt.nopixfmt=true -Dsun.java2d.dpiaware=true -Dsun.java2d.uiScale.enabled=false -Xverify:none -Dswing.aatext=true -XX:-UsePerfData -Djdk.map.althashing.threshold=512 -XX:StringTableSize=4072 --add-opens=java.base/java.nio=ALL-UNNAMED --add-opens=java.desktop/sun.swing=ALL-UNNAMED --add-opens=java.desktop/javax.swing=ALL-UNNAMED --add-opens=java.desktop/javax.swing.tree=ALL-UNNAMED --add-opens=java.desktop/javax.swing.plaf.basic=ALL-UNNAMED --add-opens=java.desktop/javax.swing.plaf.synth=ALL-UNNAMED --add-opens=java.desktop/com.sun.awt=ALL-UNNAMED -XX:NewSize=60m -XX:MaxNewSize=60m -Xms128m -Xmx3072m -Xss5m 
java_command: <unknown>
java_class_path (initial): C:/Xilinx/Vivado/2018.3\lib\classes\alloy.jar;C:/Xilinx/Vivado/2018.3\lib\classes\autopilot.scelaborator.jar;C:/Xilinx/Vivado/2018.3\lib\classes\autopilot.sourceprocessor.jar;C:/Xilinx/Vivado/2018.3\lib\classes\autopilot.tbprocessor.jar;C:/Xilinx/Vivado/2018.3\lib\classes\batik-anim.jar;C:/Xilinx/Vivado/2018.3\lib\classes\batik-awt-util.jar;C:/Xilinx/Vivado/2018.3\lib\classes\batik-bridge.jar;C:/Xilinx/Vivado/2018.3\lib\classes\batik-codec.jar;C:/Xilinx/Vivado/2018.3\lib\classes\batik-css.jar;C:/Xilinx/Vivado/2018.3\lib\classes\batik-dom.jar;C:/Xilinx/Vivado/2018.3\lib\classes\batik-ext.jar;C:/Xilinx/Vivado/2018.3\lib\classes\batik-gui-util.jar;C:/Xilinx/Vivado/2018.3\lib\classes\batik-gvt.jar;C:/Xilinx/Vivado/2018.3\lib\classes\batik-parser.jar;C:/Xilinx/Vivado/2018.3\lib\classes\batik-script.jar;C:/Xilinx/Vivado/2018.3\lib\classes\batik-svg-dom.jar;C:/Xilinx/Vivado/2018.3\lib\classes\batik-swing.jar;C:/Xilinx/Vivado/2018.3\lib\classes\batik-transcoder.jar;C:/Xilinx/Vivado/2018.3\lib\classes\batik-util.jar;C:/Xilinx/Vivado/2018.3\lib\classes\batik-xml.jar;C:/Xilinx/Vivado/2018.3\lib\classes\com.ibm.icu_4.4.2.v20110208.jar;C:/Xilinx/Vivado/2018.3\lib\classes\commons-collections4-4.1.jar;C:/Xilinx/Vivado/2018.3\lib\classes\commons-math-2.2.jar;C:/Xilinx/Vivado/2018.3\lib\classes\dom4j-1.6.1.jar;C:/Xilinx/Vivado/2018.3\lib\classes\guava-18.0.jar;C:/Xilinx/Vivado/2018.3\lib\classes\help.jar;C:/Xilinx/Vivado/2018.3\lib\classes\hsqldb.jar;C:/Xilinx/Vivado/2018.3\lib\classes\jargs.jar;C:/Xilinx/Vivado/2018.3\lib\classes\jaxb-api-2.3.0.jar;C:/Xilinx/Vivado/2018.3\lib\classes\jh.jar;C:/Xilinx/Vivado/2018.3\lib\classes\jide-action.jar;C:/Xilinx/Vivado/2018.3\lib\classes\jide-charts.jar;C:/Xilinx/Vivado/2018.3\lib\classes\jide-common.jar;C:/Xilinx/Vivado/2018.3\lib\classes\jide-components.jar;C:/Xilinx/Vivado/2018.3\lib\classes\jide-dashboard.jar;C:/Xilinx/Vivado/2018.3\lib\classes\jide-data.jar;C:/Xilinx/Vivado/2018.3\lib\classes\jide-dialogs.jar
Launcher Type: generic

Logging:
Log output configuration:
#0: stdout all=warning uptime,level,tags
#1: stderr all=off uptime,level,tags

Environment Variables:
PATH=C:/Xilinx/Vivado/2018.3/bin;C:/Xilinx/Vivado/2018.3/lib/win64.o;C:/Xilinx/Vivado/2018.3/tps/win64/jre9.0.4/bin/server;C:/Xilinx/Vivado/2018.3/tps/win64/jre9.0.4/bin;C:/Xilinx/SDK/2018.3/bin;C:/Xilinx/Vivado/2018.3/ids_lite/ISE/bin/nt64;C:/Xilinx/Vivado/2018.3/ids_lite/ISE/lib/nt64;C:\windows\system32;C:\windows;C:\windows\System32\Wbem;C:\windows\System32\WindowsPowerShell\v1.0\;C:\windows\System32\OpenSSH\;C:\Program Files (x86)\NVIDIA Corporation\PhysX\Common;C:\MinGW\bin;C:\Program Files\dotnet\;C:\Program Files\NVIDIA Corporation\NVIDIA NvDLISR;C:\Reality\lua;C:\Reality\L2D;C:\Reality\Aseprite(Build)\ninja;C:\Program Files\CMake\bin;C:\Reality\Portable_Git\git-bash;C:\Program Files (x86)\NoteBook FanControl\;C:\Program Files\Git\cmd;C:\Program Files\Go\bin;C:\Program Files\Calibre2\;C:\Program Files\HP\HP One Agent;C:\Program Files (x86)\Windows Kits\10\Windows Performance Toolkit\;C:\Users\jatin\AppData\Local\Programs\Python\Python311\Scripts\;C:\Users\jatin\AppData\Local\Programs\Python\Python311\;C:\Users\jatin\AppData\Local\Microsoft\WindowsApps;C:\Users\jatin\AppData\Local\Programs\Microsoft VS Code\bin;C:\msys64\mingw64\bin;C:\Users\jatin\.dotnet\tools;C:\Program Files\JetBrains\PyCharm Community Edition 2023.1.4\bin;C:\Users\jatin\go\bin;C:/Xilinx/Vivado/2018.3\tps\mingw\6.2.0\win64.o\nt\bin;C:/Xilinx/Vivado/2018.3\tps\mingw\6.2.0\win64.o\nt\libexec\gcc\x86_64-w64-mingw32\6.2.0
USERNAME=jatin
OS=Windows_NT
PROCESSOR_IDENTIFIER=Intel64 Family 6 Model 140 Stepping 1, GenuineIntel



---------------  S Y S T E M  ---------------

OS: Windows 10 , 64 bit Build 22621 (10.0.22621.3958)

CPU:total 8 (initial active 8) (4 cores per cpu, 2 threads per core) family 6 model 140 stepping 1, cmov, cx8, fxsr, mmx, sse, sse2, sse3, ssse3, sse4.1, sse4.2, popcnt, avx, avx2, aes, clmul, erms, 3dnowpref, lzcnt, ht, tsc, tscinvbit, bmi1, bmi2, adx, sha, fma

Memory: 4k page, physical 16517112k(6886596k free), swap 33294328k(20581608k free)

vm_info: Java HotSpot(TM) 64-Bit Server VM (9.0.4+11) for windows-amd64 JRE (9.0.4+11), built on Dec 20 2017 02:18:54 by "mach5one" with MS VC++ 12.0 (VS2013)

END.
